ARM GAS  /tmp/ccaVBkwH.s 			page 1


   1              		.cpu cortex-m3
   2              		.eabi_attribute 20, 1
   3              		.eabi_attribute 21, 1
   4              		.eabi_attribute 23, 3
   5              		.eabi_attribute 24, 1
   6              		.eabi_attribute 25, 1
   7              		.eabi_attribute 26, 1
   8              		.eabi_attribute 30, 1
   9              		.eabi_attribute 34, 1
  10              		.eabi_attribute 18, 4
  11              		.file	"syscalls.c"
  12              		.text
  13              	.Ltext0:
  14              		.cfi_sections	.debug_frame
  15              		.section	.text.initialise_monitor_handles,"ax",%progbits
  16              		.align	1
  17              		.global	initialise_monitor_handles
  18              		.arch armv7-m
  19              		.syntax unified
  20              		.thumb
  21              		.thumb_func
  22              		.fpu softvfp
  24              	initialise_monitor_handles:
  25              	.LFB25:
  26              		.file 1 "Core/Src/syscalls.c"
   1:Core/Src/syscalls.c **** /**
   2:Core/Src/syscalls.c ****  ******************************************************************************
   3:Core/Src/syscalls.c ****  * @file      syscalls.c
   4:Core/Src/syscalls.c ****  * @author    Auto-generated by STM32CubeIDE
   5:Core/Src/syscalls.c ****  * @brief     STM32CubeIDE Minimal System calls file
   6:Core/Src/syscalls.c ****  *
   7:Core/Src/syscalls.c ****  *            For more information about which c-functions
   8:Core/Src/syscalls.c ****  *            need which of these lowlevel functions
   9:Core/Src/syscalls.c ****  *            please consult the Newlib libc-manual
  10:Core/Src/syscalls.c ****  ******************************************************************************
  11:Core/Src/syscalls.c ****  * @attention
  12:Core/Src/syscalls.c ****  *
  13:Core/Src/syscalls.c ****  * Copyright (c) 2022 STMicroelectronics.
  14:Core/Src/syscalls.c ****  * All rights reserved.
  15:Core/Src/syscalls.c ****  *
  16:Core/Src/syscalls.c ****  * This software is licensed under terms that can be found in the LICENSE file
  17:Core/Src/syscalls.c ****  * in the root directory of this software component.
  18:Core/Src/syscalls.c ****  * If no LICENSE file comes with this software, it is provided AS-IS.
  19:Core/Src/syscalls.c ****  *
  20:Core/Src/syscalls.c ****  ******************************************************************************
  21:Core/Src/syscalls.c ****  */
  22:Core/Src/syscalls.c **** 
  23:Core/Src/syscalls.c **** /* Includes */
  24:Core/Src/syscalls.c **** #include <sys/stat.h>
  25:Core/Src/syscalls.c **** #include <stdlib.h>
  26:Core/Src/syscalls.c **** #include <errno.h>
  27:Core/Src/syscalls.c **** #include <stdio.h>
  28:Core/Src/syscalls.c **** #include <signal.h>
  29:Core/Src/syscalls.c **** #include <time.h>
  30:Core/Src/syscalls.c **** #include <sys/time.h>
  31:Core/Src/syscalls.c **** #include <sys/times.h>
  32:Core/Src/syscalls.c **** 
ARM GAS  /tmp/ccaVBkwH.s 			page 2


  33:Core/Src/syscalls.c **** 
  34:Core/Src/syscalls.c **** /* Variables */
  35:Core/Src/syscalls.c **** extern int __io_putchar(int ch) __attribute__((weak));
  36:Core/Src/syscalls.c **** extern int __io_getchar(void) __attribute__((weak));
  37:Core/Src/syscalls.c **** 
  38:Core/Src/syscalls.c **** 
  39:Core/Src/syscalls.c **** char *__env[1] = { 0 };
  40:Core/Src/syscalls.c **** char **environ = __env;
  41:Core/Src/syscalls.c **** 
  42:Core/Src/syscalls.c **** 
  43:Core/Src/syscalls.c **** /* Functions */
  44:Core/Src/syscalls.c **** void initialise_monitor_handles()
  45:Core/Src/syscalls.c **** {
  27              		.loc 1 45 1 view -0
  28              		.cfi_startproc
  29              		@ args = 0, pretend = 0, frame = 0
  30              		@ frame_needed = 0, uses_anonymous_args = 0
  31              		@ link register save eliminated.
  46:Core/Src/syscalls.c **** }
  32              		.loc 1 46 1 view .LVU1
  33 0000 7047     		bx	lr
  34              		.cfi_endproc
  35              	.LFE25:
  37              		.section	.text._getpid,"ax",%progbits
  38              		.align	1
  39              		.global	_getpid
  40              		.syntax unified
  41              		.thumb
  42              		.thumb_func
  43              		.fpu softvfp
  45              	_getpid:
  46              	.LFB26:
  47:Core/Src/syscalls.c **** 
  48:Core/Src/syscalls.c **** int _getpid(void)
  49:Core/Src/syscalls.c **** {
  47              		.loc 1 49 1 view -0
  48              		.cfi_startproc
  49              		@ args = 0, pretend = 0, frame = 0
  50              		@ frame_needed = 0, uses_anonymous_args = 0
  51              		@ link register save eliminated.
  50:Core/Src/syscalls.c **** 	return 1;
  52              		.loc 1 50 2 view .LVU3
  51:Core/Src/syscalls.c **** }
  53              		.loc 1 51 1 is_stmt 0 view .LVU4
  54 0000 0120     		movs	r0, #1
  55 0002 7047     		bx	lr
  56              		.cfi_endproc
  57              	.LFE26:
  59              		.section	.text._kill,"ax",%progbits
  60              		.align	1
  61              		.global	_kill
  62              		.syntax unified
  63              		.thumb
  64              		.thumb_func
  65              		.fpu softvfp
  67              	_kill:
  68              	.LVL0:
ARM GAS  /tmp/ccaVBkwH.s 			page 3


  69              	.LFB27:
  52:Core/Src/syscalls.c **** 
  53:Core/Src/syscalls.c **** int _kill(int pid, int sig)
  54:Core/Src/syscalls.c **** {
  70              		.loc 1 54 1 is_stmt 1 view -0
  71              		.cfi_startproc
  72              		@ args = 0, pretend = 0, frame = 0
  73              		@ frame_needed = 0, uses_anonymous_args = 0
  74              		.loc 1 54 1 is_stmt 0 view .LVU6
  75 0000 08B5     		push	{r3, lr}
  76              	.LCFI0:
  77              		.cfi_def_cfa_offset 8
  78              		.cfi_offset 3, -8
  79              		.cfi_offset 14, -4
  55:Core/Src/syscalls.c **** 	errno = EINVAL;
  80              		.loc 1 55 2 is_stmt 1 view .LVU7
  81 0002 FFF7FEFF 		bl	__errno
  82              	.LVL1:
  83              		.loc 1 55 8 is_stmt 0 view .LVU8
  84 0006 1623     		movs	r3, #22
  85 0008 0360     		str	r3, [r0]
  56:Core/Src/syscalls.c **** 	return -1;
  86              		.loc 1 56 2 is_stmt 1 view .LVU9
  57:Core/Src/syscalls.c **** }
  87              		.loc 1 57 1 is_stmt 0 view .LVU10
  88 000a 4FF0FF30 		mov	r0, #-1
  89 000e 08BD     		pop	{r3, pc}
  90              		.cfi_endproc
  91              	.LFE27:
  93              		.section	.text._exit,"ax",%progbits
  94              		.align	1
  95              		.global	_exit
  96              		.syntax unified
  97              		.thumb
  98              		.thumb_func
  99              		.fpu softvfp
 101              	_exit:
 102              	.LVL2:
 103              	.LFB28:
  58:Core/Src/syscalls.c **** 
  59:Core/Src/syscalls.c **** void _exit (int status)
  60:Core/Src/syscalls.c **** {
 104              		.loc 1 60 1 is_stmt 1 view -0
 105              		.cfi_startproc
 106              		@ Volatile: function does not return.
 107              		@ args = 0, pretend = 0, frame = 0
 108              		@ frame_needed = 0, uses_anonymous_args = 0
 109              		.loc 1 60 1 is_stmt 0 view .LVU12
 110 0000 08B5     		push	{r3, lr}
 111              	.LCFI1:
 112              		.cfi_def_cfa_offset 8
 113              		.cfi_offset 3, -8
 114              		.cfi_offset 14, -4
  61:Core/Src/syscalls.c **** 	_kill(status, -1);
 115              		.loc 1 61 2 is_stmt 1 view .LVU13
 116 0002 4FF0FF31 		mov	r1, #-1
 117 0006 FFF7FEFF 		bl	_kill
ARM GAS  /tmp/ccaVBkwH.s 			page 4


 118              	.LVL3:
 119              	.L6:
  62:Core/Src/syscalls.c **** 	while (1) {}		/* Make sure we hang here */
 120              		.loc 1 62 2 discriminator 1 view .LVU14
 121              		.loc 1 62 13 discriminator 1 view .LVU15
 122              		.loc 1 62 8 discriminator 1 view .LVU16
 123 000a FEE7     		b	.L6
 124              		.cfi_endproc
 125              	.LFE28:
 127              		.section	.text._read,"ax",%progbits
 128              		.align	1
 129              		.weak	_read
 130              		.syntax unified
 131              		.thumb
 132              		.thumb_func
 133              		.fpu softvfp
 135              	_read:
 136              	.LVL4:
 137              	.LFB29:
  63:Core/Src/syscalls.c **** }
  64:Core/Src/syscalls.c **** 
  65:Core/Src/syscalls.c **** __attribute__((weak)) int _read(int file, char *ptr, int len)
  66:Core/Src/syscalls.c **** {
 138              		.loc 1 66 1 view -0
 139              		.cfi_startproc
 140              		@ args = 0, pretend = 0, frame = 0
 141              		@ frame_needed = 0, uses_anonymous_args = 0
 142              		.loc 1 66 1 is_stmt 0 view .LVU18
 143 0000 70B5     		push	{r4, r5, r6, lr}
 144              	.LCFI2:
 145              		.cfi_def_cfa_offset 16
 146              		.cfi_offset 4, -16
 147              		.cfi_offset 5, -12
 148              		.cfi_offset 6, -8
 149              		.cfi_offset 14, -4
 150 0002 0C46     		mov	r4, r1
 151 0004 1646     		mov	r6, r2
  67:Core/Src/syscalls.c **** 	int DataIdx;
 152              		.loc 1 67 2 is_stmt 1 view .LVU19
  68:Core/Src/syscalls.c **** 
  69:Core/Src/syscalls.c **** 	for (DataIdx = 0; DataIdx < len; DataIdx++)
 153              		.loc 1 69 2 view .LVU20
 154              	.LVL5:
 155              		.loc 1 69 15 is_stmt 0 view .LVU21
 156 0006 0025     		movs	r5, #0
 157              		.loc 1 69 2 view .LVU22
 158 0008 06E0     		b	.L9
 159              	.LVL6:
 160              	.L10:
  70:Core/Src/syscalls.c **** 	{
  71:Core/Src/syscalls.c **** 		*ptr++ = __io_getchar();
 161              		.loc 1 71 3 is_stmt 1 discriminator 3 view .LVU23
 162              		.loc 1 71 12 is_stmt 0 discriminator 3 view .LVU24
 163 000a FFF7FEFF 		bl	__io_getchar
 164              	.LVL7:
 165              		.loc 1 71 7 discriminator 3 view .LVU25
 166 000e 2146     		mov	r1, r4
ARM GAS  /tmp/ccaVBkwH.s 			page 5


 167              	.LVL8:
 168              		.loc 1 71 10 discriminator 3 view .LVU26
 169 0010 01F8010B 		strb	r0, [r1], #1
 170              	.LVL9:
  69:Core/Src/syscalls.c **** 	{
 171              		.loc 1 69 35 is_stmt 1 discriminator 3 view .LVU27
  69:Core/Src/syscalls.c **** 	{
 172              		.loc 1 69 42 is_stmt 0 discriminator 3 view .LVU28
 173 0014 0135     		adds	r5, r5, #1
 174              	.LVL10:
 175              		.loc 1 71 7 discriminator 3 view .LVU29
 176 0016 0C46     		mov	r4, r1
 177              	.LVL11:
 178              	.L9:
  69:Core/Src/syscalls.c **** 	{
 179              		.loc 1 69 20 is_stmt 1 discriminator 1 view .LVU30
  69:Core/Src/syscalls.c **** 	{
 180              		.loc 1 69 2 is_stmt 0 discriminator 1 view .LVU31
 181 0018 B542     		cmp	r5, r6
 182 001a F6DB     		blt	.L10
  72:Core/Src/syscalls.c **** 	}
  73:Core/Src/syscalls.c **** 
  74:Core/Src/syscalls.c **** return len;
 183              		.loc 1 74 1 is_stmt 1 view .LVU32
  75:Core/Src/syscalls.c **** }
 184              		.loc 1 75 1 is_stmt 0 view .LVU33
 185 001c 3046     		mov	r0, r6
 186 001e 70BD     		pop	{r4, r5, r6, pc}
 187              		.loc 1 75 1 view .LVU34
 188              		.cfi_endproc
 189              	.LFE29:
 191              		.section	.text._write,"ax",%progbits
 192              		.align	1
 193              		.weak	_write
 194              		.syntax unified
 195              		.thumb
 196              		.thumb_func
 197              		.fpu softvfp
 199              	_write:
 200              	.LVL12:
 201              	.LFB30:
  76:Core/Src/syscalls.c **** 
  77:Core/Src/syscalls.c **** __attribute__((weak)) int _write(int file, char *ptr, int len)
  78:Core/Src/syscalls.c **** {
 202              		.loc 1 78 1 is_stmt 1 view -0
 203              		.cfi_startproc
 204              		@ args = 0, pretend = 0, frame = 0
 205              		@ frame_needed = 0, uses_anonymous_args = 0
 206              		.loc 1 78 1 is_stmt 0 view .LVU36
 207 0000 70B5     		push	{r4, r5, r6, lr}
 208              	.LCFI3:
 209              		.cfi_def_cfa_offset 16
 210              		.cfi_offset 4, -16
 211              		.cfi_offset 5, -12
 212              		.cfi_offset 6, -8
 213              		.cfi_offset 14, -4
 214 0002 0C46     		mov	r4, r1
ARM GAS  /tmp/ccaVBkwH.s 			page 6


 215 0004 1646     		mov	r6, r2
  79:Core/Src/syscalls.c **** 	int DataIdx;
 216              		.loc 1 79 2 is_stmt 1 view .LVU37
  80:Core/Src/syscalls.c **** 
  81:Core/Src/syscalls.c **** 	for (DataIdx = 0; DataIdx < len; DataIdx++)
 217              		.loc 1 81 2 view .LVU38
 218              	.LVL13:
 219              		.loc 1 81 15 is_stmt 0 view .LVU39
 220 0006 0025     		movs	r5, #0
 221              		.loc 1 81 2 view .LVU40
 222 0008 04E0     		b	.L13
 223              	.LVL14:
 224              	.L14:
  82:Core/Src/syscalls.c **** 	{
  83:Core/Src/syscalls.c **** 		__io_putchar(*ptr++);
 225              		.loc 1 83 3 is_stmt 1 discriminator 3 view .LVU41
 226              		.loc 1 83 3 is_stmt 0 discriminator 3 view .LVU42
 227 000a 14F8010B 		ldrb	r0, [r4], #1	@ zero_extendqisi2
 228              	.LVL15:
 229              		.loc 1 83 3 discriminator 3 view .LVU43
 230 000e FFF7FEFF 		bl	__io_putchar
 231              	.LVL16:
  81:Core/Src/syscalls.c **** 	{
 232              		.loc 1 81 35 is_stmt 1 discriminator 3 view .LVU44
  81:Core/Src/syscalls.c **** 	{
 233              		.loc 1 81 42 is_stmt 0 discriminator 3 view .LVU45
 234 0012 0135     		adds	r5, r5, #1
 235              	.LVL17:
 236              	.L13:
  81:Core/Src/syscalls.c **** 	{
 237              		.loc 1 81 20 is_stmt 1 discriminator 1 view .LVU46
  81:Core/Src/syscalls.c **** 	{
 238              		.loc 1 81 2 is_stmt 0 discriminator 1 view .LVU47
 239 0014 B542     		cmp	r5, r6
 240 0016 F8DB     		blt	.L14
  84:Core/Src/syscalls.c **** 	}
  85:Core/Src/syscalls.c **** 	return len;
 241              		.loc 1 85 2 is_stmt 1 view .LVU48
  86:Core/Src/syscalls.c **** }
 242              		.loc 1 86 1 is_stmt 0 view .LVU49
 243 0018 3046     		mov	r0, r6
 244 001a 70BD     		pop	{r4, r5, r6, pc}
 245              		.loc 1 86 1 view .LVU50
 246              		.cfi_endproc
 247              	.LFE30:
 249              		.section	.text._close,"ax",%progbits
 250              		.align	1
 251              		.global	_close
 252              		.syntax unified
 253              		.thumb
 254              		.thumb_func
 255              		.fpu softvfp
 257              	_close:
 258              	.LVL18:
 259              	.LFB31:
  87:Core/Src/syscalls.c **** 
  88:Core/Src/syscalls.c **** int _close(int file)
ARM GAS  /tmp/ccaVBkwH.s 			page 7


  89:Core/Src/syscalls.c **** {
 260              		.loc 1 89 1 is_stmt 1 view -0
 261              		.cfi_startproc
 262              		@ args = 0, pretend = 0, frame = 0
 263              		@ frame_needed = 0, uses_anonymous_args = 0
 264              		@ link register save eliminated.
  90:Core/Src/syscalls.c **** 	return -1;
 265              		.loc 1 90 2 view .LVU52
  91:Core/Src/syscalls.c **** }
 266              		.loc 1 91 1 is_stmt 0 view .LVU53
 267 0000 4FF0FF30 		mov	r0, #-1
 268              	.LVL19:
 269              		.loc 1 91 1 view .LVU54
 270 0004 7047     		bx	lr
 271              		.cfi_endproc
 272              	.LFE31:
 274              		.section	.text._fstat,"ax",%progbits
 275              		.align	1
 276              		.global	_fstat
 277              		.syntax unified
 278              		.thumb
 279              		.thumb_func
 280              		.fpu softvfp
 282              	_fstat:
 283              	.LVL20:
 284              	.LFB32:
  92:Core/Src/syscalls.c **** 
  93:Core/Src/syscalls.c **** 
  94:Core/Src/syscalls.c **** int _fstat(int file, struct stat *st)
  95:Core/Src/syscalls.c **** {
 285              		.loc 1 95 1 is_stmt 1 view -0
 286              		.cfi_startproc
 287              		@ args = 0, pretend = 0, frame = 0
 288              		@ frame_needed = 0, uses_anonymous_args = 0
 289              		@ link register save eliminated.
  96:Core/Src/syscalls.c **** 	st->st_mode = S_IFCHR;
 290              		.loc 1 96 2 view .LVU56
 291              		.loc 1 96 14 is_stmt 0 view .LVU57
 292 0000 4FF40053 		mov	r3, #8192
 293 0004 4B60     		str	r3, [r1, #4]
  97:Core/Src/syscalls.c **** 	return 0;
 294              		.loc 1 97 2 is_stmt 1 view .LVU58
  98:Core/Src/syscalls.c **** }
 295              		.loc 1 98 1 is_stmt 0 view .LVU59
 296 0006 0020     		movs	r0, #0
 297              	.LVL21:
 298              		.loc 1 98 1 view .LVU60
 299 0008 7047     		bx	lr
 300              		.cfi_endproc
 301              	.LFE32:
 303              		.section	.text._isatty,"ax",%progbits
 304              		.align	1
 305              		.global	_isatty
 306              		.syntax unified
 307              		.thumb
 308              		.thumb_func
 309              		.fpu softvfp
ARM GAS  /tmp/ccaVBkwH.s 			page 8


 311              	_isatty:
 312              	.LVL22:
 313              	.LFB33:
  99:Core/Src/syscalls.c **** 
 100:Core/Src/syscalls.c **** int _isatty(int file)
 101:Core/Src/syscalls.c **** {
 314              		.loc 1 101 1 is_stmt 1 view -0
 315              		.cfi_startproc
 316              		@ args = 0, pretend = 0, frame = 0
 317              		@ frame_needed = 0, uses_anonymous_args = 0
 318              		@ link register save eliminated.
 102:Core/Src/syscalls.c **** 	return 1;
 319              		.loc 1 102 2 view .LVU62
 103:Core/Src/syscalls.c **** }
 320              		.loc 1 103 1 is_stmt 0 view .LVU63
 321 0000 0120     		movs	r0, #1
 322              	.LVL23:
 323              		.loc 1 103 1 view .LVU64
 324 0002 7047     		bx	lr
 325              		.cfi_endproc
 326              	.LFE33:
 328              		.section	.text._lseek,"ax",%progbits
 329              		.align	1
 330              		.global	_lseek
 331              		.syntax unified
 332              		.thumb
 333              		.thumb_func
 334              		.fpu softvfp
 336              	_lseek:
 337              	.LVL24:
 338              	.LFB34:
 104:Core/Src/syscalls.c **** 
 105:Core/Src/syscalls.c **** int _lseek(int file, int ptr, int dir)
 106:Core/Src/syscalls.c **** {
 339              		.loc 1 106 1 is_stmt 1 view -0
 340              		.cfi_startproc
 341              		@ args = 0, pretend = 0, frame = 0
 342              		@ frame_needed = 0, uses_anonymous_args = 0
 343              		@ link register save eliminated.
 107:Core/Src/syscalls.c **** 	return 0;
 344              		.loc 1 107 2 view .LVU66
 108:Core/Src/syscalls.c **** }
 345              		.loc 1 108 1 is_stmt 0 view .LVU67
 346 0000 0020     		movs	r0, #0
 347              	.LVL25:
 348              		.loc 1 108 1 view .LVU68
 349 0002 7047     		bx	lr
 350              		.cfi_endproc
 351              	.LFE34:
 353              		.section	.text._open,"ax",%progbits
 354              		.align	1
 355              		.global	_open
 356              		.syntax unified
 357              		.thumb
 358              		.thumb_func
 359              		.fpu softvfp
 361              	_open:
ARM GAS  /tmp/ccaVBkwH.s 			page 9


 362              	.LVL26:
 363              	.LFB35:
 109:Core/Src/syscalls.c **** 
 110:Core/Src/syscalls.c **** int _open(char *path, int flags, ...)
 111:Core/Src/syscalls.c **** {
 364              		.loc 1 111 1 is_stmt 1 view -0
 365              		.cfi_startproc
 366              		@ args = 4, pretend = 12, frame = 0
 367              		@ frame_needed = 0, uses_anonymous_args = 1
 368              		@ link register save eliminated.
 369              		.loc 1 111 1 is_stmt 0 view .LVU70
 370 0000 0EB4     		push	{r1, r2, r3}
 371              	.LCFI4:
 372              		.cfi_def_cfa_offset 12
 373              		.cfi_offset 1, -12
 374              		.cfi_offset 2, -8
 375              		.cfi_offset 3, -4
 112:Core/Src/syscalls.c **** 	/* Pretend like we always fail */
 113:Core/Src/syscalls.c **** 	return -1;
 376              		.loc 1 113 2 is_stmt 1 view .LVU71
 114:Core/Src/syscalls.c **** }
 377              		.loc 1 114 1 is_stmt 0 view .LVU72
 378 0002 4FF0FF30 		mov	r0, #-1
 379              	.LVL27:
 380              		.loc 1 114 1 view .LVU73
 381 0006 03B0     		add	sp, sp, #12
 382              	.LCFI5:
 383              		.cfi_restore 3
 384              		.cfi_restore 2
 385              		.cfi_restore 1
 386              		.cfi_def_cfa_offset 0
 387 0008 7047     		bx	lr
 388              		.cfi_endproc
 389              	.LFE35:
 391              		.section	.text._wait,"ax",%progbits
 392              		.align	1
 393              		.global	_wait
 394              		.syntax unified
 395              		.thumb
 396              		.thumb_func
 397              		.fpu softvfp
 399              	_wait:
 400              	.LVL28:
 401              	.LFB36:
 115:Core/Src/syscalls.c **** 
 116:Core/Src/syscalls.c **** int _wait(int *status)
 117:Core/Src/syscalls.c **** {
 402              		.loc 1 117 1 is_stmt 1 view -0
 403              		.cfi_startproc
 404              		@ args = 0, pretend = 0, frame = 0
 405              		@ frame_needed = 0, uses_anonymous_args = 0
 406              		.loc 1 117 1 is_stmt 0 view .LVU75
 407 0000 08B5     		push	{r3, lr}
 408              	.LCFI6:
 409              		.cfi_def_cfa_offset 8
 410              		.cfi_offset 3, -8
 411              		.cfi_offset 14, -4
ARM GAS  /tmp/ccaVBkwH.s 			page 10


 118:Core/Src/syscalls.c **** 	errno = ECHILD;
 412              		.loc 1 118 2 is_stmt 1 view .LVU76
 413 0002 FFF7FEFF 		bl	__errno
 414              	.LVL29:
 415              		.loc 1 118 8 is_stmt 0 view .LVU77
 416 0006 0A23     		movs	r3, #10
 417 0008 0360     		str	r3, [r0]
 119:Core/Src/syscalls.c **** 	return -1;
 418              		.loc 1 119 2 is_stmt 1 view .LVU78
 120:Core/Src/syscalls.c **** }
 419              		.loc 1 120 1 is_stmt 0 view .LVU79
 420 000a 4FF0FF30 		mov	r0, #-1
 421 000e 08BD     		pop	{r3, pc}
 422              		.cfi_endproc
 423              	.LFE36:
 425              		.section	.text._unlink,"ax",%progbits
 426              		.align	1
 427              		.global	_unlink
 428              		.syntax unified
 429              		.thumb
 430              		.thumb_func
 431              		.fpu softvfp
 433              	_unlink:
 434              	.LVL30:
 435              	.LFB37:
 121:Core/Src/syscalls.c **** 
 122:Core/Src/syscalls.c **** int _unlink(char *name)
 123:Core/Src/syscalls.c **** {
 436              		.loc 1 123 1 is_stmt 1 view -0
 437              		.cfi_startproc
 438              		@ args = 0, pretend = 0, frame = 0
 439              		@ frame_needed = 0, uses_anonymous_args = 0
 440              		.loc 1 123 1 is_stmt 0 view .LVU81
 441 0000 08B5     		push	{r3, lr}
 442              	.LCFI7:
 443              		.cfi_def_cfa_offset 8
 444              		.cfi_offset 3, -8
 445              		.cfi_offset 14, -4
 124:Core/Src/syscalls.c **** 	errno = ENOENT;
 446              		.loc 1 124 2 is_stmt 1 view .LVU82
 447 0002 FFF7FEFF 		bl	__errno
 448              	.LVL31:
 449              		.loc 1 124 8 is_stmt 0 view .LVU83
 450 0006 0223     		movs	r3, #2
 451 0008 0360     		str	r3, [r0]
 125:Core/Src/syscalls.c **** 	return -1;
 452              		.loc 1 125 2 is_stmt 1 view .LVU84
 126:Core/Src/syscalls.c **** }
 453              		.loc 1 126 1 is_stmt 0 view .LVU85
 454 000a 4FF0FF30 		mov	r0, #-1
 455 000e 08BD     		pop	{r3, pc}
 456              		.cfi_endproc
 457              	.LFE37:
 459              		.section	.text._times,"ax",%progbits
 460              		.align	1
 461              		.global	_times
 462              		.syntax unified
ARM GAS  /tmp/ccaVBkwH.s 			page 11


 463              		.thumb
 464              		.thumb_func
 465              		.fpu softvfp
 467              	_times:
 468              	.LVL32:
 469              	.LFB38:
 127:Core/Src/syscalls.c **** 
 128:Core/Src/syscalls.c **** int _times(struct tms *buf)
 129:Core/Src/syscalls.c **** {
 470              		.loc 1 129 1 is_stmt 1 view -0
 471              		.cfi_startproc
 472              		@ args = 0, pretend = 0, frame = 0
 473              		@ frame_needed = 0, uses_anonymous_args = 0
 474              		@ link register save eliminated.
 130:Core/Src/syscalls.c **** 	return -1;
 475              		.loc 1 130 2 view .LVU87
 131:Core/Src/syscalls.c **** }
 476              		.loc 1 131 1 is_stmt 0 view .LVU88
 477 0000 4FF0FF30 		mov	r0, #-1
 478              	.LVL33:
 479              		.loc 1 131 1 view .LVU89
 480 0004 7047     		bx	lr
 481              		.cfi_endproc
 482              	.LFE38:
 484              		.section	.text._stat,"ax",%progbits
 485              		.align	1
 486              		.global	_stat
 487              		.syntax unified
 488              		.thumb
 489              		.thumb_func
 490              		.fpu softvfp
 492              	_stat:
 493              	.LVL34:
 494              	.LFB39:
 132:Core/Src/syscalls.c **** 
 133:Core/Src/syscalls.c **** int _stat(char *file, struct stat *st)
 134:Core/Src/syscalls.c **** {
 495              		.loc 1 134 1 is_stmt 1 view -0
 496              		.cfi_startproc
 497              		@ args = 0, pretend = 0, frame = 0
 498              		@ frame_needed = 0, uses_anonymous_args = 0
 499              		@ link register save eliminated.
 135:Core/Src/syscalls.c **** 	st->st_mode = S_IFCHR;
 500              		.loc 1 135 2 view .LVU91
 501              		.loc 1 135 14 is_stmt 0 view .LVU92
 502 0000 4FF40053 		mov	r3, #8192
 503 0004 4B60     		str	r3, [r1, #4]
 136:Core/Src/syscalls.c **** 	return 0;
 504              		.loc 1 136 2 is_stmt 1 view .LVU93
 137:Core/Src/syscalls.c **** }
 505              		.loc 1 137 1 is_stmt 0 view .LVU94
 506 0006 0020     		movs	r0, #0
 507              	.LVL35:
 508              		.loc 1 137 1 view .LVU95
 509 0008 7047     		bx	lr
 510              		.cfi_endproc
 511              	.LFE39:
ARM GAS  /tmp/ccaVBkwH.s 			page 12


 513              		.section	.text._link,"ax",%progbits
 514              		.align	1
 515              		.global	_link
 516              		.syntax unified
 517              		.thumb
 518              		.thumb_func
 519              		.fpu softvfp
 521              	_link:
 522              	.LVL36:
 523              	.LFB40:
 138:Core/Src/syscalls.c **** 
 139:Core/Src/syscalls.c **** int _link(char *old, char *new)
 140:Core/Src/syscalls.c **** {
 524              		.loc 1 140 1 is_stmt 1 view -0
 525              		.cfi_startproc
 526              		@ args = 0, pretend = 0, frame = 0
 527              		@ frame_needed = 0, uses_anonymous_args = 0
 528              		.loc 1 140 1 is_stmt 0 view .LVU97
 529 0000 08B5     		push	{r3, lr}
 530              	.LCFI8:
 531              		.cfi_def_cfa_offset 8
 532              		.cfi_offset 3, -8
 533              		.cfi_offset 14, -4
 141:Core/Src/syscalls.c **** 	errno = EMLINK;
 534              		.loc 1 141 2 is_stmt 1 view .LVU98
 535 0002 FFF7FEFF 		bl	__errno
 536              	.LVL37:
 537              		.loc 1 141 8 is_stmt 0 view .LVU99
 538 0006 1F23     		movs	r3, #31
 539 0008 0360     		str	r3, [r0]
 142:Core/Src/syscalls.c **** 	return -1;
 540              		.loc 1 142 2 is_stmt 1 view .LVU100
 143:Core/Src/syscalls.c **** }
 541              		.loc 1 143 1 is_stmt 0 view .LVU101
 542 000a 4FF0FF30 		mov	r0, #-1
 543 000e 08BD     		pop	{r3, pc}
 544              		.cfi_endproc
 545              	.LFE40:
 547              		.section	.text._fork,"ax",%progbits
 548              		.align	1
 549              		.global	_fork
 550              		.syntax unified
 551              		.thumb
 552              		.thumb_func
 553              		.fpu softvfp
 555              	_fork:
 556              	.LFB41:
 144:Core/Src/syscalls.c **** 
 145:Core/Src/syscalls.c **** int _fork(void)
 146:Core/Src/syscalls.c **** {
 557              		.loc 1 146 1 is_stmt 1 view -0
 558              		.cfi_startproc
 559              		@ args = 0, pretend = 0, frame = 0
 560              		@ frame_needed = 0, uses_anonymous_args = 0
 561 0000 08B5     		push	{r3, lr}
 562              	.LCFI9:
 563              		.cfi_def_cfa_offset 8
ARM GAS  /tmp/ccaVBkwH.s 			page 13


 564              		.cfi_offset 3, -8
 565              		.cfi_offset 14, -4
 147:Core/Src/syscalls.c **** 	errno = EAGAIN;
 566              		.loc 1 147 2 view .LVU103
 567 0002 FFF7FEFF 		bl	__errno
 568              	.LVL38:
 569              		.loc 1 147 8 is_stmt 0 view .LVU104
 570 0006 0B23     		movs	r3, #11
 571 0008 0360     		str	r3, [r0]
 148:Core/Src/syscalls.c **** 	return -1;
 572              		.loc 1 148 2 is_stmt 1 view .LVU105
 149:Core/Src/syscalls.c **** }
 573              		.loc 1 149 1 is_stmt 0 view .LVU106
 574 000a 4FF0FF30 		mov	r0, #-1
 575 000e 08BD     		pop	{r3, pc}
 576              		.cfi_endproc
 577              	.LFE41:
 579              		.section	.text._execve,"ax",%progbits
 580              		.align	1
 581              		.global	_execve
 582              		.syntax unified
 583              		.thumb
 584              		.thumb_func
 585              		.fpu softvfp
 587              	_execve:
 588              	.LVL39:
 589              	.LFB42:
 150:Core/Src/syscalls.c **** 
 151:Core/Src/syscalls.c **** int _execve(char *name, char **argv, char **env)
 152:Core/Src/syscalls.c **** {
 590              		.loc 1 152 1 is_stmt 1 view -0
 591              		.cfi_startproc
 592              		@ args = 0, pretend = 0, frame = 0
 593              		@ frame_needed = 0, uses_anonymous_args = 0
 594              		.loc 1 152 1 is_stmt 0 view .LVU108
 595 0000 08B5     		push	{r3, lr}
 596              	.LCFI10:
 597              		.cfi_def_cfa_offset 8
 598              		.cfi_offset 3, -8
 599              		.cfi_offset 14, -4
 153:Core/Src/syscalls.c **** 	errno = ENOMEM;
 600              		.loc 1 153 2 is_stmt 1 view .LVU109
 601 0002 FFF7FEFF 		bl	__errno
 602              	.LVL40:
 603              		.loc 1 153 8 is_stmt 0 view .LVU110
 604 0006 0C23     		movs	r3, #12
 605 0008 0360     		str	r3, [r0]
 154:Core/Src/syscalls.c **** 	return -1;
 606              		.loc 1 154 2 is_stmt 1 view .LVU111
 155:Core/Src/syscalls.c **** }
 607              		.loc 1 155 1 is_stmt 0 view .LVU112
 608 000a 4FF0FF30 		mov	r0, #-1
 609 000e 08BD     		pop	{r3, pc}
 610              		.cfi_endproc
 611              	.LFE42:
 613              		.global	environ
 614              		.global	__env
ARM GAS  /tmp/ccaVBkwH.s 			page 14


 615              		.section	.bss.__env,"aw",%nobits
 616              		.align	2
 619              	__env:
 620 0000 00000000 		.space	4
 621              		.section	.data.environ,"aw"
 622              		.align	2
 625              	environ:
 626 0000 00000000 		.word	__env
 627              		.weak	__io_putchar
 628              		.weak	__io_getchar
 629              		.text
 630              	.Letext0:
 631              		.file 2 "/usr/include/newlib/machine/_default_types.h"
 632              		.file 3 "/usr/include/newlib/sys/_types.h"
 633              		.file 4 "/usr/include/newlib/sys/_timeval.h"
 634              		.file 5 "/usr/include/newlib/sys/_timespec.h"
 635              		.file 6 "/usr/include/newlib/sys/types.h"
 636              		.file 7 "/usr/include/newlib/sys/stat.h"
 637              		.file 8 "/usr/include/newlib/sys/times.h"
 638              		.file 9 "/usr/include/newlib/sys/errno.h"
ARM GAS  /tmp/ccaVBkwH.s 			page 15


DEFINED SYMBOLS
                            *ABS*:0000000000000000 syscalls.c
     /tmp/ccaVBkwH.s:16     .text.initialise_monitor_handles:0000000000000000 $t
     /tmp/ccaVBkwH.s:24     .text.initialise_monitor_handles:0000000000000000 initialise_monitor_handles
     /tmp/ccaVBkwH.s:38     .text._getpid:0000000000000000 $t
     /tmp/ccaVBkwH.s:45     .text._getpid:0000000000000000 _getpid
     /tmp/ccaVBkwH.s:60     .text._kill:0000000000000000 $t
     /tmp/ccaVBkwH.s:67     .text._kill:0000000000000000 _kill
     /tmp/ccaVBkwH.s:94     .text._exit:0000000000000000 $t
     /tmp/ccaVBkwH.s:101    .text._exit:0000000000000000 _exit
     /tmp/ccaVBkwH.s:128    .text._read:0000000000000000 $t
     /tmp/ccaVBkwH.s:135    .text._read:0000000000000000 _read
     /tmp/ccaVBkwH.s:192    .text._write:0000000000000000 $t
     /tmp/ccaVBkwH.s:199    .text._write:0000000000000000 _write
     /tmp/ccaVBkwH.s:250    .text._close:0000000000000000 $t
     /tmp/ccaVBkwH.s:257    .text._close:0000000000000000 _close
     /tmp/ccaVBkwH.s:275    .text._fstat:0000000000000000 $t
     /tmp/ccaVBkwH.s:282    .text._fstat:0000000000000000 _fstat
     /tmp/ccaVBkwH.s:304    .text._isatty:0000000000000000 $t
     /tmp/ccaVBkwH.s:311    .text._isatty:0000000000000000 _isatty
     /tmp/ccaVBkwH.s:329    .text._lseek:0000000000000000 $t
     /tmp/ccaVBkwH.s:336    .text._lseek:0000000000000000 _lseek
     /tmp/ccaVBkwH.s:354    .text._open:0000000000000000 $t
     /tmp/ccaVBkwH.s:361    .text._open:0000000000000000 _open
     /tmp/ccaVBkwH.s:392    .text._wait:0000000000000000 $t
     /tmp/ccaVBkwH.s:399    .text._wait:0000000000000000 _wait
     /tmp/ccaVBkwH.s:426    .text._unlink:0000000000000000 $t
     /tmp/ccaVBkwH.s:433    .text._unlink:0000000000000000 _unlink
     /tmp/ccaVBkwH.s:460    .text._times:0000000000000000 $t
     /tmp/ccaVBkwH.s:467    .text._times:0000000000000000 _times
     /tmp/ccaVBkwH.s:485    .text._stat:0000000000000000 $t
     /tmp/ccaVBkwH.s:492    .text._stat:0000000000000000 _stat
     /tmp/ccaVBkwH.s:514    .text._link:0000000000000000 $t
     /tmp/ccaVBkwH.s:521    .text._link:0000000000000000 _link
     /tmp/ccaVBkwH.s:548    .text._fork:0000000000000000 $t
     /tmp/ccaVBkwH.s:555    .text._fork:0000000000000000 _fork
     /tmp/ccaVBkwH.s:580    .text._execve:0000000000000000 $t
     /tmp/ccaVBkwH.s:587    .text._execve:0000000000000000 _execve
     /tmp/ccaVBkwH.s:625    .data.environ:0000000000000000 environ
     /tmp/ccaVBkwH.s:619    .bss.__env:0000000000000000 __env
     /tmp/ccaVBkwH.s:616    .bss.__env:0000000000000000 $d
     /tmp/ccaVBkwH.s:622    .data.environ:0000000000000000 $d

UNDEFINED SYMBOLS
__errno
__io_getchar
__io_putchar
