ARM GAS  /tmp/ccJKKM7l.s 			page 1


   1              		.cpu cortex-m3
   2              		.eabi_attribute 20, 1
   3              		.eabi_attribute 21, 1
   4              		.eabi_attribute 23, 3
   5              		.eabi_attribute 24, 1
   6              		.eabi_attribute 25, 1
   7              		.eabi_attribute 26, 1
   8              		.eabi_attribute 30, 1
   9              		.eabi_attribute 34, 1
  10              		.eabi_attribute 18, 4
  11              		.file	"mpu_9250.c"
  12              		.text
  13              	.Ltext0:
  14              		.cfi_sections	.debug_frame
  15              		.global	__aeabi_i2d
  16              		.global	__aeabi_dmul
  17              		.global	__aeabi_dadd
  18              		.global	__aeabi_d2f
  19              		.section	.text.MPU_9250_Init,"ax",%progbits
  20              		.align	1
  21              		.global	MPU_9250_Init
  22              		.arch armv7-m
  23              		.syntax unified
  24              		.thumb
  25              		.thumb_func
  26              		.fpu softvfp
  28              	MPU_9250_Init:
  29              	.LFB65:
  30              		.file 1 "Core/Src/mpu_9250.c"
   1:Core/Src/mpu_9250.c **** #include "mpu_9250.h"
   2:Core/Src/mpu_9250.c **** #include "i2c.h"
   3:Core/Src/mpu_9250.c **** 
   4:Core/Src/mpu_9250.c **** void MPU_9250_Init(void){
  31              		.loc 1 4 25 view -0
  32              		.cfi_startproc
  33              		@ args = 0, pretend = 0, frame = 8
  34              		@ frame_needed = 0, uses_anonymous_args = 0
  35 0000 2DE9F043 		push	{r4, r5, r6, r7, r8, r9, lr}
  36              	.LCFI0:
  37              		.cfi_def_cfa_offset 28
  38              		.cfi_offset 4, -28
  39              		.cfi_offset 5, -24
  40              		.cfi_offset 6, -20
  41              		.cfi_offset 7, -16
  42              		.cfi_offset 8, -12
  43              		.cfi_offset 9, -8
  44              		.cfi_offset 14, -4
  45 0004 87B0     		sub	sp, sp, #28
  46              	.LCFI1:
  47              		.cfi_def_cfa_offset 56
   5:Core/Src/mpu_9250.c **** 	uint8_t tmp = 0;
  48              		.loc 1 5 2 view .LVU1
  49              		.loc 1 5 10 is_stmt 0 view .LVU2
  50 0006 4FF00008 		mov	r8, #0
  51 000a 8DF81780 		strb	r8, [sp, #23]
   6:Core/Src/mpu_9250.c **** 	uint8_t buffer[3];
  52              		.loc 1 6 2 is_stmt 1 view .LVU3
ARM GAS  /tmp/ccJKKM7l.s 			page 2


   7:Core/Src/mpu_9250.c **** 
   8:Core/Src/mpu_9250.c **** 	// user_ctrl, signal reset
   9:Core/Src/mpu_9250.c **** 	tmp = 0x01;
  53              		.loc 1 9 2 view .LVU4
  54              		.loc 1 9 6 is_stmt 0 view .LVU5
  55 000e 0124     		movs	r4, #1
  56 0010 8DF81740 		strb	r4, [sp, #23]
  10:Core/Src/mpu_9250.c **** 	HAL_I2C_Mem_Write(&hi2c1, MPU9250_SLAVE_ADDRESS, 0x6A, I2C_MEMADD_SIZE_8BIT, &tmp, 0x1, 1000);
  57              		.loc 1 10 2 is_stmt 1 view .LVU6
  58 0014 9C4D     		ldr	r5, .L18
  59 0016 4FF47A76 		mov	r6, #1000
  60 001a 0296     		str	r6, [sp, #8]
  61 001c 0194     		str	r4, [sp, #4]
  62 001e 0DF11707 		add	r7, sp, #23
  63 0022 0097     		str	r7, [sp]
  64 0024 2346     		mov	r3, r4
  65 0026 6A22     		movs	r2, #106
  66 0028 D021     		movs	r1, #208
  67 002a 2846     		mov	r0, r5
  68 002c FFF7FEFF 		bl	HAL_I2C_Mem_Write
  69              	.LVL0:
  11:Core/Src/mpu_9250.c **** 	HAL_Delay(5);
  70              		.loc 1 11 2 view .LVU7
  71 0030 0520     		movs	r0, #5
  72 0032 FFF7FEFF 		bl	HAL_Delay
  73              	.LVL1:
  12:Core/Src/mpu_9250.c **** 
  13:Core/Src/mpu_9250.c **** 	// WHO_AM_I
  14:Core/Src/mpu_9250.c **** 	HAL_I2C_Mem_Read(&hi2c1, MPU9250_SLAVE_ADDRESS, 0x75, I2C_MEMADD_SIZE_8BIT, &tmp, 0x1, 1000);
  74              		.loc 1 14 2 view .LVU8
  75 0036 0296     		str	r6, [sp, #8]
  76 0038 0194     		str	r4, [sp, #4]
  77 003a 0097     		str	r7, [sp]
  78 003c 2346     		mov	r3, r4
  79 003e 7522     		movs	r2, #117
  80 0040 D021     		movs	r1, #208
  81 0042 2846     		mov	r0, r5
  82 0044 FFF7FEFF 		bl	HAL_I2C_Mem_Read
  83              	.LVL2:
  15:Core/Src/mpu_9250.c **** 	HAL_Delay(5);
  84              		.loc 1 15 2 view .LVU9
  85 0048 0520     		movs	r0, #5
  86 004a FFF7FEFF 		bl	HAL_Delay
  87              	.LVL3:
  16:Core/Src/mpu_9250.c **** 
  17:Core/Src/mpu_9250.c **** 	// pwr_mgmt_1, clock source config
  18:Core/Src/mpu_9250.c **** 	tmp = 0x01;
  88              		.loc 1 18 2 view .LVU10
  89              		.loc 1 18 6 is_stmt 0 view .LVU11
  90 004e 8DF81740 		strb	r4, [sp, #23]
  19:Core/Src/mpu_9250.c **** 	HAL_I2C_Mem_Write(&hi2c1, MPU9250_SLAVE_ADDRESS, 0x6B, I2C_MEMADD_SIZE_8BIT, &tmp, 0x1, 1000);
  91              		.loc 1 19 2 is_stmt 1 view .LVU12
  92 0052 0296     		str	r6, [sp, #8]
  93 0054 0194     		str	r4, [sp, #4]
  94 0056 0097     		str	r7, [sp]
  95 0058 2346     		mov	r3, r4
  96 005a 6B22     		movs	r2, #107
ARM GAS  /tmp/ccJKKM7l.s 			page 3


  97 005c D021     		movs	r1, #208
  98 005e 2846     		mov	r0, r5
  99 0060 FFF7FEFF 		bl	HAL_I2C_Mem_Write
 100              	.LVL4:
  20:Core/Src/mpu_9250.c **** 	HAL_Delay(5);
 101              		.loc 1 20 2 view .LVU13
 102 0064 0520     		movs	r0, #5
 103 0066 FFF7FEFF 		bl	HAL_Delay
 104              	.LVL5:
  21:Core/Src/mpu_9250.c **** 
  22:Core/Src/mpu_9250.c **** 	// config
  23:Core/Src/mpu_9250.c **** 	tmp = 0x00;
 105              		.loc 1 23 2 view .LVU14
 106              		.loc 1 23 6 is_stmt 0 view .LVU15
 107 006a 8DF81780 		strb	r8, [sp, #23]
  24:Core/Src/mpu_9250.c **** 	HAL_I2C_Mem_Write(&hi2c1, MPU9250_SLAVE_ADDRESS, 0x1A, I2C_MEMADD_SIZE_8BIT, &tmp, 0x1, 1000);
 108              		.loc 1 24 2 is_stmt 1 view .LVU16
 109 006e 0296     		str	r6, [sp, #8]
 110 0070 0194     		str	r4, [sp, #4]
 111 0072 0097     		str	r7, [sp]
 112 0074 2346     		mov	r3, r4
 113 0076 1A22     		movs	r2, #26
 114 0078 D021     		movs	r1, #208
 115 007a 2846     		mov	r0, r5
 116 007c FFF7FEFF 		bl	HAL_I2C_Mem_Write
 117              	.LVL6:
  25:Core/Src/mpu_9250.c **** 	HAL_Delay(5);
 118              		.loc 1 25 2 view .LVU17
 119 0080 0520     		movs	r0, #5
 120 0082 FFF7FEFF 		bl	HAL_Delay
 121              	.LVL7:
  26:Core/Src/mpu_9250.c **** 
  27:Core/Src/mpu_9250.c **** 	// gyro_config, 500 dps, filter
  28:Core/Src/mpu_9250.c **** 	tmp = 0x08;
 122              		.loc 1 28 2 view .LVU18
 123              		.loc 1 28 6 is_stmt 0 view .LVU19
 124 0086 4FF00809 		mov	r9, #8
 125 008a 8DF81790 		strb	r9, [sp, #23]
  29:Core/Src/mpu_9250.c **** 	HAL_I2C_Mem_Write(&hi2c1, MPU9250_SLAVE_ADDRESS, 0x1B, I2C_MEMADD_SIZE_8BIT, &tmp, 0x1, 1000);
 126              		.loc 1 29 2 is_stmt 1 view .LVU20
 127 008e 0296     		str	r6, [sp, #8]
 128 0090 0194     		str	r4, [sp, #4]
 129 0092 0097     		str	r7, [sp]
 130 0094 2346     		mov	r3, r4
 131 0096 1B22     		movs	r2, #27
 132 0098 D021     		movs	r1, #208
 133 009a 2846     		mov	r0, r5
 134 009c FFF7FEFF 		bl	HAL_I2C_Mem_Write
 135              	.LVL8:
  30:Core/Src/mpu_9250.c **** 	HAL_Delay(5);
 136              		.loc 1 30 2 view .LVU21
 137 00a0 0520     		movs	r0, #5
 138 00a2 FFF7FEFF 		bl	HAL_Delay
 139              	.LVL9:
  31:Core/Src/mpu_9250.c **** 
  32:Core/Src/mpu_9250.c **** 	// accel_config, 2g
  33:Core/Src/mpu_9250.c **** 	tmp = 0x08;
ARM GAS  /tmp/ccJKKM7l.s 			page 4


 140              		.loc 1 33 2 view .LVU22
 141              		.loc 1 33 6 is_stmt 0 view .LVU23
 142 00a6 8DF81790 		strb	r9, [sp, #23]
  34:Core/Src/mpu_9250.c **** 	HAL_I2C_Mem_Write(&hi2c1, MPU9250_SLAVE_ADDRESS, 0x1C, I2C_MEMADD_SIZE_8BIT, &tmp, 0x1, 1000);
 143              		.loc 1 34 2 is_stmt 1 view .LVU24
 144 00aa 0296     		str	r6, [sp, #8]
 145 00ac 0194     		str	r4, [sp, #4]
 146 00ae 0097     		str	r7, [sp]
 147 00b0 2346     		mov	r3, r4
 148 00b2 1C22     		movs	r2, #28
 149 00b4 D021     		movs	r1, #208
 150 00b6 2846     		mov	r0, r5
 151 00b8 FFF7FEFF 		bl	HAL_I2C_Mem_Write
 152              	.LVL10:
  35:Core/Src/mpu_9250.c **** 	HAL_Delay(5);
 153              		.loc 1 35 2 view .LVU25
 154 00bc 0520     		movs	r0, #5
 155 00be FFF7FEFF 		bl	HAL_Delay
 156              	.LVL11:
  36:Core/Src/mpu_9250.c **** 
  37:Core/Src/mpu_9250.c **** 	// accel_config_2, filter
  38:Core/Src/mpu_9250.c **** 	tmp = 0x08;
 157              		.loc 1 38 2 view .LVU26
 158              		.loc 1 38 6 is_stmt 0 view .LVU27
 159 00c2 8DF81790 		strb	r9, [sp, #23]
  39:Core/Src/mpu_9250.c **** 	HAL_I2C_Mem_Write(&hi2c1, MPU9250_SLAVE_ADDRESS, 0x1D, I2C_MEMADD_SIZE_8BIT, &tmp, 0x1, 1000);
 160              		.loc 1 39 2 is_stmt 1 view .LVU28
 161 00c6 0296     		str	r6, [sp, #8]
 162 00c8 0194     		str	r4, [sp, #4]
 163 00ca 0097     		str	r7, [sp]
 164 00cc 2346     		mov	r3, r4
 165 00ce 1D22     		movs	r2, #29
 166 00d0 D021     		movs	r1, #208
 167 00d2 2846     		mov	r0, r5
 168 00d4 FFF7FEFF 		bl	HAL_I2C_Mem_Write
 169              	.LVL12:
  40:Core/Src/mpu_9250.c **** 	HAL_Delay(5);
 170              		.loc 1 40 2 view .LVU29
 171 00d8 0520     		movs	r0, #5
 172 00da FFF7FEFF 		bl	HAL_Delay
 173              	.LVL13:
  41:Core/Src/mpu_9250.c **** 
  42:Core/Src/mpu_9250.c **** 	// int_pin_cfg, bypass enabled
  43:Core/Src/mpu_9250.c **** 	tmp = 0x02;
 174              		.loc 1 43 2 view .LVU30
 175              		.loc 1 43 6 is_stmt 0 view .LVU31
 176 00de 0223     		movs	r3, #2
 177 00e0 8DF81730 		strb	r3, [sp, #23]
  44:Core/Src/mpu_9250.c **** 	HAL_I2C_Mem_Write(&hi2c1, MPU9250_SLAVE_ADDRESS, 0x37, I2C_MEMADD_SIZE_8BIT, &tmp, 0x1, 1000);
 178              		.loc 1 44 2 is_stmt 1 view .LVU32
 179 00e4 0296     		str	r6, [sp, #8]
 180 00e6 0194     		str	r4, [sp, #4]
 181 00e8 0097     		str	r7, [sp]
 182 00ea 2346     		mov	r3, r4
 183 00ec 3722     		movs	r2, #55
 184 00ee D021     		movs	r1, #208
 185 00f0 2846     		mov	r0, r5
ARM GAS  /tmp/ccJKKM7l.s 			page 5


 186 00f2 FFF7FEFF 		bl	HAL_I2C_Mem_Write
 187              	.LVL14:
  45:Core/Src/mpu_9250.c **** 	HAL_Delay(5);
 188              		.loc 1 45 2 view .LVU33
 189 00f6 0520     		movs	r0, #5
 190 00f8 FFF7FEFF 		bl	HAL_Delay
 191              	.LVL15:
  46:Core/Src/mpu_9250.c **** 
  47:Core/Src/mpu_9250.c **** 	// pwr_mgmt_2, enable accelerometer and gyroscope
  48:Core/Src/mpu_9250.c **** 	tmp = 0x00;
 192              		.loc 1 48 2 view .LVU34
 193              		.loc 1 48 6 is_stmt 0 view .LVU35
 194 00fc 8DF81780 		strb	r8, [sp, #23]
  49:Core/Src/mpu_9250.c **** 	HAL_I2C_Mem_Write(&hi2c1, MPU9250_SLAVE_ADDRESS, 0x6C, I2C_MEMADD_SIZE_8BIT, &tmp, 0x1, 1000);
 195              		.loc 1 49 2 is_stmt 1 view .LVU36
 196 0100 0296     		str	r6, [sp, #8]
 197 0102 0194     		str	r4, [sp, #4]
 198 0104 0097     		str	r7, [sp]
 199 0106 2346     		mov	r3, r4
 200 0108 6C22     		movs	r2, #108
 201 010a D021     		movs	r1, #208
 202 010c 2846     		mov	r0, r5
 203 010e FFF7FEFF 		bl	HAL_I2C_Mem_Write
 204              	.LVL16:
  50:Core/Src/mpu_9250.c **** 	HAL_Delay(5);
 205              		.loc 1 50 2 view .LVU37
 206 0112 0520     		movs	r0, #5
 207 0114 FFF7FEFF 		bl	HAL_Delay
 208              	.LVL17:
  51:Core/Src/mpu_9250.c **** 
  52:Core/Src/mpu_9250.c **** 	// magneto cntl2, soft reset
  53:Core/Src/mpu_9250.c **** 	tmp = 0x00;
 209              		.loc 1 53 2 view .LVU38
 210              		.loc 1 53 6 is_stmt 0 view .LVU39
 211 0118 8DF81780 		strb	r8, [sp, #23]
  54:Core/Src/mpu_9250.c **** 	HAL_I2C_Mem_Write(&hi2c1, AK8963_SLAVE_ADDRESS, 0x0B, I2C_MEMADD_SIZE_8BIT, &tmp, 0x1, 1000);
 212              		.loc 1 54 2 is_stmt 1 view .LVU40
 213 011c 0296     		str	r6, [sp, #8]
 214 011e 0194     		str	r4, [sp, #4]
 215 0120 0097     		str	r7, [sp]
 216 0122 2346     		mov	r3, r4
 217 0124 0B22     		movs	r2, #11
 218 0126 0C21     		movs	r1, #12
 219 0128 2846     		mov	r0, r5
 220 012a FFF7FEFF 		bl	HAL_I2C_Mem_Write
 221              	.LVL18:
  55:Core/Src/mpu_9250.c **** 	HAL_Delay(5);
 222              		.loc 1 55 2 view .LVU41
 223 012e 0520     		movs	r0, #5
 224 0130 FFF7FEFF 		bl	HAL_Delay
 225              	.LVL19:
  56:Core/Src/mpu_9250.c **** 
  57:Core/Src/mpu_9250.c **** 	// magneto cntl1, continuous mode 1, 16 bit output
  58:Core/Src/mpu_9250.c **** 	tmp = 0x12;
 226              		.loc 1 58 2 view .LVU42
 227              		.loc 1 58 6 is_stmt 0 view .LVU43
 228 0134 1223     		movs	r3, #18
ARM GAS  /tmp/ccJKKM7l.s 			page 6


 229 0136 8DF81730 		strb	r3, [sp, #23]
  59:Core/Src/mpu_9250.c **** 	HAL_I2C_Mem_Write(&hi2c1, AK8963_SLAVE_ADDRESS, 0x0A, I2C_MEMADD_SIZE_8BIT, &tmp, 0x1, 1000);
 230              		.loc 1 59 2 is_stmt 1 view .LVU44
 231 013a 0296     		str	r6, [sp, #8]
 232 013c 0194     		str	r4, [sp, #4]
 233 013e 0097     		str	r7, [sp]
 234 0140 2346     		mov	r3, r4
 235 0142 0A22     		movs	r2, #10
 236 0144 0C21     		movs	r1, #12
 237 0146 2846     		mov	r0, r5
 238 0148 FFF7FEFF 		bl	HAL_I2C_Mem_Write
 239              	.LVL20:
  60:Core/Src/mpu_9250.c **** 	HAL_Delay(5);
 240              		.loc 1 60 2 view .LVU45
 241 014c 0520     		movs	r0, #5
 242 014e FFF7FEFF 		bl	HAL_Delay
 243              	.LVL21:
  61:Core/Src/mpu_9250.c **** 
  62:Core/Src/mpu_9250.c **** 	// magneto sensitivity adjustment
  63:Core/Src/mpu_9250.c **** 	if (mag_sens == 1){
 244              		.loc 1 63 2 view .LVU46
  64:Core/Src/mpu_9250.c **** 		HAL_I2C_Mem_Read(&hi2c1, AK8963_SLAVE_ADDRESS, 0x10, I2C_MEMADD_SIZE_8BIT, buffer, 0x3, 1000);
 245              		.loc 1 64 3 view .LVU47
 246 0152 0296     		str	r6, [sp, #8]
 247 0154 0323     		movs	r3, #3
 248 0156 0193     		str	r3, [sp, #4]
 249 0158 05AB     		add	r3, sp, #20
 250 015a 0093     		str	r3, [sp]
 251 015c 2346     		mov	r3, r4
 252 015e 1022     		movs	r2, #16
 253 0160 0C21     		movs	r1, #12
 254 0162 2846     		mov	r0, r5
 255 0164 FFF7FEFF 		bl	HAL_I2C_Mem_Read
 256              	.LVL22:
  65:Core/Src/mpu_9250.c **** 
  66:Core/Src/mpu_9250.c **** 		for (int i = 0; i < 3; i++){
 257              		.loc 1 66 3 view .LVU48
 258              	.LBB2:
 259              		.loc 1 66 8 view .LVU49
 260              	.L2:
 261              		.loc 1 66 19 discriminator 1 view .LVU50
 262              		.loc 1 66 3 is_stmt 0 discriminator 1 view .LVU51
 263 0168 B8F1020F 		cmp	r8, #2
 264 016c 1CDC     		bgt	.L17
  67:Core/Src/mpu_9250.c **** 			sensAdjMag[i] = (((buffer[i] - 128) * 0.5)/128) + 1;
 265              		.loc 1 67 4 is_stmt 1 discriminator 3 view .LVU52
 266              		.loc 1 67 29 is_stmt 0 discriminator 3 view .LVU53
 267 016e 08F11803 		add	r3, r8, #24
 268 0172 6B44     		add	r3, sp, r3
 269 0174 13F8040C 		ldrb	r0, [r3, #-4]	@ zero_extendqisi2
 270              		.loc 1 67 40 discriminator 3 view .LVU54
 271 0178 8038     		subs	r0, r0, #128
 272 017a FFF7FEFF 		bl	__aeabi_i2d
 273              	.LVL23:
 274 017e 0022     		movs	r2, #0
 275 0180 424B     		ldr	r3, .L18+4
 276 0182 FFF7FEFF 		bl	__aeabi_dmul
ARM GAS  /tmp/ccJKKM7l.s 			page 7


 277              	.LVL24:
 278              		.loc 1 67 46 discriminator 3 view .LVU55
 279 0186 0022     		movs	r2, #0
 280 0188 4FF07E53 		mov	r3, #1065353216
 281 018c FFF7FEFF 		bl	__aeabi_dmul
 282              	.LVL25:
 283              		.loc 1 67 52 discriminator 3 view .LVU56
 284 0190 0022     		movs	r2, #0
 285 0192 3F4B     		ldr	r3, .L18+8
 286 0194 FFF7FEFF 		bl	__aeabi_dadd
 287              	.LVL26:
 288 0198 FFF7FEFF 		bl	__aeabi_d2f
 289              	.LVL27:
 290              		.loc 1 67 18 discriminator 3 view .LVU57
 291 019c 3D4B     		ldr	r3, .L18+12
 292 019e 43F82800 		str	r0, [r3, r8, lsl #2]	@ float
  66:Core/Src/mpu_9250.c **** 			sensAdjMag[i] = (((buffer[i] - 128) * 0.5)/128) + 1;
 293              		.loc 1 66 26 is_stmt 1 discriminator 3 view .LVU58
  66:Core/Src/mpu_9250.c **** 			sensAdjMag[i] = (((buffer[i] - 128) * 0.5)/128) + 1;
 294              		.loc 1 66 27 is_stmt 0 discriminator 3 view .LVU59
 295 01a2 08F10108 		add	r8, r8, #1
 296              	.LVL28:
  66:Core/Src/mpu_9250.c **** 			sensAdjMag[i] = (((buffer[i] - 128) * 0.5)/128) + 1;
 297              		.loc 1 66 27 discriminator 3 view .LVU60
 298 01a6 DFE7     		b	.L2
 299              	.L17:
  66:Core/Src/mpu_9250.c **** 			sensAdjMag[i] = (((buffer[i] - 128) * 0.5)/128) + 1;
 300              		.loc 1 66 27 discriminator 3 view .LVU61
 301              	.LBE2:
  68:Core/Src/mpu_9250.c **** 		}
  69:Core/Src/mpu_9250.c **** 	}
  70:Core/Src/mpu_9250.c **** 
  71:Core/Src/mpu_9250.c **** 	// checking accel scale
  72:Core/Src/mpu_9250.c **** 	HAL_I2C_Mem_Read(&hi2c1, MPU9250_SLAVE_ADDRESS, 0x1C, I2C_MEMADD_SIZE_8BIT, &tmp, 0x1, 1000);
 302              		.loc 1 72 2 is_stmt 1 view .LVU62
 303 01a8 4FF47A73 		mov	r3, #1000
 304 01ac 0293     		str	r3, [sp, #8]
 305 01ae 0123     		movs	r3, #1
 306 01b0 0193     		str	r3, [sp, #4]
 307 01b2 0DF11702 		add	r2, sp, #23
 308 01b6 0092     		str	r2, [sp]
 309 01b8 1C22     		movs	r2, #28
 310 01ba D021     		movs	r1, #208
 311 01bc 3248     		ldr	r0, .L18
 312 01be FFF7FEFF 		bl	HAL_I2C_Mem_Read
 313              	.LVL29:
  73:Core/Src/mpu_9250.c **** 	HAL_Delay(5);
 314              		.loc 1 73 2 view .LVU63
 315 01c2 0520     		movs	r0, #5
 316 01c4 FFF7FEFF 		bl	HAL_Delay
 317              	.LVL30:
  74:Core/Src/mpu_9250.c **** 
  75:Core/Src/mpu_9250.c **** 	// select accel sensitivity for respective scale
  76:Core/Src/mpu_9250.c **** 	switch(tmp & 0x18){
 318              		.loc 1 76 2 view .LVU64
 319              		.loc 1 76 13 is_stmt 0 view .LVU65
 320 01c8 9DF81730 		ldrb	r3, [sp, #23]	@ zero_extendqisi2
ARM GAS  /tmp/ccJKKM7l.s 			page 8


 321              		.loc 1 76 2 view .LVU66
 322 01cc 03F01803 		and	r3, r3, #24
 323 01d0 182B     		cmp	r3, #24
 324 01d2 12D8     		bhi	.L4
 325 01d4 DFE803F0 		tbb	[pc, r3]
 326              	.L6:
 327 01d8 0D       		.byte	(.L9-.L6)/2
 328 01d9 11       		.byte	(.L4-.L6)/2
 329 01da 11       		.byte	(.L4-.L6)/2
 330 01db 11       		.byte	(.L4-.L6)/2
 331 01dc 11       		.byte	(.L4-.L6)/2
 332 01dd 11       		.byte	(.L4-.L6)/2
 333 01de 11       		.byte	(.L4-.L6)/2
 334 01df 11       		.byte	(.L4-.L6)/2
 335 01e0 36       		.byte	(.L8-.L6)/2
 336 01e1 11       		.byte	(.L4-.L6)/2
 337 01e2 11       		.byte	(.L4-.L6)/2
 338 01e3 11       		.byte	(.L4-.L6)/2
 339 01e4 11       		.byte	(.L4-.L6)/2
 340 01e5 11       		.byte	(.L4-.L6)/2
 341 01e6 11       		.byte	(.L4-.L6)/2
 342 01e7 11       		.byte	(.L4-.L6)/2
 343 01e8 3B       		.byte	(.L7-.L6)/2
 344 01e9 11       		.byte	(.L4-.L6)/2
 345 01ea 11       		.byte	(.L4-.L6)/2
 346 01eb 11       		.byte	(.L4-.L6)/2
 347 01ec 11       		.byte	(.L4-.L6)/2
 348 01ed 11       		.byte	(.L4-.L6)/2
 349 01ee 11       		.byte	(.L4-.L6)/2
 350 01ef 11       		.byte	(.L4-.L6)/2
 351 01f0 40       		.byte	(.L5-.L6)/2
 352 01f1 00       		.p2align 1
 353              	.L9:
  77:Core/Src/mpu_9250.c **** 	case 0x00:
  78:Core/Src/mpu_9250.c **** 		sensAccel = 16384.0f;
 354              		.loc 1 78 3 is_stmt 1 view .LVU67
 355              		.loc 1 78 13 is_stmt 0 view .LVU68
 356 01f2 294B     		ldr	r3, .L18+16
 357 01f4 4FF08D42 		mov	r2, #1182793728
 358 01f8 1A60     		str	r2, [r3]	@ float
  79:Core/Src/mpu_9250.c **** 		break;
 359              		.loc 1 79 3 is_stmt 1 view .LVU69
 360              	.L4:
  80:Core/Src/mpu_9250.c **** 	case 0x08:
  81:Core/Src/mpu_9250.c **** 		sensAccel = 8192.0f;
  82:Core/Src/mpu_9250.c **** 		break;
  83:Core/Src/mpu_9250.c **** 	case 0x10:
  84:Core/Src/mpu_9250.c **** 		sensAccel = 4096.0f;
  85:Core/Src/mpu_9250.c **** 		break;
  86:Core/Src/mpu_9250.c **** 	case 0x18:
  87:Core/Src/mpu_9250.c **** 		sensAccel = 2048.0f;
  88:Core/Src/mpu_9250.c **** 		break;
  89:Core/Src/mpu_9250.c **** 	}
  90:Core/Src/mpu_9250.c **** 
  91:Core/Src/mpu_9250.c **** 	// checking gyro scale
  92:Core/Src/mpu_9250.c **** 	HAL_I2C_Mem_Read(&hi2c1, MPU9250_SLAVE_ADDRESS, 0x1B, I2C_MEMADD_SIZE_8BIT, &tmp, 0x1, 1000);
 361              		.loc 1 92 2 view .LVU70
ARM GAS  /tmp/ccJKKM7l.s 			page 9


 362 01fa 4FF47A73 		mov	r3, #1000
 363 01fe 0293     		str	r3, [sp, #8]
 364 0200 0123     		movs	r3, #1
 365 0202 0193     		str	r3, [sp, #4]
 366 0204 0DF11702 		add	r2, sp, #23
 367 0208 0092     		str	r2, [sp]
 368 020a 1B22     		movs	r2, #27
 369 020c D021     		movs	r1, #208
 370 020e 1E48     		ldr	r0, .L18
 371 0210 FFF7FEFF 		bl	HAL_I2C_Mem_Read
 372              	.LVL31:
  93:Core/Src/mpu_9250.c **** 	HAL_Delay(5);
 373              		.loc 1 93 2 view .LVU71
 374 0214 0520     		movs	r0, #5
 375 0216 FFF7FEFF 		bl	HAL_Delay
 376              	.LVL32:
  94:Core/Src/mpu_9250.c **** 
  95:Core/Src/mpu_9250.c **** 	// select gyro sens
  96:Core/Src/mpu_9250.c **** 	switch(tmp & 0x18){
 377              		.loc 1 96 2 view .LVU72
 378              		.loc 1 96 13 is_stmt 0 view .LVU73
 379 021a 9DF81730 		ldrb	r3, [sp, #23]	@ zero_extendqisi2
 380              		.loc 1 96 2 view .LVU74
 381 021e 03F01803 		and	r3, r3, #24
 382 0222 182B     		cmp	r3, #24
 383 0224 20D8     		bhi	.L1
 384 0226 DFE803F0 		tbb	[pc, r3]
 385              	.L12:
 386 022a 1C       		.byte	(.L15-.L12)/2
 387 022b 1F       		.byte	(.L1-.L12)/2
 388 022c 1F       		.byte	(.L1-.L12)/2
 389 022d 1F       		.byte	(.L1-.L12)/2
 390 022e 1F       		.byte	(.L1-.L12)/2
 391 022f 1F       		.byte	(.L1-.L12)/2
 392 0230 1F       		.byte	(.L1-.L12)/2
 393 0231 1F       		.byte	(.L1-.L12)/2
 394 0232 22       		.byte	(.L14-.L12)/2
 395 0233 1F       		.byte	(.L1-.L12)/2
 396 0234 1F       		.byte	(.L1-.L12)/2
 397 0235 1F       		.byte	(.L1-.L12)/2
 398 0236 1F       		.byte	(.L1-.L12)/2
 399 0237 1F       		.byte	(.L1-.L12)/2
 400 0238 1F       		.byte	(.L1-.L12)/2
 401 0239 1F       		.byte	(.L1-.L12)/2
 402 023a 26       		.byte	(.L13-.L12)/2
 403 023b 1F       		.byte	(.L1-.L12)/2
 404 023c 1F       		.byte	(.L1-.L12)/2
 405 023d 1F       		.byte	(.L1-.L12)/2
 406 023e 1F       		.byte	(.L1-.L12)/2
 407 023f 1F       		.byte	(.L1-.L12)/2
 408 0240 1F       		.byte	(.L1-.L12)/2
 409 0241 1F       		.byte	(.L1-.L12)/2
 410 0242 2A       		.byte	(.L11-.L12)/2
 411 0243 00       		.p2align 1
 412              	.L8:
  81:Core/Src/mpu_9250.c **** 		break;
 413              		.loc 1 81 3 is_stmt 1 view .LVU75
ARM GAS  /tmp/ccJKKM7l.s 			page 10


  81:Core/Src/mpu_9250.c **** 		break;
 414              		.loc 1 81 13 is_stmt 0 view .LVU76
 415 0244 144B     		ldr	r3, .L18+16
 416 0246 4FF08C42 		mov	r2, #1174405120
 417 024a 1A60     		str	r2, [r3]	@ float
  82:Core/Src/mpu_9250.c **** 	case 0x10:
 418              		.loc 1 82 3 is_stmt 1 view .LVU77
 419 024c D5E7     		b	.L4
 420              	.L7:
  84:Core/Src/mpu_9250.c **** 		break;
 421              		.loc 1 84 3 view .LVU78
  84:Core/Src/mpu_9250.c **** 		break;
 422              		.loc 1 84 13 is_stmt 0 view .LVU79
 423 024e 124B     		ldr	r3, .L18+16
 424 0250 4FF08B42 		mov	r2, #1166016512
 425 0254 1A60     		str	r2, [r3]	@ float
  85:Core/Src/mpu_9250.c **** 	case 0x18:
 426              		.loc 1 85 3 is_stmt 1 view .LVU80
 427 0256 D0E7     		b	.L4
 428              	.L5:
  87:Core/Src/mpu_9250.c **** 		break;
 429              		.loc 1 87 3 view .LVU81
  87:Core/Src/mpu_9250.c **** 		break;
 430              		.loc 1 87 13 is_stmt 0 view .LVU82
 431 0258 0F4B     		ldr	r3, .L18+16
 432 025a 4FF08A42 		mov	r2, #1157627904
 433 025e 1A60     		str	r2, [r3]	@ float
  88:Core/Src/mpu_9250.c **** 	}
 434              		.loc 1 88 3 is_stmt 1 view .LVU83
 435 0260 CBE7     		b	.L4
 436              	.L15:
  97:Core/Src/mpu_9250.c **** 	case 0x00:
  98:Core/Src/mpu_9250.c **** 		sensGyro = 131.0f;
 437              		.loc 1 98 3 view .LVU84
 438              		.loc 1 98 12 is_stmt 0 view .LVU85
 439 0262 0E4B     		ldr	r3, .L18+20
 440 0264 0E4A     		ldr	r2, .L18+24
 441 0266 1A60     		str	r2, [r3]	@ float
  99:Core/Src/mpu_9250.c **** 		break;
 442              		.loc 1 99 3 is_stmt 1 view .LVU86
 443              	.L1:
 100:Core/Src/mpu_9250.c **** 	case 0x08:
 101:Core/Src/mpu_9250.c **** 		sensGyro = 65.5f;
 102:Core/Src/mpu_9250.c **** 		break;
 103:Core/Src/mpu_9250.c **** 	case 0x10:
 104:Core/Src/mpu_9250.c **** 		sensGyro = 32.8f;
 105:Core/Src/mpu_9250.c **** 		break;
 106:Core/Src/mpu_9250.c **** 	case 0x18:
 107:Core/Src/mpu_9250.c **** 		sensGyro = 16.4f;
 108:Core/Src/mpu_9250.c **** 		break;
 109:Core/Src/mpu_9250.c **** 	}
 110:Core/Src/mpu_9250.c **** }
 444              		.loc 1 110 1 is_stmt 0 view .LVU87
 445 0268 07B0     		add	sp, sp, #28
 446              	.LCFI2:
 447              		.cfi_remember_state
 448              		.cfi_def_cfa_offset 28
ARM GAS  /tmp/ccJKKM7l.s 			page 11


 449              		@ sp needed
 450 026a BDE8F083 		pop	{r4, r5, r6, r7, r8, r9, pc}
 451              	.LVL33:
 452              	.L14:
 453              	.LCFI3:
 454              		.cfi_restore_state
 101:Core/Src/mpu_9250.c **** 		break;
 455              		.loc 1 101 3 is_stmt 1 view .LVU88
 101:Core/Src/mpu_9250.c **** 		break;
 456              		.loc 1 101 12 is_stmt 0 view .LVU89
 457 026e 0B4B     		ldr	r3, .L18+20
 458 0270 0C4A     		ldr	r2, .L18+28
 459 0272 1A60     		str	r2, [r3]	@ float
 102:Core/Src/mpu_9250.c **** 	case 0x10:
 460              		.loc 1 102 3 is_stmt 1 view .LVU90
 461 0274 F8E7     		b	.L1
 462              	.L13:
 104:Core/Src/mpu_9250.c **** 		break;
 463              		.loc 1 104 3 view .LVU91
 104:Core/Src/mpu_9250.c **** 		break;
 464              		.loc 1 104 12 is_stmt 0 view .LVU92
 465 0276 094B     		ldr	r3, .L18+20
 466 0278 0B4A     		ldr	r2, .L18+32
 467 027a 1A60     		str	r2, [r3]	@ float
 105:Core/Src/mpu_9250.c **** 	case 0x18:
 468              		.loc 1 105 3 is_stmt 1 view .LVU93
 469 027c F4E7     		b	.L1
 470              	.L11:
 107:Core/Src/mpu_9250.c **** 		break;
 471              		.loc 1 107 3 view .LVU94
 107:Core/Src/mpu_9250.c **** 		break;
 472              		.loc 1 107 12 is_stmt 0 view .LVU95
 473 027e 074B     		ldr	r3, .L18+20
 474 0280 0A4A     		ldr	r2, .L18+36
 475 0282 1A60     		str	r2, [r3]	@ float
 108:Core/Src/mpu_9250.c **** 	}
 476              		.loc 1 108 3 is_stmt 1 view .LVU96
 477              		.loc 1 110 1 is_stmt 0 view .LVU97
 478 0284 F0E7     		b	.L1
 479              	.L19:
 480 0286 00BF     		.align	2
 481              	.L18:
 482 0288 00000000 		.word	hi2c1
 483 028c 0000E03F 		.word	1071644672
 484 0290 0000F03F 		.word	1072693248
 485 0294 00000000 		.word	.LANCHOR0
 486 0298 00000000 		.word	.LANCHOR1
 487 029c 00000000 		.word	.LANCHOR2
 488 02a0 00000343 		.word	1124270080
 489 02a4 00008342 		.word	1115881472
 490 02a8 33330342 		.word	1107505971
 491 02ac 33338341 		.word	1099117363
 492              		.cfi_endproc
 493              	.LFE65:
 495              		.global	__aeabi_i2f
 496              		.global	__aeabi_fdiv
 497              		.section	.text.Accel_readXYZ,"ax",%progbits
ARM GAS  /tmp/ccJKKM7l.s 			page 12


 498              		.align	1
 499              		.global	Accel_readXYZ
 500              		.syntax unified
 501              		.thumb
 502              		.thumb_func
 503              		.fpu softvfp
 505              	Accel_readXYZ:
 506              	.LVL34:
 507              	.LFB66:
 111:Core/Src/mpu_9250.c **** 
 112:Core/Src/mpu_9250.c **** void Accel_readXYZ(dataHandleIMU* data){
 508              		.loc 1 112 40 is_stmt 1 view -0
 509              		.cfi_startproc
 510              		@ args = 0, pretend = 0, frame = 16
 511              		@ frame_needed = 0, uses_anonymous_args = 0
 512              		.loc 1 112 40 is_stmt 0 view .LVU99
 513 0000 30B5     		push	{r4, r5, lr}
 514              	.LCFI4:
 515              		.cfi_def_cfa_offset 12
 516              		.cfi_offset 4, -12
 517              		.cfi_offset 5, -8
 518              		.cfi_offset 14, -4
 519 0002 89B0     		sub	sp, sp, #36
 520              	.LCFI5:
 521              		.cfi_def_cfa_offset 48
 522 0004 0446     		mov	r4, r0
 113:Core/Src/mpu_9250.c **** 	uint8_t buffer[6];
 523              		.loc 1 113 2 is_stmt 1 view .LVU100
 114:Core/Src/mpu_9250.c **** 	int16_t rawData[3];
 524              		.loc 1 114 2 view .LVU101
 115:Core/Src/mpu_9250.c **** 
 116:Core/Src/mpu_9250.c **** 	// read accelerometer values
 117:Core/Src/mpu_9250.c **** 	HAL_I2C_Mem_Read(&hi2c1, MPU9250_SLAVE_ADDRESS, 0x3B, I2C_MEMADD_SIZE_8BIT, buffer, 0x6, 1000);
 525              		.loc 1 117 2 view .LVU102
 526 0006 4FF47A73 		mov	r3, #1000
 527 000a 0293     		str	r3, [sp, #8]
 528 000c 0623     		movs	r3, #6
 529 000e 0193     		str	r3, [sp, #4]
 530 0010 06AB     		add	r3, sp, #24
 531 0012 0093     		str	r3, [sp]
 532 0014 0123     		movs	r3, #1
 533 0016 3B22     		movs	r2, #59
 534 0018 D021     		movs	r1, #208
 535 001a 1B48     		ldr	r0, .L24
 536              	.LVL35:
 537              		.loc 1 117 2 is_stmt 0 view .LVU103
 538 001c FFF7FEFF 		bl	HAL_I2C_Mem_Read
 539              	.LVL36:
 118:Core/Src/mpu_9250.c **** 	HAL_Delay(5);
 540              		.loc 1 118 2 is_stmt 1 view .LVU104
 541 0020 0520     		movs	r0, #5
 542 0022 FFF7FEFF 		bl	HAL_Delay
 543              	.LVL37:
 119:Core/Src/mpu_9250.c **** 
 120:Core/Src/mpu_9250.c **** 	// merging data
 121:Core/Src/mpu_9250.c **** 	for (int i = 0; i < 3; i++){
 544              		.loc 1 121 2 view .LVU105
ARM GAS  /tmp/ccJKKM7l.s 			page 13


 545              	.LBB3:
 546              		.loc 1 121 7 view .LVU106
 547              		.loc 1 121 11 is_stmt 0 view .LVU107
 548 0026 0021     		movs	r1, #0
 549              		.loc 1 121 2 view .LVU108
 550 0028 0FE0     		b	.L21
 551              	.LVL38:
 552              	.L22:
 122:Core/Src/mpu_9250.c **** 		rawData[i] = ((int16_t)(buffer[2*i] << 8) | buffer[2*i+1]);
 553              		.loc 1 122 3 is_stmt 1 discriminator 3 view .LVU109
 554              		.loc 1 122 35 is_stmt 0 discriminator 3 view .LVU110
 555 002a 4A00     		lsls	r2, r1, #1
 556              		.loc 1 122 33 discriminator 3 view .LVU111
 557 002c 08AB     		add	r3, sp, #32
 558 002e 03EB4100 		add	r0, r3, r1, lsl #1
 559 0032 10F8083C 		ldrb	r3, [r0, #-8]	@ zero_extendqisi2
 560              		.loc 1 122 39 discriminator 3 view .LVU112
 561 0036 1B02     		lsls	r3, r3, #8
 562              		.loc 1 122 17 discriminator 3 view .LVU113
 563 0038 1BB2     		sxth	r3, r3
 564              		.loc 1 122 53 discriminator 3 view .LVU114
 565 003a 2132     		adds	r2, r2, #33
 566 003c 6A44     		add	r2, sp, r2
 567 003e 12F8082C 		ldrb	r2, [r2, #-8]	@ zero_extendqisi2
 568              		.loc 1 122 45 discriminator 3 view .LVU115
 569 0042 1343     		orrs	r3, r3, r2
 570              		.loc 1 122 14 discriminator 3 view .LVU116
 571 0044 20F8103C 		strh	r3, [r0, #-16]	@ movhi
 121:Core/Src/mpu_9250.c **** 		rawData[i] = ((int16_t)(buffer[2*i] << 8) | buffer[2*i+1]);
 572              		.loc 1 121 25 is_stmt 1 discriminator 3 view .LVU117
 121:Core/Src/mpu_9250.c **** 		rawData[i] = ((int16_t)(buffer[2*i] << 8) | buffer[2*i+1]);
 573              		.loc 1 121 26 is_stmt 0 discriminator 3 view .LVU118
 574 0048 0131     		adds	r1, r1, #1
 575              	.LVL39:
 576              	.L21:
 121:Core/Src/mpu_9250.c **** 		rawData[i] = ((int16_t)(buffer[2*i] << 8) | buffer[2*i+1]);
 577              		.loc 1 121 18 is_stmt 1 discriminator 1 view .LVU119
 121:Core/Src/mpu_9250.c **** 		rawData[i] = ((int16_t)(buffer[2*i] << 8) | buffer[2*i+1]);
 578              		.loc 1 121 2 is_stmt 0 discriminator 1 view .LVU120
 579 004a 0229     		cmp	r1, #2
 580 004c EDDD     		ble	.L22
 581              	.LBE3:
 123:Core/Src/mpu_9250.c **** 	}
 124:Core/Src/mpu_9250.c **** 
 125:Core/Src/mpu_9250.c **** 	// scaling to appropriate unit, g
 126:Core/Src/mpu_9250.c **** 	data->ax = (float)(rawData[0] / sensAccel);
 582              		.loc 1 126 2 is_stmt 1 view .LVU121
 583              		.loc 1 126 13 is_stmt 0 view .LVU122
 584 004e 0F4B     		ldr	r3, .L24+4
 585 0050 1D68     		ldr	r5, [r3]	@ float
 586 0052 BDF91000 		ldrsh	r0, [sp, #16]
 587 0056 FFF7FEFF 		bl	__aeabi_i2f
 588              	.LVL40:
 589              		.loc 1 126 13 view .LVU123
 590 005a 2946     		mov	r1, r5
 591 005c FFF7FEFF 		bl	__aeabi_fdiv
 592              	.LVL41:
ARM GAS  /tmp/ccJKKM7l.s 			page 14


 593              		.loc 1 126 11 view .LVU124
 594 0060 2060     		str	r0, [r4]	@ float
 127:Core/Src/mpu_9250.c **** 	data->ay = (float)(rawData[1] / sensAccel);
 595              		.loc 1 127 2 is_stmt 1 view .LVU125
 596              		.loc 1 127 13 is_stmt 0 view .LVU126
 597 0062 BDF91200 		ldrsh	r0, [sp, #18]
 598 0066 FFF7FEFF 		bl	__aeabi_i2f
 599              	.LVL42:
 600 006a 2946     		mov	r1, r5
 601 006c FFF7FEFF 		bl	__aeabi_fdiv
 602              	.LVL43:
 603              		.loc 1 127 11 view .LVU127
 604 0070 6060     		str	r0, [r4, #4]	@ float
 128:Core/Src/mpu_9250.c **** 	data->az = (float)(rawData[2] / sensAccel);
 605              		.loc 1 128 2 is_stmt 1 view .LVU128
 606              		.loc 1 128 13 is_stmt 0 view .LVU129
 607 0072 BDF91400 		ldrsh	r0, [sp, #20]
 608 0076 FFF7FEFF 		bl	__aeabi_i2f
 609              	.LVL44:
 610 007a 2946     		mov	r1, r5
 611 007c FFF7FEFF 		bl	__aeabi_fdiv
 612              	.LVL45:
 613              		.loc 1 128 11 view .LVU130
 614 0080 A060     		str	r0, [r4, #8]	@ float
 129:Core/Src/mpu_9250.c **** }
 615              		.loc 1 129 1 view .LVU131
 616 0082 09B0     		add	sp, sp, #36
 617              	.LCFI6:
 618              		.cfi_def_cfa_offset 12
 619              		@ sp needed
 620 0084 30BD     		pop	{r4, r5, pc}
 621              	.LVL46:
 622              	.L25:
 623              		.loc 1 129 1 view .LVU132
 624 0086 00BF     		.align	2
 625              	.L24:
 626 0088 00000000 		.word	hi2c1
 627 008c 00000000 		.word	.LANCHOR1
 628              		.cfi_endproc
 629              	.LFE66:
 631              		.section	.text.Gyro_readXYZ,"ax",%progbits
 632              		.align	1
 633              		.global	Gyro_readXYZ
 634              		.syntax unified
 635              		.thumb
 636              		.thumb_func
 637              		.fpu softvfp
 639              	Gyro_readXYZ:
 640              	.LVL47:
 641              	.LFB67:
 130:Core/Src/mpu_9250.c **** 
 131:Core/Src/mpu_9250.c **** void Gyro_readXYZ(dataHandleIMU *data){
 642              		.loc 1 131 39 is_stmt 1 view -0
 643              		.cfi_startproc
 644              		@ args = 0, pretend = 0, frame = 16
 645              		@ frame_needed = 0, uses_anonymous_args = 0
 646              		.loc 1 131 39 is_stmt 0 view .LVU134
ARM GAS  /tmp/ccJKKM7l.s 			page 15


 647 0000 30B5     		push	{r4, r5, lr}
 648              	.LCFI7:
 649              		.cfi_def_cfa_offset 12
 650              		.cfi_offset 4, -12
 651              		.cfi_offset 5, -8
 652              		.cfi_offset 14, -4
 653 0002 89B0     		sub	sp, sp, #36
 654              	.LCFI8:
 655              		.cfi_def_cfa_offset 48
 656 0004 0446     		mov	r4, r0
 132:Core/Src/mpu_9250.c **** 	uint8_t buffer[6];
 657              		.loc 1 132 2 is_stmt 1 view .LVU135
 133:Core/Src/mpu_9250.c **** 	int16_t rawData[3];
 658              		.loc 1 133 2 view .LVU136
 134:Core/Src/mpu_9250.c **** 
 135:Core/Src/mpu_9250.c **** 	// read gyro values
 136:Core/Src/mpu_9250.c **** 	HAL_I2C_Mem_Read(&hi2c1, MPU9250_SLAVE_ADDRESS, 0x43, I2C_MEMADD_SIZE_8BIT, buffer, 0x6, 1000);
 659              		.loc 1 136 2 view .LVU137
 660 0006 4FF47A73 		mov	r3, #1000
 661 000a 0293     		str	r3, [sp, #8]
 662 000c 0623     		movs	r3, #6
 663 000e 0193     		str	r3, [sp, #4]
 664 0010 06AB     		add	r3, sp, #24
 665 0012 0093     		str	r3, [sp]
 666 0014 0123     		movs	r3, #1
 667 0016 4322     		movs	r2, #67
 668 0018 D021     		movs	r1, #208
 669 001a 1B48     		ldr	r0, .L30
 670              	.LVL48:
 671              		.loc 1 136 2 is_stmt 0 view .LVU138
 672 001c FFF7FEFF 		bl	HAL_I2C_Mem_Read
 673              	.LVL49:
 137:Core/Src/mpu_9250.c **** 	HAL_Delay(5);
 674              		.loc 1 137 2 is_stmt 1 view .LVU139
 675 0020 0520     		movs	r0, #5
 676 0022 FFF7FEFF 		bl	HAL_Delay
 677              	.LVL50:
 138:Core/Src/mpu_9250.c **** 
 139:Core/Src/mpu_9250.c **** 	// merging data
 140:Core/Src/mpu_9250.c **** 	for (int i = 0; i < 3; i++){
 678              		.loc 1 140 2 view .LVU140
 679              	.LBB4:
 680              		.loc 1 140 7 view .LVU141
 681              		.loc 1 140 11 is_stmt 0 view .LVU142
 682 0026 0021     		movs	r1, #0
 683              		.loc 1 140 2 view .LVU143
 684 0028 0FE0     		b	.L27
 685              	.LVL51:
 686              	.L28:
 141:Core/Src/mpu_9250.c **** 		rawData[i] = ((int16_t)(buffer[2*i] << 8) | buffer[2*i+1]);
 687              		.loc 1 141 3 is_stmt 1 discriminator 3 view .LVU144
 688              		.loc 1 141 35 is_stmt 0 discriminator 3 view .LVU145
 689 002a 4A00     		lsls	r2, r1, #1
 690              		.loc 1 141 33 discriminator 3 view .LVU146
 691 002c 08AB     		add	r3, sp, #32
 692 002e 03EB4100 		add	r0, r3, r1, lsl #1
 693 0032 10F8083C 		ldrb	r3, [r0, #-8]	@ zero_extendqisi2
ARM GAS  /tmp/ccJKKM7l.s 			page 16


 694              		.loc 1 141 39 discriminator 3 view .LVU147
 695 0036 1B02     		lsls	r3, r3, #8
 696              		.loc 1 141 17 discriminator 3 view .LVU148
 697 0038 1BB2     		sxth	r3, r3
 698              		.loc 1 141 53 discriminator 3 view .LVU149
 699 003a 2132     		adds	r2, r2, #33
 700 003c 6A44     		add	r2, sp, r2
 701 003e 12F8082C 		ldrb	r2, [r2, #-8]	@ zero_extendqisi2
 702              		.loc 1 141 45 discriminator 3 view .LVU150
 703 0042 1343     		orrs	r3, r3, r2
 704              		.loc 1 141 14 discriminator 3 view .LVU151
 705 0044 20F8103C 		strh	r3, [r0, #-16]	@ movhi
 140:Core/Src/mpu_9250.c **** 		rawData[i] = ((int16_t)(buffer[2*i] << 8) | buffer[2*i+1]);
 706              		.loc 1 140 25 is_stmt 1 discriminator 3 view .LVU152
 140:Core/Src/mpu_9250.c **** 		rawData[i] = ((int16_t)(buffer[2*i] << 8) | buffer[2*i+1]);
 707              		.loc 1 140 26 is_stmt 0 discriminator 3 view .LVU153
 708 0048 0131     		adds	r1, r1, #1
 709              	.LVL52:
 710              	.L27:
 140:Core/Src/mpu_9250.c **** 		rawData[i] = ((int16_t)(buffer[2*i] << 8) | buffer[2*i+1]);
 711              		.loc 1 140 18 is_stmt 1 discriminator 1 view .LVU154
 140:Core/Src/mpu_9250.c **** 		rawData[i] = ((int16_t)(buffer[2*i] << 8) | buffer[2*i+1]);
 712              		.loc 1 140 2 is_stmt 0 discriminator 1 view .LVU155
 713 004a 0229     		cmp	r1, #2
 714 004c EDDD     		ble	.L28
 715              	.LBE4:
 142:Core/Src/mpu_9250.c **** 	}
 143:Core/Src/mpu_9250.c **** 
 144:Core/Src/mpu_9250.c **** 	// scaling to appropriate unit, dps
 145:Core/Src/mpu_9250.c **** 	data->gx = (float)(rawData[0] / sensGyro);
 716              		.loc 1 145 2 is_stmt 1 view .LVU156
 717              		.loc 1 145 13 is_stmt 0 view .LVU157
 718 004e 0F4B     		ldr	r3, .L30+4
 719 0050 1D68     		ldr	r5, [r3]	@ float
 720 0052 BDF91000 		ldrsh	r0, [sp, #16]
 721 0056 FFF7FEFF 		bl	__aeabi_i2f
 722              	.LVL53:
 723              		.loc 1 145 13 view .LVU158
 724 005a 2946     		mov	r1, r5
 725 005c FFF7FEFF 		bl	__aeabi_fdiv
 726              	.LVL54:
 727              		.loc 1 145 11 view .LVU159
 728 0060 E060     		str	r0, [r4, #12]	@ float
 146:Core/Src/mpu_9250.c **** 	data->gy = (float)(rawData[1] / sensGyro);
 729              		.loc 1 146 2 is_stmt 1 view .LVU160
 730              		.loc 1 146 13 is_stmt 0 view .LVU161
 731 0062 BDF91200 		ldrsh	r0, [sp, #18]
 732 0066 FFF7FEFF 		bl	__aeabi_i2f
 733              	.LVL55:
 734 006a 2946     		mov	r1, r5
 735 006c FFF7FEFF 		bl	__aeabi_fdiv
 736              	.LVL56:
 737              		.loc 1 146 11 view .LVU162
 738 0070 2061     		str	r0, [r4, #16]	@ float
 147:Core/Src/mpu_9250.c **** 	data->gz = (float)(rawData[2] / sensGyro);
 739              		.loc 1 147 2 is_stmt 1 view .LVU163
 740              		.loc 1 147 13 is_stmt 0 view .LVU164
ARM GAS  /tmp/ccJKKM7l.s 			page 17


 741 0072 BDF91400 		ldrsh	r0, [sp, #20]
 742 0076 FFF7FEFF 		bl	__aeabi_i2f
 743              	.LVL57:
 744 007a 2946     		mov	r1, r5
 745 007c FFF7FEFF 		bl	__aeabi_fdiv
 746              	.LVL58:
 747              		.loc 1 147 11 view .LVU165
 748 0080 6061     		str	r0, [r4, #20]	@ float
 148:Core/Src/mpu_9250.c **** }
 749              		.loc 1 148 1 view .LVU166
 750 0082 09B0     		add	sp, sp, #36
 751              	.LCFI9:
 752              		.cfi_def_cfa_offset 12
 753              		@ sp needed
 754 0084 30BD     		pop	{r4, r5, pc}
 755              	.LVL59:
 756              	.L31:
 757              		.loc 1 148 1 view .LVU167
 758 0086 00BF     		.align	2
 759              	.L30:
 760 0088 00000000 		.word	hi2c1
 761 008c 00000000 		.word	.LANCHOR2
 762              		.cfi_endproc
 763              	.LFE67:
 765              		.global	__aeabi_fmul
 766              		.section	.text.Magneto_readXYZ,"ax",%progbits
 767              		.align	1
 768              		.global	Magneto_readXYZ
 769              		.syntax unified
 770              		.thumb
 771              		.thumb_func
 772              		.fpu softvfp
 774              	Magneto_readXYZ:
 775              	.LVL60:
 776              	.LFB68:
 149:Core/Src/mpu_9250.c **** 
 150:Core/Src/mpu_9250.c **** // Y, X, -Z
 151:Core/Src/mpu_9250.c **** void Magneto_readXYZ(dataHandleIMU *data){
 777              		.loc 1 151 42 is_stmt 1 view -0
 778              		.cfi_startproc
 779              		@ args = 0, pretend = 0, frame = 16
 780              		@ frame_needed = 0, uses_anonymous_args = 0
 781              		.loc 1 151 42 is_stmt 0 view .LVU169
 782 0000 30B5     		push	{r4, r5, lr}
 783              	.LCFI10:
 784              		.cfi_def_cfa_offset 12
 785              		.cfi_offset 4, -12
 786              		.cfi_offset 5, -8
 787              		.cfi_offset 14, -4
 788 0002 89B0     		sub	sp, sp, #36
 789              	.LCFI11:
 790              		.cfi_def_cfa_offset 48
 791 0004 0446     		mov	r4, r0
 152:Core/Src/mpu_9250.c **** 	uint8_t buffer[6];
 792              		.loc 1 152 2 is_stmt 1 view .LVU170
 153:Core/Src/mpu_9250.c **** 	int16_t rawData[3]; 
 793              		.loc 1 153 2 view .LVU171
ARM GAS  /tmp/ccJKKM7l.s 			page 18


 154:Core/Src/mpu_9250.c **** 
 155:Core/Src/mpu_9250.c **** 	// read  values
 156:Core/Src/mpu_9250.c **** 	HAL_I2C_Mem_Read(&hi2c1, AK8963_SLAVE_ADDRESS, 0x03, I2C_MEMADD_SIZE_8BIT, buffer, 0x6, 1000);
 794              		.loc 1 156 2 view .LVU172
 795 0006 4FF47A73 		mov	r3, #1000
 796 000a 0293     		str	r3, [sp, #8]
 797 000c 0623     		movs	r3, #6
 798 000e 0193     		str	r3, [sp, #4]
 799 0010 06AB     		add	r3, sp, #24
 800 0012 0093     		str	r3, [sp]
 801 0014 0123     		movs	r3, #1
 802 0016 0322     		movs	r2, #3
 803 0018 0C21     		movs	r1, #12
 804 001a 2048     		ldr	r0, .L36
 805              	.LVL61:
 806              		.loc 1 156 2 is_stmt 0 view .LVU173
 807 001c FFF7FEFF 		bl	HAL_I2C_Mem_Read
 808              	.LVL62:
 157:Core/Src/mpu_9250.c **** 	HAL_Delay(5);
 809              		.loc 1 157 2 is_stmt 1 view .LVU174
 810 0020 0520     		movs	r0, #5
 811 0022 FFF7FEFF 		bl	HAL_Delay
 812              	.LVL63:
 158:Core/Src/mpu_9250.c **** 
 159:Core/Src/mpu_9250.c **** 	// merging data
 160:Core/Src/mpu_9250.c **** 	for (int i = 0; i < 3; i++){
 813              		.loc 1 160 2 view .LVU175
 814              	.LBB5:
 815              		.loc 1 160 7 view .LVU176
 816              		.loc 1 160 11 is_stmt 0 view .LVU177
 817 0026 0021     		movs	r1, #0
 818              		.loc 1 160 2 view .LVU178
 819 0028 0FE0     		b	.L33
 820              	.LVL64:
 821              	.L34:
 161:Core/Src/mpu_9250.c **** 		rawData[i] = ((int16_t)(buffer[2*i+1] << 8) | buffer[2*i]);
 822              		.loc 1 161 3 is_stmt 1 discriminator 3 view .LVU179
 823              		.loc 1 161 35 is_stmt 0 discriminator 3 view .LVU180
 824 002a 4A00     		lsls	r2, r1, #1
 825              		.loc 1 161 33 discriminator 3 view .LVU181
 826 002c 02F12103 		add	r3, r2, #33
 827 0030 6B44     		add	r3, sp, r3
 828 0032 13F8083C 		ldrb	r3, [r3, #-8]	@ zero_extendqisi2
 829              		.loc 1 161 41 discriminator 3 view .LVU182
 830 0036 1B02     		lsls	r3, r3, #8
 831              		.loc 1 161 17 discriminator 3 view .LVU183
 832 0038 1BB2     		sxth	r3, r3
 833              		.loc 1 161 55 discriminator 3 view .LVU184
 834 003a 2032     		adds	r2, r2, #32
 835 003c 6A44     		add	r2, sp, r2
 836 003e 12F8080C 		ldrb	r0, [r2, #-8]	@ zero_extendqisi2
 837              		.loc 1 161 47 discriminator 3 view .LVU185
 838 0042 0343     		orrs	r3, r3, r0
 839              		.loc 1 161 14 discriminator 3 view .LVU186
 840 0044 22F8103C 		strh	r3, [r2, #-16]	@ movhi
 160:Core/Src/mpu_9250.c **** 		rawData[i] = ((int16_t)(buffer[2*i+1] << 8) | buffer[2*i]);
 841              		.loc 1 160 25 is_stmt 1 discriminator 3 view .LVU187
ARM GAS  /tmp/ccJKKM7l.s 			page 19


 160:Core/Src/mpu_9250.c **** 		rawData[i] = ((int16_t)(buffer[2*i+1] << 8) | buffer[2*i]);
 842              		.loc 1 160 26 is_stmt 0 discriminator 3 view .LVU188
 843 0048 0131     		adds	r1, r1, #1
 844              	.LVL65:
 845              	.L33:
 160:Core/Src/mpu_9250.c **** 		rawData[i] = ((int16_t)(buffer[2*i+1] << 8) | buffer[2*i]);
 846              		.loc 1 160 18 is_stmt 1 discriminator 1 view .LVU189
 160:Core/Src/mpu_9250.c **** 		rawData[i] = ((int16_t)(buffer[2*i+1] << 8) | buffer[2*i]);
 847              		.loc 1 160 2 is_stmt 0 discriminator 1 view .LVU190
 848 004a 0229     		cmp	r1, #2
 849 004c EDDD     		ble	.L34
 850              	.LBE5:
 162:Core/Src/mpu_9250.c **** 	}
 163:Core/Src/mpu_9250.c **** 
 164:Core/Src/mpu_9250.c **** 	// scaling to appropriate unit and correcting axis, uT
 165:Core/Src/mpu_9250.c **** 	data->mx = (float)(rawData[1] * sensMag * sensAdjMag[1]);
 851              		.loc 1 165 2 is_stmt 1 view .LVU191
 852              		.loc 1 165 32 is_stmt 0 view .LVU192
 853 004e BDF91200 		ldrsh	r0, [sp, #18]
 854 0052 FFF7FEFF 		bl	__aeabi_i2f
 855              	.LVL66:
 856              		.loc 1 165 32 view .LVU193
 857 0056 1249     		ldr	r1, .L36+4
 858 0058 FFF7FEFF 		bl	__aeabi_fmul
 859              	.LVL67:
 860              		.loc 1 165 54 view .LVU194
 861 005c 114D     		ldr	r5, .L36+8
 862              		.loc 1 165 13 view .LVU195
 863 005e 6968     		ldr	r1, [r5, #4]	@ float
 864 0060 FFF7FEFF 		bl	__aeabi_fmul
 865              	.LVL68:
 866              		.loc 1 165 11 view .LVU196
 867 0064 A061     		str	r0, [r4, #24]	@ float
 166:Core/Src/mpu_9250.c **** 	data->my = (float)(rawData[0] * sensMag * sensAdjMag[0]);
 868              		.loc 1 166 2 is_stmt 1 view .LVU197
 869              		.loc 1 166 32 is_stmt 0 view .LVU198
 870 0066 BDF91000 		ldrsh	r0, [sp, #16]
 871 006a FFF7FEFF 		bl	__aeabi_i2f
 872              	.LVL69:
 873 006e 0C49     		ldr	r1, .L36+4
 874 0070 FFF7FEFF 		bl	__aeabi_fmul
 875              	.LVL70:
 876              		.loc 1 166 13 view .LVU199
 877 0074 2968     		ldr	r1, [r5]	@ float
 878 0076 FFF7FEFF 		bl	__aeabi_fmul
 879              	.LVL71:
 880              		.loc 1 166 11 view .LVU200
 881 007a E061     		str	r0, [r4, #28]	@ float
 167:Core/Src/mpu_9250.c **** 	data->mz = -(float)(rawData[2] * sensMag * sensAdjMag[2]);
 882              		.loc 1 167 2 is_stmt 1 view .LVU201
 883              		.loc 1 167 33 is_stmt 0 view .LVU202
 884 007c BDF91400 		ldrsh	r0, [sp, #20]
 885 0080 FFF7FEFF 		bl	__aeabi_i2f
 886              	.LVL72:
 887 0084 0649     		ldr	r1, .L36+4
 888 0086 FFF7FEFF 		bl	__aeabi_fmul
 889              	.LVL73:
ARM GAS  /tmp/ccJKKM7l.s 			page 20


 890              		.loc 1 167 14 view .LVU203
 891 008a A968     		ldr	r1, [r5, #8]	@ float
 892 008c FFF7FEFF 		bl	__aeabi_fmul
 893              	.LVL74:
 894              		.loc 1 167 13 view .LVU204
 895 0090 00F10040 		add	r0, r0, #-2147483648
 896              		.loc 1 167 11 view .LVU205
 897 0094 2062     		str	r0, [r4, #32]	@ float
 168:Core/Src/mpu_9250.c **** }
 898              		.loc 1 168 1 view .LVU206
 899 0096 09B0     		add	sp, sp, #36
 900              	.LCFI12:
 901              		.cfi_def_cfa_offset 12
 902              		@ sp needed
 903 0098 30BD     		pop	{r4, r5, pc}
 904              	.LVL75:
 905              	.L37:
 906              		.loc 1 168 1 view .LVU207
 907 009a 00BF     		.align	2
 908              	.L36:
 909 009c 00000000 		.word	hi2c1
 910 00a0 9A99193F 		.word	1058642330
 911 00a4 00000000 		.word	.LANCHOR0
 912              		.cfi_endproc
 913              	.LFE68:
 915              		.section	.text.IMU_measure,"ax",%progbits
 916              		.align	1
 917              		.global	IMU_measure
 918              		.syntax unified
 919              		.thumb
 920              		.thumb_func
 921              		.fpu softvfp
 923              	IMU_measure:
 924              	.LVL76:
 925              	.LFB69:
 169:Core/Src/mpu_9250.c **** 
 170:Core/Src/mpu_9250.c **** void IMU_measure(dataHandleIMU* data){
 926              		.loc 1 170 38 is_stmt 1 view -0
 927              		.cfi_startproc
 928              		@ args = 0, pretend = 0, frame = 0
 929              		@ frame_needed = 0, uses_anonymous_args = 0
 930              		.loc 1 170 38 is_stmt 0 view .LVU209
 931 0000 10B5     		push	{r4, lr}
 932              	.LCFI13:
 933              		.cfi_def_cfa_offset 8
 934              		.cfi_offset 4, -8
 935              		.cfi_offset 14, -4
 936 0002 0446     		mov	r4, r0
 171:Core/Src/mpu_9250.c **** 	Accel_readXYZ(data);
 937              		.loc 1 171 2 is_stmt 1 view .LVU210
 938 0004 FFF7FEFF 		bl	Accel_readXYZ
 939              	.LVL77:
 172:Core/Src/mpu_9250.c **** 	Gyro_readXYZ(data);
 940              		.loc 1 172 2 view .LVU211
 941 0008 2046     		mov	r0, r4
 942 000a FFF7FEFF 		bl	Gyro_readXYZ
 943              	.LVL78:
ARM GAS  /tmp/ccJKKM7l.s 			page 21


 173:Core/Src/mpu_9250.c **** 	Magneto_readXYZ(data);
 944              		.loc 1 173 2 view .LVU212
 945 000e 2046     		mov	r0, r4
 946 0010 FFF7FEFF 		bl	Magneto_readXYZ
 947              	.LVL79:
 174:Core/Src/mpu_9250.c **** }...
 948              		.loc 1 174 1 is_stmt 0 view .LVU213
 949 0014 10BD     		pop	{r4, pc}
 950              		.loc 1 174 1 view .LVU214
 951              		.cfi_endproc
 952              	.LFE69:
 954              		.section	.bss.sensAccel,"aw",%nobits
 955              		.align	2
 956              		.set	.LANCHOR1,. + 0
 959              	sensAccel:
 960 0000 00000000 		.space	4
 961              		.section	.bss.sensAdjMag,"aw",%nobits
 962              		.align	2
 963              		.set	.LANCHOR0,. + 0
 966              	sensAdjMag:
 967 0000 00000000 		.space	12
 967      00000000 
 967      00000000 
 968              		.section	.bss.sensGyro,"aw",%nobits
 969              		.align	2
 970              		.set	.LANCHOR2,. + 0
 973              	sensGyro:
 974 0000 00000000 		.space	4
 975              		.text
 976              	.Letext0:
 977              		.file 2 "/usr/lib/gcc/arm-none-eabi/10.3.1/include/stdint.h"
 978              		.file 3 "Core/Inc/mpu_9250.h"
 979              		.file 4 "Drivers/CMSIS/Device/ST/STM32F1xx/Include/stm32f103xb.h"
 980              		.file 5 "Drivers/STM32F1xx_HAL_Driver/Inc/stm32f1xx_hal_def.h"
 981              		.file 6 "Drivers/STM32F1xx_HAL_Driver/Inc/stm32f1xx_hal_dma.h"
 982              		.file 7 "Drivers/STM32F1xx_HAL_Driver/Inc/stm32f1xx_hal_i2c.h"
 983              		.file 8 "Drivers/STM32F1xx_HAL_Driver/Inc/stm32f1xx_hal.h"
 984              		.file 9 "Core/Inc/i2c.h"
ARM GAS  /tmp/ccJKKM7l.s 			page 22


DEFINED SYMBOLS
                            *ABS*:0000000000000000 mpu_9250.c
     /tmp/ccJKKM7l.s:20     .text.MPU_9250_Init:0000000000000000 $t
     /tmp/ccJKKM7l.s:28     .text.MPU_9250_Init:0000000000000000 MPU_9250_Init
     /tmp/ccJKKM7l.s:327    .text.MPU_9250_Init:00000000000001d8 $d
     /tmp/ccJKKM7l.s:386    .text.MPU_9250_Init:000000000000022a $d
     /tmp/ccJKKM7l.s:482    .text.MPU_9250_Init:0000000000000288 $d
     /tmp/ccJKKM7l.s:498    .text.Accel_readXYZ:0000000000000000 $t
     /tmp/ccJKKM7l.s:505    .text.Accel_readXYZ:0000000000000000 Accel_readXYZ
     /tmp/ccJKKM7l.s:626    .text.Accel_readXYZ:0000000000000088 $d
     /tmp/ccJKKM7l.s:632    .text.Gyro_readXYZ:0000000000000000 $t
     /tmp/ccJKKM7l.s:639    .text.Gyro_readXYZ:0000000000000000 Gyro_readXYZ
     /tmp/ccJKKM7l.s:760    .text.Gyro_readXYZ:0000000000000088 $d
     /tmp/ccJKKM7l.s:767    .text.Magneto_readXYZ:0000000000000000 $t
     /tmp/ccJKKM7l.s:774    .text.Magneto_readXYZ:0000000000000000 Magneto_readXYZ
     /tmp/ccJKKM7l.s:909    .text.Magneto_readXYZ:000000000000009c $d
     /tmp/ccJKKM7l.s:916    .text.IMU_measure:0000000000000000 $t
     /tmp/ccJKKM7l.s:923    .text.IMU_measure:0000000000000000 IMU_measure
     /tmp/ccJKKM7l.s:955    .bss.sensAccel:0000000000000000 $d
     /tmp/ccJKKM7l.s:959    .bss.sensAccel:0000000000000000 sensAccel
     /tmp/ccJKKM7l.s:962    .bss.sensAdjMag:0000000000000000 $d
     /tmp/ccJKKM7l.s:966    .bss.sensAdjMag:0000000000000000 sensAdjMag
     /tmp/ccJKKM7l.s:969    .bss.sensGyro:0000000000000000 $d
     /tmp/ccJKKM7l.s:973    .bss.sensGyro:0000000000000000 sensGyro
     /tmp/ccJKKM7l.s:352    .text.MPU_9250_Init:00000000000001f1 $d
     /tmp/ccJKKM7l.s:352    .text.MPU_9250_Init:00000000000001f2 $t
     /tmp/ccJKKM7l.s:411    .text.MPU_9250_Init:0000000000000243 $d
     /tmp/ccJKKM7l.s:411    .text.MPU_9250_Init:0000000000000244 $t

UNDEFINED SYMBOLS
__aeabi_i2d
__aeabi_dmul
__aeabi_dadd
__aeabi_d2f
HAL_I2C_Mem_Write
HAL_Delay
HAL_I2C_Mem_Read
hi2c1
__aeabi_i2f
__aeabi_fdiv
__aeabi_fmul
