ARM GAS  /tmp/ccTevuyP.s 			page 1


   1              		.cpu cortex-m0plus
   2              		.eabi_attribute 20, 1
   3              		.eabi_attribute 21, 1
   4              		.eabi_attribute 23, 3
   5              		.eabi_attribute 24, 1
   6              		.eabi_attribute 25, 1
   7              		.eabi_attribute 26, 1
   8              		.eabi_attribute 30, 1
   9              		.eabi_attribute 34, 0
  10              		.eabi_attribute 18, 4
  11              		.file	"port.c"
  12              		.text
  13              	.Ltext0:
  14              		.cfi_sections	.debug_frame
  15              		.section	.text.prvTaskExitError,"ax",%progbits
  16              		.align	1
  17              		.arch armv6s-m
  18              		.syntax unified
  19              		.code	16
  20              		.thumb_func
  21              		.fpu softvfp
  23              	prvTaskExitError:
  24              	.LFB1:
  25              		.file 1 "Middlewares/Third_Party/FreeRTOS/Source/portable/GCC/ARM_CM0/port.c"
   1:Middlewares/Third_Party/FreeRTOS/Source/portable/GCC/ARM_CM0/port.c **** /*
   2:Middlewares/Third_Party/FreeRTOS/Source/portable/GCC/ARM_CM0/port.c ****  * FreeRTOS Kernel V10.3.1
   3:Middlewares/Third_Party/FreeRTOS/Source/portable/GCC/ARM_CM0/port.c ****  * Copyright (C) 2020 Amazon.com, Inc. or its affiliates.  All Rights Reserved.
   4:Middlewares/Third_Party/FreeRTOS/Source/portable/GCC/ARM_CM0/port.c ****  *
   5:Middlewares/Third_Party/FreeRTOS/Source/portable/GCC/ARM_CM0/port.c ****  * Permission is hereby granted, free of charge, to any person obtaining a copy of
   6:Middlewares/Third_Party/FreeRTOS/Source/portable/GCC/ARM_CM0/port.c ****  * this software and associated documentation files (the "Software"), to deal in
   7:Middlewares/Third_Party/FreeRTOS/Source/portable/GCC/ARM_CM0/port.c ****  * the Software without restriction, including without limitation the rights to
   8:Middlewares/Third_Party/FreeRTOS/Source/portable/GCC/ARM_CM0/port.c ****  * use, copy, modify, merge, publish, distribute, sublicense, and/or sell copies of
   9:Middlewares/Third_Party/FreeRTOS/Source/portable/GCC/ARM_CM0/port.c ****  * the Software, and to permit persons to whom the Software is furnished to do so,
  10:Middlewares/Third_Party/FreeRTOS/Source/portable/GCC/ARM_CM0/port.c ****  * subject to the following conditions:
  11:Middlewares/Third_Party/FreeRTOS/Source/portable/GCC/ARM_CM0/port.c ****  *
  12:Middlewares/Third_Party/FreeRTOS/Source/portable/GCC/ARM_CM0/port.c ****  * The above copyright notice and this permission notice shall be included in all
  13:Middlewares/Third_Party/FreeRTOS/Source/portable/GCC/ARM_CM0/port.c ****  * copies or substantial portions of the Software.
  14:Middlewares/Third_Party/FreeRTOS/Source/portable/GCC/ARM_CM0/port.c ****  *
  15:Middlewares/Third_Party/FreeRTOS/Source/portable/GCC/ARM_CM0/port.c ****  * THE SOFTWARE IS PROVIDED "AS IS", WITHOUT WARRANTY OF ANY KIND, EXPRESS OR
  16:Middlewares/Third_Party/FreeRTOS/Source/portable/GCC/ARM_CM0/port.c ****  * IMPLIED, INCLUDING BUT NOT LIMITED TO THE WARRANTIES OF MERCHANTABILITY, FITNESS
  17:Middlewares/Third_Party/FreeRTOS/Source/portable/GCC/ARM_CM0/port.c ****  * FOR A PARTICULAR PURPOSE AND NONINFRINGEMENT. IN NO EVENT SHALL THE AUTHORS OR
  18:Middlewares/Third_Party/FreeRTOS/Source/portable/GCC/ARM_CM0/port.c ****  * COPYRIGHT HOLDERS BE LIABLE FOR ANY CLAIM, DAMAGES OR OTHER LIABILITY, WHETHER
  19:Middlewares/Third_Party/FreeRTOS/Source/portable/GCC/ARM_CM0/port.c ****  * IN AN ACTION OF CONTRACT, TORT OR OTHERWISE, ARISING FROM, OUT OF OR IN
  20:Middlewares/Third_Party/FreeRTOS/Source/portable/GCC/ARM_CM0/port.c ****  * CONNECTION WITH THE SOFTWARE OR THE USE OR OTHER DEALINGS IN THE SOFTWARE.
  21:Middlewares/Third_Party/FreeRTOS/Source/portable/GCC/ARM_CM0/port.c ****  *
  22:Middlewares/Third_Party/FreeRTOS/Source/portable/GCC/ARM_CM0/port.c ****  * http://www.FreeRTOS.org
  23:Middlewares/Third_Party/FreeRTOS/Source/portable/GCC/ARM_CM0/port.c ****  * http://aws.amazon.com/freertos
  24:Middlewares/Third_Party/FreeRTOS/Source/portable/GCC/ARM_CM0/port.c ****  *
  25:Middlewares/Third_Party/FreeRTOS/Source/portable/GCC/ARM_CM0/port.c ****  * 1 tab == 4 spaces!
  26:Middlewares/Third_Party/FreeRTOS/Source/portable/GCC/ARM_CM0/port.c ****  */
  27:Middlewares/Third_Party/FreeRTOS/Source/portable/GCC/ARM_CM0/port.c **** 
  28:Middlewares/Third_Party/FreeRTOS/Source/portable/GCC/ARM_CM0/port.c **** /*-----------------------------------------------------------
  29:Middlewares/Third_Party/FreeRTOS/Source/portable/GCC/ARM_CM0/port.c ****  * Implementation of functions defined in portable.h for the ARM CM0 port.
  30:Middlewares/Third_Party/FreeRTOS/Source/portable/GCC/ARM_CM0/port.c ****  *----------------------------------------------------------*/
  31:Middlewares/Third_Party/FreeRTOS/Source/portable/GCC/ARM_CM0/port.c **** 
  32:Middlewares/Third_Party/FreeRTOS/Source/portable/GCC/ARM_CM0/port.c **** /* Scheduler includes. */
  33:Middlewares/Third_Party/FreeRTOS/Source/portable/GCC/ARM_CM0/port.c **** #include "FreeRTOS.h"
ARM GAS  /tmp/ccTevuyP.s 			page 2


  34:Middlewares/Third_Party/FreeRTOS/Source/portable/GCC/ARM_CM0/port.c **** #include "task.h"
  35:Middlewares/Third_Party/FreeRTOS/Source/portable/GCC/ARM_CM0/port.c **** 
  36:Middlewares/Third_Party/FreeRTOS/Source/portable/GCC/ARM_CM0/port.c **** /* Constants required to manipulate the NVIC. */
  37:Middlewares/Third_Party/FreeRTOS/Source/portable/GCC/ARM_CM0/port.c **** #define portNVIC_SYSTICK_CTRL_REG			( * ( ( volatile uint32_t * ) 0xe000e010 ) )
  38:Middlewares/Third_Party/FreeRTOS/Source/portable/GCC/ARM_CM0/port.c **** #define portNVIC_SYSTICK_LOAD_REG			( * ( ( volatile uint32_t * ) 0xe000e014 ) )
  39:Middlewares/Third_Party/FreeRTOS/Source/portable/GCC/ARM_CM0/port.c **** #define portNVIC_SYSTICK_CURRENT_VALUE_REG	( * ( ( volatile uint32_t * ) 0xe000e018 ) )
  40:Middlewares/Third_Party/FreeRTOS/Source/portable/GCC/ARM_CM0/port.c **** #define portNVIC_INT_CTRL_REG				( * ( ( volatile uint32_t * ) 0xe000ed04 ) )
  41:Middlewares/Third_Party/FreeRTOS/Source/portable/GCC/ARM_CM0/port.c **** #define portNVIC_SYSPRI2_REG				( * ( ( volatile uint32_t * ) 0xe000ed20 ) )
  42:Middlewares/Third_Party/FreeRTOS/Source/portable/GCC/ARM_CM0/port.c **** #define portNVIC_SYSTICK_CLK_BIT			( 1UL << 2UL )
  43:Middlewares/Third_Party/FreeRTOS/Source/portable/GCC/ARM_CM0/port.c **** #define portNVIC_SYSTICK_INT_BIT			( 1UL << 1UL )
  44:Middlewares/Third_Party/FreeRTOS/Source/portable/GCC/ARM_CM0/port.c **** #define portNVIC_SYSTICK_ENABLE_BIT			( 1UL << 0UL )
  45:Middlewares/Third_Party/FreeRTOS/Source/portable/GCC/ARM_CM0/port.c **** #define portNVIC_SYSTICK_COUNT_FLAG_BIT		( 1UL << 16UL )
  46:Middlewares/Third_Party/FreeRTOS/Source/portable/GCC/ARM_CM0/port.c **** #define portNVIC_PENDSVSET_BIT				( 1UL << 28UL )
  47:Middlewares/Third_Party/FreeRTOS/Source/portable/GCC/ARM_CM0/port.c **** #define portMIN_INTERRUPT_PRIORITY		( 255UL )
  48:Middlewares/Third_Party/FreeRTOS/Source/portable/GCC/ARM_CM0/port.c **** #define portNVIC_PENDSV_PRI				( portMIN_INTERRUPT_PRIORITY << 16UL )
  49:Middlewares/Third_Party/FreeRTOS/Source/portable/GCC/ARM_CM0/port.c **** #define portNVIC_SYSTICK_PRI			( portMIN_INTERRUPT_PRIORITY << 24UL )
  50:Middlewares/Third_Party/FreeRTOS/Source/portable/GCC/ARM_CM0/port.c **** 
  51:Middlewares/Third_Party/FreeRTOS/Source/portable/GCC/ARM_CM0/port.c **** /* Constants required to set up the initial stack. */
  52:Middlewares/Third_Party/FreeRTOS/Source/portable/GCC/ARM_CM0/port.c **** #define portINITIAL_XPSR			( 0x01000000 )
  53:Middlewares/Third_Party/FreeRTOS/Source/portable/GCC/ARM_CM0/port.c **** 
  54:Middlewares/Third_Party/FreeRTOS/Source/portable/GCC/ARM_CM0/port.c **** /* The systick is a 24-bit counter. */
  55:Middlewares/Third_Party/FreeRTOS/Source/portable/GCC/ARM_CM0/port.c **** #define portMAX_24_BIT_NUMBER				( 0xffffffUL )
  56:Middlewares/Third_Party/FreeRTOS/Source/portable/GCC/ARM_CM0/port.c **** 
  57:Middlewares/Third_Party/FreeRTOS/Source/portable/GCC/ARM_CM0/port.c **** /* A fiddle factor to estimate the number of SysTick counts that would have
  58:Middlewares/Third_Party/FreeRTOS/Source/portable/GCC/ARM_CM0/port.c **** occurred while the SysTick counter is stopped during tickless idle
  59:Middlewares/Third_Party/FreeRTOS/Source/portable/GCC/ARM_CM0/port.c **** calculations. */
  60:Middlewares/Third_Party/FreeRTOS/Source/portable/GCC/ARM_CM0/port.c **** #ifndef portMISSED_COUNTS_FACTOR
  61:Middlewares/Third_Party/FreeRTOS/Source/portable/GCC/ARM_CM0/port.c **** 	#define portMISSED_COUNTS_FACTOR			( 45UL )
  62:Middlewares/Third_Party/FreeRTOS/Source/portable/GCC/ARM_CM0/port.c **** #endif
  63:Middlewares/Third_Party/FreeRTOS/Source/portable/GCC/ARM_CM0/port.c **** 
  64:Middlewares/Third_Party/FreeRTOS/Source/portable/GCC/ARM_CM0/port.c **** /* Let the user override the pre-loading of the initial LR with the address of
  65:Middlewares/Third_Party/FreeRTOS/Source/portable/GCC/ARM_CM0/port.c **** prvTaskExitError() in case it messes up unwinding of the stack in the
  66:Middlewares/Third_Party/FreeRTOS/Source/portable/GCC/ARM_CM0/port.c **** debugger. */
  67:Middlewares/Third_Party/FreeRTOS/Source/portable/GCC/ARM_CM0/port.c **** #ifdef configTASK_RETURN_ADDRESS
  68:Middlewares/Third_Party/FreeRTOS/Source/portable/GCC/ARM_CM0/port.c **** 	#define portTASK_RETURN_ADDRESS	configTASK_RETURN_ADDRESS
  69:Middlewares/Third_Party/FreeRTOS/Source/portable/GCC/ARM_CM0/port.c **** #else
  70:Middlewares/Third_Party/FreeRTOS/Source/portable/GCC/ARM_CM0/port.c **** 	#define portTASK_RETURN_ADDRESS	prvTaskExitError
  71:Middlewares/Third_Party/FreeRTOS/Source/portable/GCC/ARM_CM0/port.c **** #endif
  72:Middlewares/Third_Party/FreeRTOS/Source/portable/GCC/ARM_CM0/port.c **** 
  73:Middlewares/Third_Party/FreeRTOS/Source/portable/GCC/ARM_CM0/port.c **** /*
  74:Middlewares/Third_Party/FreeRTOS/Source/portable/GCC/ARM_CM0/port.c ****  * Setup the timer to generate the tick interrupts.  The implementation in this
  75:Middlewares/Third_Party/FreeRTOS/Source/portable/GCC/ARM_CM0/port.c ****  * file is weak to allow application writers to change the timer used to
  76:Middlewares/Third_Party/FreeRTOS/Source/portable/GCC/ARM_CM0/port.c ****  * generate the tick interrupt.
  77:Middlewares/Third_Party/FreeRTOS/Source/portable/GCC/ARM_CM0/port.c ****  */
  78:Middlewares/Third_Party/FreeRTOS/Source/portable/GCC/ARM_CM0/port.c **** void vPortSetupTimerInterrupt( void );
  79:Middlewares/Third_Party/FreeRTOS/Source/portable/GCC/ARM_CM0/port.c **** 
  80:Middlewares/Third_Party/FreeRTOS/Source/portable/GCC/ARM_CM0/port.c **** /*
  81:Middlewares/Third_Party/FreeRTOS/Source/portable/GCC/ARM_CM0/port.c ****  * Exception handlers.
  82:Middlewares/Third_Party/FreeRTOS/Source/portable/GCC/ARM_CM0/port.c ****  */
  83:Middlewares/Third_Party/FreeRTOS/Source/portable/GCC/ARM_CM0/port.c **** void xPortPendSVHandler( void ) __attribute__ (( naked ));
  84:Middlewares/Third_Party/FreeRTOS/Source/portable/GCC/ARM_CM0/port.c **** void xPortSysTickHandler( void );
  85:Middlewares/Third_Party/FreeRTOS/Source/portable/GCC/ARM_CM0/port.c **** void vPortSVCHandler( void );
  86:Middlewares/Third_Party/FreeRTOS/Source/portable/GCC/ARM_CM0/port.c **** 
  87:Middlewares/Third_Party/FreeRTOS/Source/portable/GCC/ARM_CM0/port.c **** /*
  88:Middlewares/Third_Party/FreeRTOS/Source/portable/GCC/ARM_CM0/port.c ****  * Start first task is a separate function so it can be tested in isolation.
  89:Middlewares/Third_Party/FreeRTOS/Source/portable/GCC/ARM_CM0/port.c ****  */
  90:Middlewares/Third_Party/FreeRTOS/Source/portable/GCC/ARM_CM0/port.c **** static void vPortStartFirstTask( void ) __attribute__ (( naked ));
ARM GAS  /tmp/ccTevuyP.s 			page 3


  91:Middlewares/Third_Party/FreeRTOS/Source/portable/GCC/ARM_CM0/port.c **** 
  92:Middlewares/Third_Party/FreeRTOS/Source/portable/GCC/ARM_CM0/port.c **** /*
  93:Middlewares/Third_Party/FreeRTOS/Source/portable/GCC/ARM_CM0/port.c ****  * Used to catch tasks that attempt to return from their implementing function.
  94:Middlewares/Third_Party/FreeRTOS/Source/portable/GCC/ARM_CM0/port.c ****  */
  95:Middlewares/Third_Party/FreeRTOS/Source/portable/GCC/ARM_CM0/port.c **** static void prvTaskExitError( void );
  96:Middlewares/Third_Party/FreeRTOS/Source/portable/GCC/ARM_CM0/port.c **** 
  97:Middlewares/Third_Party/FreeRTOS/Source/portable/GCC/ARM_CM0/port.c **** /*-----------------------------------------------------------*/
  98:Middlewares/Third_Party/FreeRTOS/Source/portable/GCC/ARM_CM0/port.c **** 
  99:Middlewares/Third_Party/FreeRTOS/Source/portable/GCC/ARM_CM0/port.c **** /* Each task maintains its own interrupt status in the critical nesting
 100:Middlewares/Third_Party/FreeRTOS/Source/portable/GCC/ARM_CM0/port.c **** variable. */
 101:Middlewares/Third_Party/FreeRTOS/Source/portable/GCC/ARM_CM0/port.c **** static UBaseType_t uxCriticalNesting = 0xaaaaaaaa;
 102:Middlewares/Third_Party/FreeRTOS/Source/portable/GCC/ARM_CM0/port.c **** 
 103:Middlewares/Third_Party/FreeRTOS/Source/portable/GCC/ARM_CM0/port.c **** /*-----------------------------------------------------------*/
 104:Middlewares/Third_Party/FreeRTOS/Source/portable/GCC/ARM_CM0/port.c **** 
 105:Middlewares/Third_Party/FreeRTOS/Source/portable/GCC/ARM_CM0/port.c **** /*
 106:Middlewares/Third_Party/FreeRTOS/Source/portable/GCC/ARM_CM0/port.c **** * The number of SysTick increments that make up one tick period.
 107:Middlewares/Third_Party/FreeRTOS/Source/portable/GCC/ARM_CM0/port.c **** */
 108:Middlewares/Third_Party/FreeRTOS/Source/portable/GCC/ARM_CM0/port.c **** #if( configUSE_TICKLESS_IDLE == 1 )
 109:Middlewares/Third_Party/FreeRTOS/Source/portable/GCC/ARM_CM0/port.c **** 	static uint32_t ulTimerCountsForOneTick = 0;
 110:Middlewares/Third_Party/FreeRTOS/Source/portable/GCC/ARM_CM0/port.c **** #endif /* configUSE_TICKLESS_IDLE */
 111:Middlewares/Third_Party/FreeRTOS/Source/portable/GCC/ARM_CM0/port.c **** 
 112:Middlewares/Third_Party/FreeRTOS/Source/portable/GCC/ARM_CM0/port.c **** /*
 113:Middlewares/Third_Party/FreeRTOS/Source/portable/GCC/ARM_CM0/port.c ****  * The maximum number of tick periods that can be suppressed is limited by the
 114:Middlewares/Third_Party/FreeRTOS/Source/portable/GCC/ARM_CM0/port.c ****  * 24 bit resolution of the SysTick timer.
 115:Middlewares/Third_Party/FreeRTOS/Source/portable/GCC/ARM_CM0/port.c ****  */
 116:Middlewares/Third_Party/FreeRTOS/Source/portable/GCC/ARM_CM0/port.c **** #if( configUSE_TICKLESS_IDLE == 1 )
 117:Middlewares/Third_Party/FreeRTOS/Source/portable/GCC/ARM_CM0/port.c **** 	static uint32_t xMaximumPossibleSuppressedTicks = 0;
 118:Middlewares/Third_Party/FreeRTOS/Source/portable/GCC/ARM_CM0/port.c **** #endif /* configUSE_TICKLESS_IDLE */
 119:Middlewares/Third_Party/FreeRTOS/Source/portable/GCC/ARM_CM0/port.c **** 
 120:Middlewares/Third_Party/FreeRTOS/Source/portable/GCC/ARM_CM0/port.c **** /*
 121:Middlewares/Third_Party/FreeRTOS/Source/portable/GCC/ARM_CM0/port.c ****  * Compensate for the CPU cycles that pass while the SysTick is stopped (low
 122:Middlewares/Third_Party/FreeRTOS/Source/portable/GCC/ARM_CM0/port.c ****  * power functionality only.
 123:Middlewares/Third_Party/FreeRTOS/Source/portable/GCC/ARM_CM0/port.c ****  */
 124:Middlewares/Third_Party/FreeRTOS/Source/portable/GCC/ARM_CM0/port.c **** #if( configUSE_TICKLESS_IDLE == 1 )
 125:Middlewares/Third_Party/FreeRTOS/Source/portable/GCC/ARM_CM0/port.c **** 	static uint32_t ulStoppedTimerCompensation = 0;
 126:Middlewares/Third_Party/FreeRTOS/Source/portable/GCC/ARM_CM0/port.c **** #endif /* configUSE_TICKLESS_IDLE */
 127:Middlewares/Third_Party/FreeRTOS/Source/portable/GCC/ARM_CM0/port.c **** 
 128:Middlewares/Third_Party/FreeRTOS/Source/portable/GCC/ARM_CM0/port.c **** /*-----------------------------------------------------------*/
 129:Middlewares/Third_Party/FreeRTOS/Source/portable/GCC/ARM_CM0/port.c **** 
 130:Middlewares/Third_Party/FreeRTOS/Source/portable/GCC/ARM_CM0/port.c **** /*
 131:Middlewares/Third_Party/FreeRTOS/Source/portable/GCC/ARM_CM0/port.c ****  * See header file for description.
 132:Middlewares/Third_Party/FreeRTOS/Source/portable/GCC/ARM_CM0/port.c ****  */
 133:Middlewares/Third_Party/FreeRTOS/Source/portable/GCC/ARM_CM0/port.c **** StackType_t *pxPortInitialiseStack( StackType_t *pxTopOfStack, TaskFunction_t pxCode, void *pvParam
 134:Middlewares/Third_Party/FreeRTOS/Source/portable/GCC/ARM_CM0/port.c **** {
 135:Middlewares/Third_Party/FreeRTOS/Source/portable/GCC/ARM_CM0/port.c **** 	/* Simulate the stack frame as it would be created by a context switch
 136:Middlewares/Third_Party/FreeRTOS/Source/portable/GCC/ARM_CM0/port.c **** 	interrupt. */
 137:Middlewares/Third_Party/FreeRTOS/Source/portable/GCC/ARM_CM0/port.c **** 	pxTopOfStack--; /* Offset added to account for the way the MCU uses the stack on entry/exit of int
 138:Middlewares/Third_Party/FreeRTOS/Source/portable/GCC/ARM_CM0/port.c **** 	*pxTopOfStack = portINITIAL_XPSR;	/* xPSR */
 139:Middlewares/Third_Party/FreeRTOS/Source/portable/GCC/ARM_CM0/port.c **** 	pxTopOfStack--;
 140:Middlewares/Third_Party/FreeRTOS/Source/portable/GCC/ARM_CM0/port.c **** 	*pxTopOfStack = ( StackType_t ) pxCode;	/* PC */
 141:Middlewares/Third_Party/FreeRTOS/Source/portable/GCC/ARM_CM0/port.c **** 	pxTopOfStack--;
 142:Middlewares/Third_Party/FreeRTOS/Source/portable/GCC/ARM_CM0/port.c **** 	*pxTopOfStack = ( StackType_t ) portTASK_RETURN_ADDRESS;	/* LR */
 143:Middlewares/Third_Party/FreeRTOS/Source/portable/GCC/ARM_CM0/port.c **** 	pxTopOfStack -= 5;	/* R12, R3, R2 and R1. */
 144:Middlewares/Third_Party/FreeRTOS/Source/portable/GCC/ARM_CM0/port.c **** 	*pxTopOfStack = ( StackType_t ) pvParameters;	/* R0 */
 145:Middlewares/Third_Party/FreeRTOS/Source/portable/GCC/ARM_CM0/port.c **** 	pxTopOfStack -= 8; /* R11..R4. */
 146:Middlewares/Third_Party/FreeRTOS/Source/portable/GCC/ARM_CM0/port.c **** 
 147:Middlewares/Third_Party/FreeRTOS/Source/portable/GCC/ARM_CM0/port.c **** 	return pxTopOfStack;
ARM GAS  /tmp/ccTevuyP.s 			page 4


 148:Middlewares/Third_Party/FreeRTOS/Source/portable/GCC/ARM_CM0/port.c **** }
 149:Middlewares/Third_Party/FreeRTOS/Source/portable/GCC/ARM_CM0/port.c **** /*-----------------------------------------------------------*/
 150:Middlewares/Third_Party/FreeRTOS/Source/portable/GCC/ARM_CM0/port.c **** 
 151:Middlewares/Third_Party/FreeRTOS/Source/portable/GCC/ARM_CM0/port.c **** static void prvTaskExitError( void )
 152:Middlewares/Third_Party/FreeRTOS/Source/portable/GCC/ARM_CM0/port.c **** {
  26              		.loc 1 152 1 view -0
  27              		.cfi_startproc
  28              		@ args = 0, pretend = 0, frame = 8
  29              		@ frame_needed = 0, uses_anonymous_args = 0
  30              		@ link register save eliminated.
  31 0000 82B0     		sub	sp, sp, #8
  32              	.LCFI0:
  33              		.cfi_def_cfa_offset 8
 153:Middlewares/Third_Party/FreeRTOS/Source/portable/GCC/ARM_CM0/port.c **** volatile uint32_t ulDummy = 0UL;
  34              		.loc 1 153 1 view .LVU1
  35              		.loc 1 153 19 is_stmt 0 view .LVU2
  36 0002 0023     		movs	r3, #0
  37 0004 0193     		str	r3, [sp, #4]
 154:Middlewares/Third_Party/FreeRTOS/Source/portable/GCC/ARM_CM0/port.c **** 
 155:Middlewares/Third_Party/FreeRTOS/Source/portable/GCC/ARM_CM0/port.c **** 	/* A function that implements a task must not exit or attempt to return to
 156:Middlewares/Third_Party/FreeRTOS/Source/portable/GCC/ARM_CM0/port.c **** 	its caller as there is nothing to return to.  If a task wants to exit it
 157:Middlewares/Third_Party/FreeRTOS/Source/portable/GCC/ARM_CM0/port.c **** 	should instead call vTaskDelete( NULL ).
 158:Middlewares/Third_Party/FreeRTOS/Source/portable/GCC/ARM_CM0/port.c **** 
 159:Middlewares/Third_Party/FreeRTOS/Source/portable/GCC/ARM_CM0/port.c **** 	Artificially force an assert() to be triggered if configASSERT() is
 160:Middlewares/Third_Party/FreeRTOS/Source/portable/GCC/ARM_CM0/port.c **** 	defined, then stop here so application writers can catch the error. */
 161:Middlewares/Third_Party/FreeRTOS/Source/portable/GCC/ARM_CM0/port.c **** 	configASSERT( uxCriticalNesting == ~0UL );
  38              		.loc 1 161 2 is_stmt 1 view .LVU3
  39 0006 064B     		ldr	r3, .L5
  40 0008 1B68     		ldr	r3, [r3]
  41 000a 0133     		adds	r3, r3, #1
  42 000c 01D0     		beq	.L2
  43              		.loc 1 161 2 discriminator 1 view .LVU4
  44              		.syntax divided
  45              	@ 161 "Middlewares/Third_Party/FreeRTOS/Source/portable/GCC/ARM_CM0/port.c" 1
  46 000e 72B6     		 cpsid i 
  47              	@ 0 "" 2
  48              		.thumb
  49              		.syntax unified
  50              	.L3:
  51              		.loc 1 161 2 discriminator 1 view .LVU5
  52              		.loc 1 161 2 discriminator 1 view .LVU6
  53              		.loc 1 161 2 discriminator 1 view .LVU7
  54 0010 FEE7     		b	.L3
  55              	.L2:
  56              		.loc 1 161 43 discriminator 2 view .LVU8
 162:Middlewares/Third_Party/FreeRTOS/Source/portable/GCC/ARM_CM0/port.c **** 	portDISABLE_INTERRUPTS();
  57              		.loc 1 162 2 discriminator 2 view .LVU9
  58              		.syntax divided
  59              	@ 162 "Middlewares/Third_Party/FreeRTOS/Source/portable/GCC/ARM_CM0/port.c" 1
  60 0012 72B6     		 cpsid i 
  61              	@ 0 "" 2
 163:Middlewares/Third_Party/FreeRTOS/Source/portable/GCC/ARM_CM0/port.c **** 	while( ulDummy == 0 )
  62              		.loc 1 163 2 discriminator 2 view .LVU10
  63              		.thumb
  64              		.syntax unified
  65              	.L4:
 164:Middlewares/Third_Party/FreeRTOS/Source/portable/GCC/ARM_CM0/port.c **** 	{
ARM GAS  /tmp/ccTevuyP.s 			page 5


 165:Middlewares/Third_Party/FreeRTOS/Source/portable/GCC/ARM_CM0/port.c **** 		/* This file calls prvTaskExitError() after the scheduler has been
 166:Middlewares/Third_Party/FreeRTOS/Source/portable/GCC/ARM_CM0/port.c **** 		started to remove a compiler warning about the function being defined
 167:Middlewares/Third_Party/FreeRTOS/Source/portable/GCC/ARM_CM0/port.c **** 		but never called.  ulDummy is used purely to quieten other warnings
 168:Middlewares/Third_Party/FreeRTOS/Source/portable/GCC/ARM_CM0/port.c **** 		about code appearing after this function is called - making ulDummy
 169:Middlewares/Third_Party/FreeRTOS/Source/portable/GCC/ARM_CM0/port.c **** 		volatile makes the compiler think the function could return and
 170:Middlewares/Third_Party/FreeRTOS/Source/portable/GCC/ARM_CM0/port.c **** 		therefore not output an 'unreachable code' warning for code that appears
 171:Middlewares/Third_Party/FreeRTOS/Source/portable/GCC/ARM_CM0/port.c **** 		after it. */
 172:Middlewares/Third_Party/FreeRTOS/Source/portable/GCC/ARM_CM0/port.c **** 	}
  66              		.loc 1 172 2 discriminator 1 view .LVU11
 163:Middlewares/Third_Party/FreeRTOS/Source/portable/GCC/ARM_CM0/port.c **** 	while( ulDummy == 0 )
  67              		.loc 1 163 7 discriminator 1 view .LVU12
 163:Middlewares/Third_Party/FreeRTOS/Source/portable/GCC/ARM_CM0/port.c **** 	while( ulDummy == 0 )
  68              		.loc 1 163 17 is_stmt 0 discriminator 1 view .LVU13
  69 0014 019B     		ldr	r3, [sp, #4]
 163:Middlewares/Third_Party/FreeRTOS/Source/portable/GCC/ARM_CM0/port.c **** 	while( ulDummy == 0 )
  70              		.loc 1 163 7 discriminator 1 view .LVU14
  71 0016 002B     		cmp	r3, #0
  72 0018 FCD0     		beq	.L4
 173:Middlewares/Third_Party/FreeRTOS/Source/portable/GCC/ARM_CM0/port.c **** }
  73              		.loc 1 173 1 view .LVU15
  74 001a 02B0     		add	sp, sp, #8
  75              		@ sp needed
  76 001c 7047     		bx	lr
  77              	.L6:
  78 001e C046     		.align	2
  79              	.L5:
  80 0020 00000000 		.word	.LANCHOR0
  81              		.cfi_endproc
  82              	.LFE1:
  84              		.section	.text.vPortStartFirstTask,"ax",%progbits
  85              		.align	1
  86              		.syntax unified
  87              		.code	16
  88              		.thumb_func
  89              		.fpu softvfp
  91              	vPortStartFirstTask:
  92              	.LFB3:
 174:Middlewares/Third_Party/FreeRTOS/Source/portable/GCC/ARM_CM0/port.c **** /*-----------------------------------------------------------*/
 175:Middlewares/Third_Party/FreeRTOS/Source/portable/GCC/ARM_CM0/port.c **** 
 176:Middlewares/Third_Party/FreeRTOS/Source/portable/GCC/ARM_CM0/port.c **** void vPortSVCHandler( void )
 177:Middlewares/Third_Party/FreeRTOS/Source/portable/GCC/ARM_CM0/port.c **** {
 178:Middlewares/Third_Party/FreeRTOS/Source/portable/GCC/ARM_CM0/port.c **** 	/* This function is no longer used, but retained for backward
 179:Middlewares/Third_Party/FreeRTOS/Source/portable/GCC/ARM_CM0/port.c **** 	compatibility. */
 180:Middlewares/Third_Party/FreeRTOS/Source/portable/GCC/ARM_CM0/port.c **** }
 181:Middlewares/Third_Party/FreeRTOS/Source/portable/GCC/ARM_CM0/port.c **** /*-----------------------------------------------------------*/
 182:Middlewares/Third_Party/FreeRTOS/Source/portable/GCC/ARM_CM0/port.c **** 
 183:Middlewares/Third_Party/FreeRTOS/Source/portable/GCC/ARM_CM0/port.c **** void vPortStartFirstTask( void )
 184:Middlewares/Third_Party/FreeRTOS/Source/portable/GCC/ARM_CM0/port.c **** {
  93              		.loc 1 184 1 is_stmt 1 view -0
  94              		.cfi_startproc
  95              		@ Naked Function: prologue and epilogue provided by programmer.
  96              		@ args = 0, pretend = 0, frame = 0
  97              		@ frame_needed = 0, uses_anonymous_args = 0
 185:Middlewares/Third_Party/FreeRTOS/Source/portable/GCC/ARM_CM0/port.c **** 	/* The MSP stack is not reset as, unlike on M3/4 parts, there is no vector
 186:Middlewares/Third_Party/FreeRTOS/Source/portable/GCC/ARM_CM0/port.c **** 	table offset register that can be used to locate the initial stack value.
 187:Middlewares/Third_Party/FreeRTOS/Source/portable/GCC/ARM_CM0/port.c **** 	Not all M0 parts have the application vector table at address 0. */
 188:Middlewares/Third_Party/FreeRTOS/Source/portable/GCC/ARM_CM0/port.c **** 	__asm volatile(
ARM GAS  /tmp/ccTevuyP.s 			page 6


  98              		.loc 1 188 2 view .LVU17
  99              		.syntax divided
 100              	@ 188 "Middlewares/Third_Party/FreeRTOS/Source/portable/GCC/ARM_CM0/port.c" 1
 101              			.syntax unified				
 102 0000 0B4A     		ldr  r2, pxCurrentTCBConst2	
 103 0002 1368     		ldr  r3, [r2]				
 104 0004 1868     		ldr  r0, [r3]				
 105 0006 2030     		adds r0, #32					
 106 0008 80F30988 		msr  psp, r0					
 107 000c 0220     		movs r0, #2					
 108 000e 80F31488 		msr  CONTROL, r0				
 109 0012 BFF36F8F 		isb							
 110 0016 3FBC     		pop  {r0-r5}					
 111 0018 AE46     		mov  lr, r5					
 112 001a 08BC     		pop  {r3}					
 113 001c 04BC     		pop  {r2}					
 114 001e 62B6     		cpsie i						
 115 0020 1847     		bx   r3						
 116              									
 117 0022 C046C046 		.align 4					
 117      C046C046 
 117      C046C046 
 117      C046
 118 0030 00000000 	pxCurrentTCBConst2: .word pxCurrentTCB	  
 119              	@ 0 "" 2
 189:Middlewares/Third_Party/FreeRTOS/Source/portable/GCC/ARM_CM0/port.c **** 	"	.syntax unified				\n"
 190:Middlewares/Third_Party/FreeRTOS/Source/portable/GCC/ARM_CM0/port.c **** 	"	ldr  r2, pxCurrentTCBConst2	\n" /* Obtain location of pxCurrentTCB. */
 191:Middlewares/Third_Party/FreeRTOS/Source/portable/GCC/ARM_CM0/port.c **** 	"	ldr  r3, [r2]				\n"
 192:Middlewares/Third_Party/FreeRTOS/Source/portable/GCC/ARM_CM0/port.c **** 	"	ldr  r0, [r3]				\n" /* The first item in pxCurrentTCB is the task top of stack. */
 193:Middlewares/Third_Party/FreeRTOS/Source/portable/GCC/ARM_CM0/port.c **** 	"	adds r0, #32					\n" /* Discard everything up to r0. */
 194:Middlewares/Third_Party/FreeRTOS/Source/portable/GCC/ARM_CM0/port.c **** 	"	msr  psp, r0					\n" /* This is now the new top of stack to use in the task. */
 195:Middlewares/Third_Party/FreeRTOS/Source/portable/GCC/ARM_CM0/port.c **** 	"	movs r0, #2					\n" /* Switch to the psp stack. */
 196:Middlewares/Third_Party/FreeRTOS/Source/portable/GCC/ARM_CM0/port.c **** 	"	msr  CONTROL, r0				\n"
 197:Middlewares/Third_Party/FreeRTOS/Source/portable/GCC/ARM_CM0/port.c **** 	"	isb							\n"
 198:Middlewares/Third_Party/FreeRTOS/Source/portable/GCC/ARM_CM0/port.c **** 	"	pop  {r0-r5}					\n" /* Pop the registers that are saved automatically. */
 199:Middlewares/Third_Party/FreeRTOS/Source/portable/GCC/ARM_CM0/port.c **** 	"	mov  lr, r5					\n" /* lr is now in r5. */
 200:Middlewares/Third_Party/FreeRTOS/Source/portable/GCC/ARM_CM0/port.c **** 	"	pop  {r3}					\n" /* Return address is now in r3. */
 201:Middlewares/Third_Party/FreeRTOS/Source/portable/GCC/ARM_CM0/port.c **** 	"	pop  {r2}					\n" /* Pop and discard XPSR. */
 202:Middlewares/Third_Party/FreeRTOS/Source/portable/GCC/ARM_CM0/port.c **** 	"	cpsie i						\n" /* The first task has its context and interrupts can be enabled. */
 203:Middlewares/Third_Party/FreeRTOS/Source/portable/GCC/ARM_CM0/port.c **** 	"	bx   r3						\n" /* Finally, jump to the user defined task code. */
 204:Middlewares/Third_Party/FreeRTOS/Source/portable/GCC/ARM_CM0/port.c **** 	"								\n"
 205:Middlewares/Third_Party/FreeRTOS/Source/portable/GCC/ARM_CM0/port.c **** 	"	.align 4					\n"
 206:Middlewares/Third_Party/FreeRTOS/Source/portable/GCC/ARM_CM0/port.c **** 	"pxCurrentTCBConst2: .word pxCurrentTCB	  "
 207:Middlewares/Third_Party/FreeRTOS/Source/portable/GCC/ARM_CM0/port.c **** 				  );
 208:Middlewares/Third_Party/FreeRTOS/Source/portable/GCC/ARM_CM0/port.c **** }
 120              		.loc 1 208 1 is_stmt 0 view .LVU18
 121              		.thumb
 122              		.syntax unified
 123              		.cfi_endproc
 124              	.LFE3:
 126              		.section	.text.pxPortInitialiseStack,"ax",%progbits
 127              		.align	1
 128              		.global	pxPortInitialiseStack
 129              		.syntax unified
 130              		.code	16
 131              		.thumb_func
 132              		.fpu softvfp
ARM GAS  /tmp/ccTevuyP.s 			page 7


 134              	pxPortInitialiseStack:
 135              	.LVL0:
 136              	.LFB0:
 134:Middlewares/Third_Party/FreeRTOS/Source/portable/GCC/ARM_CM0/port.c **** 	/* Simulate the stack frame as it would be created by a context switch
 137              		.loc 1 134 1 is_stmt 1 view -0
 138              		.cfi_startproc
 139              		@ args = 0, pretend = 0, frame = 0
 140              		@ frame_needed = 0, uses_anonymous_args = 0
 134:Middlewares/Third_Party/FreeRTOS/Source/portable/GCC/ARM_CM0/port.c **** 	/* Simulate the stack frame as it would be created by a context switch
 141              		.loc 1 134 1 is_stmt 0 view .LVU20
 142 0000 10B5     		push	{r4, lr}
 143              	.LCFI1:
 144              		.cfi_def_cfa_offset 8
 145              		.cfi_offset 4, -8
 146              		.cfi_offset 14, -4
 137:Middlewares/Third_Party/FreeRTOS/Source/portable/GCC/ARM_CM0/port.c **** 	*pxTopOfStack = portINITIAL_XPSR;	/* xPSR */
 147              		.loc 1 137 2 is_stmt 1 view .LVU21
 148              	.LVL1:
 138:Middlewares/Third_Party/FreeRTOS/Source/portable/GCC/ARM_CM0/port.c **** 	pxTopOfStack--;
 149              		.loc 1 138 2 view .LVU22
 138:Middlewares/Third_Party/FreeRTOS/Source/portable/GCC/ARM_CM0/port.c **** 	pxTopOfStack--;
 150              		.loc 1 138 16 is_stmt 0 view .LVU23
 151 0002 031F     		subs	r3, r0, #4
 152              	.LVL2:
 138:Middlewares/Third_Party/FreeRTOS/Source/portable/GCC/ARM_CM0/port.c **** 	pxTopOfStack--;
 153              		.loc 1 138 16 view .LVU24
 154 0004 8024     		movs	r4, #128
 155 0006 6404     		lsls	r4, r4, #17
 156 0008 1C60     		str	r4, [r3]
 139:Middlewares/Third_Party/FreeRTOS/Source/portable/GCC/ARM_CM0/port.c **** 	*pxTopOfStack = ( StackType_t ) pxCode;	/* PC */
 157              		.loc 1 139 2 is_stmt 1 view .LVU25
 158              	.LVL3:
 140:Middlewares/Third_Party/FreeRTOS/Source/portable/GCC/ARM_CM0/port.c **** 	pxTopOfStack--;
 159              		.loc 1 140 2 view .LVU26
 140:Middlewares/Third_Party/FreeRTOS/Source/portable/GCC/ARM_CM0/port.c **** 	pxTopOfStack--;
 160              		.loc 1 140 16 is_stmt 0 view .LVU27
 161 000a 043B     		subs	r3, r3, #4
 162 000c 1960     		str	r1, [r3]
 141:Middlewares/Third_Party/FreeRTOS/Source/portable/GCC/ARM_CM0/port.c **** 	*pxTopOfStack = ( StackType_t ) portTASK_RETURN_ADDRESS;	/* LR */
 163              		.loc 1 141 2 is_stmt 1 view .LVU28
 164              	.LVL4:
 142:Middlewares/Third_Party/FreeRTOS/Source/portable/GCC/ARM_CM0/port.c **** 	pxTopOfStack -= 5;	/* R12, R3, R2 and R1. */
 165              		.loc 1 142 2 view .LVU29
 142:Middlewares/Third_Party/FreeRTOS/Source/portable/GCC/ARM_CM0/port.c **** 	pxTopOfStack -= 5;	/* R12, R3, R2 and R1. */
 166              		.loc 1 142 16 is_stmt 0 view .LVU30
 167 000e 043B     		subs	r3, r3, #4
 168 0010 0249     		ldr	r1, .L9
 169              	.LVL5:
 142:Middlewares/Third_Party/FreeRTOS/Source/portable/GCC/ARM_CM0/port.c **** 	pxTopOfStack -= 5;	/* R12, R3, R2 and R1. */
 170              		.loc 1 142 16 view .LVU31
 171 0012 1960     		str	r1, [r3]
 143:Middlewares/Third_Party/FreeRTOS/Source/portable/GCC/ARM_CM0/port.c **** 	*pxTopOfStack = ( StackType_t ) pvParameters;	/* R0 */
 172              		.loc 1 143 2 is_stmt 1 view .LVU32
 173              	.LVL6:
 144:Middlewares/Third_Party/FreeRTOS/Source/portable/GCC/ARM_CM0/port.c **** 	pxTopOfStack -= 8; /* R11..R4. */
 174              		.loc 1 144 2 view .LVU33
 144:Middlewares/Third_Party/FreeRTOS/Source/portable/GCC/ARM_CM0/port.c **** 	pxTopOfStack -= 8; /* R11..R4. */
ARM GAS  /tmp/ccTevuyP.s 			page 8


 175              		.loc 1 144 16 is_stmt 0 view .LVU34
 176 0014 143B     		subs	r3, r3, #20
 177              	.LVL7:
 144:Middlewares/Third_Party/FreeRTOS/Source/portable/GCC/ARM_CM0/port.c **** 	pxTopOfStack -= 8; /* R11..R4. */
 178              		.loc 1 144 16 view .LVU35
 179 0016 1A60     		str	r2, [r3]
 145:Middlewares/Third_Party/FreeRTOS/Source/portable/GCC/ARM_CM0/port.c **** 
 180              		.loc 1 145 2 is_stmt 1 view .LVU36
 145:Middlewares/Third_Party/FreeRTOS/Source/portable/GCC/ARM_CM0/port.c **** 
 181              		.loc 1 145 15 is_stmt 0 view .LVU37
 182 0018 4038     		subs	r0, r0, #64
 183              	.LVL8:
 147:Middlewares/Third_Party/FreeRTOS/Source/portable/GCC/ARM_CM0/port.c **** }
 184              		.loc 1 147 2 is_stmt 1 view .LVU38
 148:Middlewares/Third_Party/FreeRTOS/Source/portable/GCC/ARM_CM0/port.c **** /*-----------------------------------------------------------*/
 185              		.loc 1 148 1 is_stmt 0 view .LVU39
 186              		@ sp needed
 187 001a 10BD     		pop	{r4, pc}
 188              	.L10:
 189              		.align	2
 190              	.L9:
 191 001c 00000000 		.word	prvTaskExitError
 192              		.cfi_endproc
 193              	.LFE0:
 195              		.section	.text.SVC_Handler,"ax",%progbits
 196              		.align	1
 197              		.global	SVC_Handler
 198              		.syntax unified
 199              		.code	16
 200              		.thumb_func
 201              		.fpu softvfp
 203              	SVC_Handler:
 204              	.LFB2:
 177:Middlewares/Third_Party/FreeRTOS/Source/portable/GCC/ARM_CM0/port.c **** 	/* This function is no longer used, but retained for backward
 205              		.loc 1 177 1 is_stmt 1 view -0
 206              		.cfi_startproc
 207              		@ args = 0, pretend = 0, frame = 0
 208              		@ frame_needed = 0, uses_anonymous_args = 0
 209              		@ link register save eliminated.
 180:Middlewares/Third_Party/FreeRTOS/Source/portable/GCC/ARM_CM0/port.c **** /*-----------------------------------------------------------*/
 210              		.loc 1 180 1 view .LVU41
 211              		@ sp needed
 212 0000 7047     		bx	lr
 213              		.cfi_endproc
 214              	.LFE2:
 216              		.section	.text.vPortEndScheduler,"ax",%progbits
 217              		.align	1
 218              		.global	vPortEndScheduler
 219              		.syntax unified
 220              		.code	16
 221              		.thumb_func
 222              		.fpu softvfp
 224              	vPortEndScheduler:
 225              	.LFB5:
 209:Middlewares/Third_Party/FreeRTOS/Source/portable/GCC/ARM_CM0/port.c **** /*-----------------------------------------------------------*/
 210:Middlewares/Third_Party/FreeRTOS/Source/portable/GCC/ARM_CM0/port.c **** 
 211:Middlewares/Third_Party/FreeRTOS/Source/portable/GCC/ARM_CM0/port.c **** /*
ARM GAS  /tmp/ccTevuyP.s 			page 9


 212:Middlewares/Third_Party/FreeRTOS/Source/portable/GCC/ARM_CM0/port.c ****  * See header file for description.
 213:Middlewares/Third_Party/FreeRTOS/Source/portable/GCC/ARM_CM0/port.c ****  */
 214:Middlewares/Third_Party/FreeRTOS/Source/portable/GCC/ARM_CM0/port.c **** BaseType_t xPortStartScheduler( void )
 215:Middlewares/Third_Party/FreeRTOS/Source/portable/GCC/ARM_CM0/port.c **** {
 216:Middlewares/Third_Party/FreeRTOS/Source/portable/GCC/ARM_CM0/port.c **** 	/* Make PendSV, CallSV and SysTick the same priority as the kernel. */
 217:Middlewares/Third_Party/FreeRTOS/Source/portable/GCC/ARM_CM0/port.c **** 	portNVIC_SYSPRI2_REG |= portNVIC_PENDSV_PRI;
 218:Middlewares/Third_Party/FreeRTOS/Source/portable/GCC/ARM_CM0/port.c **** 	portNVIC_SYSPRI2_REG |= portNVIC_SYSTICK_PRI;
 219:Middlewares/Third_Party/FreeRTOS/Source/portable/GCC/ARM_CM0/port.c **** 
 220:Middlewares/Third_Party/FreeRTOS/Source/portable/GCC/ARM_CM0/port.c **** 	/* Start the timer that generates the tick ISR.  Interrupts are disabled
 221:Middlewares/Third_Party/FreeRTOS/Source/portable/GCC/ARM_CM0/port.c **** 	here already. */
 222:Middlewares/Third_Party/FreeRTOS/Source/portable/GCC/ARM_CM0/port.c **** 	vPortSetupTimerInterrupt();
 223:Middlewares/Third_Party/FreeRTOS/Source/portable/GCC/ARM_CM0/port.c **** 
 224:Middlewares/Third_Party/FreeRTOS/Source/portable/GCC/ARM_CM0/port.c **** 	/* Initialise the critical nesting count ready for the first task. */
 225:Middlewares/Third_Party/FreeRTOS/Source/portable/GCC/ARM_CM0/port.c **** 	uxCriticalNesting = 0;
 226:Middlewares/Third_Party/FreeRTOS/Source/portable/GCC/ARM_CM0/port.c **** 
 227:Middlewares/Third_Party/FreeRTOS/Source/portable/GCC/ARM_CM0/port.c **** 	/* Start the first task. */
 228:Middlewares/Third_Party/FreeRTOS/Source/portable/GCC/ARM_CM0/port.c **** 	vPortStartFirstTask();
 229:Middlewares/Third_Party/FreeRTOS/Source/portable/GCC/ARM_CM0/port.c **** 
 230:Middlewares/Third_Party/FreeRTOS/Source/portable/GCC/ARM_CM0/port.c **** 	/* Should never get here as the tasks will now be executing!  Call the task
 231:Middlewares/Third_Party/FreeRTOS/Source/portable/GCC/ARM_CM0/port.c **** 	exit error function to prevent compiler warnings about a static function
 232:Middlewares/Third_Party/FreeRTOS/Source/portable/GCC/ARM_CM0/port.c **** 	not being called in the case that the application writer overrides this
 233:Middlewares/Third_Party/FreeRTOS/Source/portable/GCC/ARM_CM0/port.c **** 	functionality by defining configTASK_RETURN_ADDRESS.  Call
 234:Middlewares/Third_Party/FreeRTOS/Source/portable/GCC/ARM_CM0/port.c **** 	vTaskSwitchContext() so link time optimisation does not remove the
 235:Middlewares/Third_Party/FreeRTOS/Source/portable/GCC/ARM_CM0/port.c **** 	symbol. */
 236:Middlewares/Third_Party/FreeRTOS/Source/portable/GCC/ARM_CM0/port.c **** 	vTaskSwitchContext();
 237:Middlewares/Third_Party/FreeRTOS/Source/portable/GCC/ARM_CM0/port.c **** 	prvTaskExitError();
 238:Middlewares/Third_Party/FreeRTOS/Source/portable/GCC/ARM_CM0/port.c **** 
 239:Middlewares/Third_Party/FreeRTOS/Source/portable/GCC/ARM_CM0/port.c **** 	/* Should not get here! */
 240:Middlewares/Third_Party/FreeRTOS/Source/portable/GCC/ARM_CM0/port.c **** 	return 0;
 241:Middlewares/Third_Party/FreeRTOS/Source/portable/GCC/ARM_CM0/port.c **** }
 242:Middlewares/Third_Party/FreeRTOS/Source/portable/GCC/ARM_CM0/port.c **** /*-----------------------------------------------------------*/
 243:Middlewares/Third_Party/FreeRTOS/Source/portable/GCC/ARM_CM0/port.c **** 
 244:Middlewares/Third_Party/FreeRTOS/Source/portable/GCC/ARM_CM0/port.c **** void vPortEndScheduler( void )
 245:Middlewares/Third_Party/FreeRTOS/Source/portable/GCC/ARM_CM0/port.c **** {
 226              		.loc 1 245 1 view -0
 227              		.cfi_startproc
 228              		@ args = 0, pretend = 0, frame = 0
 229              		@ frame_needed = 0, uses_anonymous_args = 0
 230              		@ link register save eliminated.
 246:Middlewares/Third_Party/FreeRTOS/Source/portable/GCC/ARM_CM0/port.c **** 	/* Not implemented in ports where there is nothing to return to.
 247:Middlewares/Third_Party/FreeRTOS/Source/portable/GCC/ARM_CM0/port.c **** 	Artificially force an assert. */
 248:Middlewares/Third_Party/FreeRTOS/Source/portable/GCC/ARM_CM0/port.c **** 	configASSERT( uxCriticalNesting == 1000UL );
 231              		.loc 1 248 2 view .LVU43
 232 0000 044B     		ldr	r3, .L15
 233 0002 1A68     		ldr	r2, [r3]
 234 0004 FA23     		movs	r3, #250
 235 0006 9B00     		lsls	r3, r3, #2
 236 0008 9A42     		cmp	r2, r3
 237 000a 01D0     		beq	.L12
 238              		.loc 1 248 2 discriminator 1 view .LVU44
 239              		.syntax divided
 240              	@ 248 "Middlewares/Third_Party/FreeRTOS/Source/portable/GCC/ARM_CM0/port.c" 1
 241 000c 72B6     		 cpsid i 
 242              	@ 0 "" 2
 243              		.thumb
 244              		.syntax unified
 245              	.L14:
ARM GAS  /tmp/ccTevuyP.s 			page 10


 246              		.loc 1 248 2 discriminator 1 view .LVU45
 247              		.loc 1 248 2 discriminator 1 view .LVU46
 248              		.loc 1 248 2 discriminator 1 view .LVU47
 249 000e FEE7     		b	.L14
 250              	.L12:
 249:Middlewares/Third_Party/FreeRTOS/Source/portable/GCC/ARM_CM0/port.c **** }
 251              		.loc 1 249 1 is_stmt 0 view .LVU48
 252              		@ sp needed
 253 0010 7047     		bx	lr
 254              	.L16:
 255 0012 C046     		.align	2
 256              	.L15:
 257 0014 00000000 		.word	.LANCHOR0
 258              		.cfi_endproc
 259              	.LFE5:
 261              		.section	.text.vPortYield,"ax",%progbits
 262              		.align	1
 263              		.global	vPortYield
 264              		.syntax unified
 265              		.code	16
 266              		.thumb_func
 267              		.fpu softvfp
 269              	vPortYield:
 270              	.LFB6:
 250:Middlewares/Third_Party/FreeRTOS/Source/portable/GCC/ARM_CM0/port.c **** /*-----------------------------------------------------------*/
 251:Middlewares/Third_Party/FreeRTOS/Source/portable/GCC/ARM_CM0/port.c **** 
 252:Middlewares/Third_Party/FreeRTOS/Source/portable/GCC/ARM_CM0/port.c **** void vPortYield( void )
 253:Middlewares/Third_Party/FreeRTOS/Source/portable/GCC/ARM_CM0/port.c **** {
 271              		.loc 1 253 1 is_stmt 1 view -0
 272              		.cfi_startproc
 273              		@ args = 0, pretend = 0, frame = 0
 274              		@ frame_needed = 0, uses_anonymous_args = 0
 275              		@ link register save eliminated.
 254:Middlewares/Third_Party/FreeRTOS/Source/portable/GCC/ARM_CM0/port.c **** 	/* Set a PendSV to request a context switch. */
 255:Middlewares/Third_Party/FreeRTOS/Source/portable/GCC/ARM_CM0/port.c **** 	portNVIC_INT_CTRL_REG = portNVIC_PENDSVSET_BIT;
 276              		.loc 1 255 2 view .LVU50
 277              		.loc 1 255 24 is_stmt 0 view .LVU51
 278 0000 044B     		ldr	r3, .L18
 279 0002 8022     		movs	r2, #128
 280 0004 5205     		lsls	r2, r2, #21
 281 0006 1A60     		str	r2, [r3]
 256:Middlewares/Third_Party/FreeRTOS/Source/portable/GCC/ARM_CM0/port.c **** 
 257:Middlewares/Third_Party/FreeRTOS/Source/portable/GCC/ARM_CM0/port.c **** 	/* Barriers are normally not required but do ensure the code is completely
 258:Middlewares/Third_Party/FreeRTOS/Source/portable/GCC/ARM_CM0/port.c **** 	within the specified behaviour for the architecture. */
 259:Middlewares/Third_Party/FreeRTOS/Source/portable/GCC/ARM_CM0/port.c **** 	__asm volatile( "dsb" ::: "memory" );
 282              		.loc 1 259 2 is_stmt 1 view .LVU52
 283              		.syntax divided
 284              	@ 259 "Middlewares/Third_Party/FreeRTOS/Source/portable/GCC/ARM_CM0/port.c" 1
 285 0008 BFF34F8F 		dsb
 286              	@ 0 "" 2
 260:Middlewares/Third_Party/FreeRTOS/Source/portable/GCC/ARM_CM0/port.c **** 	__asm volatile( "isb" );
 287              		.loc 1 260 2 view .LVU53
 288              	@ 260 "Middlewares/Third_Party/FreeRTOS/Source/portable/GCC/ARM_CM0/port.c" 1
 289 000c BFF36F8F 		isb
 290              	@ 0 "" 2
 261:Middlewares/Third_Party/FreeRTOS/Source/portable/GCC/ARM_CM0/port.c **** }
 291              		.loc 1 261 1 is_stmt 0 view .LVU54
ARM GAS  /tmp/ccTevuyP.s 			page 11


 292              		.thumb
 293              		.syntax unified
 294              		@ sp needed
 295 0010 7047     		bx	lr
 296              	.L19:
 297 0012 C046     		.align	2
 298              	.L18:
 299 0014 04ED00E0 		.word	-536810236
 300              		.cfi_endproc
 301              	.LFE6:
 303              		.section	.text.vPortEnterCritical,"ax",%progbits
 304              		.align	1
 305              		.global	vPortEnterCritical
 306              		.syntax unified
 307              		.code	16
 308              		.thumb_func
 309              		.fpu softvfp
 311              	vPortEnterCritical:
 312              	.LFB7:
 262:Middlewares/Third_Party/FreeRTOS/Source/portable/GCC/ARM_CM0/port.c **** /*-----------------------------------------------------------*/
 263:Middlewares/Third_Party/FreeRTOS/Source/portable/GCC/ARM_CM0/port.c **** 
 264:Middlewares/Third_Party/FreeRTOS/Source/portable/GCC/ARM_CM0/port.c **** void vPortEnterCritical( void )
 265:Middlewares/Third_Party/FreeRTOS/Source/portable/GCC/ARM_CM0/port.c **** {
 313              		.loc 1 265 1 is_stmt 1 view -0
 314              		.cfi_startproc
 315              		@ args = 0, pretend = 0, frame = 0
 316              		@ frame_needed = 0, uses_anonymous_args = 0
 317              		@ link register save eliminated.
 266:Middlewares/Third_Party/FreeRTOS/Source/portable/GCC/ARM_CM0/port.c **** 	portDISABLE_INTERRUPTS();
 318              		.loc 1 266 2 view .LVU56
 319              		.syntax divided
 320              	@ 266 "Middlewares/Third_Party/FreeRTOS/Source/portable/GCC/ARM_CM0/port.c" 1
 321 0000 72B6     		 cpsid i 
 322              	@ 0 "" 2
 267:Middlewares/Third_Party/FreeRTOS/Source/portable/GCC/ARM_CM0/port.c **** 	uxCriticalNesting++;
 323              		.loc 1 267 2 view .LVU57
 324              		.loc 1 267 19 is_stmt 0 view .LVU58
 325              		.thumb
 326              		.syntax unified
 327 0002 044A     		ldr	r2, .L21
 328 0004 1368     		ldr	r3, [r2]
 329 0006 0133     		adds	r3, r3, #1
 330 0008 1360     		str	r3, [r2]
 268:Middlewares/Third_Party/FreeRTOS/Source/portable/GCC/ARM_CM0/port.c **** 	__asm volatile( "dsb" ::: "memory" );
 331              		.loc 1 268 2 is_stmt 1 view .LVU59
 332              		.syntax divided
 333              	@ 268 "Middlewares/Third_Party/FreeRTOS/Source/portable/GCC/ARM_CM0/port.c" 1
 334 000a BFF34F8F 		dsb
 335              	@ 0 "" 2
 269:Middlewares/Third_Party/FreeRTOS/Source/portable/GCC/ARM_CM0/port.c **** 	__asm volatile( "isb" );
 336              		.loc 1 269 2 view .LVU60
 337              	@ 269 "Middlewares/Third_Party/FreeRTOS/Source/portable/GCC/ARM_CM0/port.c" 1
 338 000e BFF36F8F 		isb
 339              	@ 0 "" 2
 270:Middlewares/Third_Party/FreeRTOS/Source/portable/GCC/ARM_CM0/port.c **** }
 340              		.loc 1 270 1 is_stmt 0 view .LVU61
 341              		.thumb
ARM GAS  /tmp/ccTevuyP.s 			page 12


 342              		.syntax unified
 343              		@ sp needed
 344 0012 7047     		bx	lr
 345              	.L22:
 346              		.align	2
 347              	.L21:
 348 0014 00000000 		.word	.LANCHOR0
 349              		.cfi_endproc
 350              	.LFE7:
 352              		.section	.text.vPortExitCritical,"ax",%progbits
 353              		.align	1
 354              		.global	vPortExitCritical
 355              		.syntax unified
 356              		.code	16
 357              		.thumb_func
 358              		.fpu softvfp
 360              	vPortExitCritical:
 361              	.LFB8:
 271:Middlewares/Third_Party/FreeRTOS/Source/portable/GCC/ARM_CM0/port.c **** /*-----------------------------------------------------------*/
 272:Middlewares/Third_Party/FreeRTOS/Source/portable/GCC/ARM_CM0/port.c **** 
 273:Middlewares/Third_Party/FreeRTOS/Source/portable/GCC/ARM_CM0/port.c **** void vPortExitCritical( void )
 274:Middlewares/Third_Party/FreeRTOS/Source/portable/GCC/ARM_CM0/port.c **** {
 362              		.loc 1 274 1 is_stmt 1 view -0
 363              		.cfi_startproc
 364              		@ args = 0, pretend = 0, frame = 0
 365              		@ frame_needed = 0, uses_anonymous_args = 0
 366              		@ link register save eliminated.
 275:Middlewares/Third_Party/FreeRTOS/Source/portable/GCC/ARM_CM0/port.c **** 	configASSERT( uxCriticalNesting );
 367              		.loc 1 275 2 view .LVU63
 368 0000 064B     		ldr	r3, .L27
 369 0002 1B68     		ldr	r3, [r3]
 370 0004 002B     		cmp	r3, #0
 371 0006 01D1     		bne	.L24
 372              		.loc 1 275 2 discriminator 1 view .LVU64
 373              		.syntax divided
 374              	@ 275 "Middlewares/Third_Party/FreeRTOS/Source/portable/GCC/ARM_CM0/port.c" 1
 375 0008 72B6     		 cpsid i 
 376              	@ 0 "" 2
 377              		.thumb
 378              		.syntax unified
 379              	.L25:
 380              		.loc 1 275 2 discriminator 1 view .LVU65
 381              		.loc 1 275 2 discriminator 1 view .LVU66
 382              		.loc 1 275 2 discriminator 1 view .LVU67
 383 000a FEE7     		b	.L25
 384              	.L24:
 385              		.loc 1 275 35 discriminator 2 view .LVU68
 276:Middlewares/Third_Party/FreeRTOS/Source/portable/GCC/ARM_CM0/port.c **** 	uxCriticalNesting--;
 386              		.loc 1 276 2 discriminator 2 view .LVU69
 387              		.loc 1 276 19 is_stmt 0 discriminator 2 view .LVU70
 388 000c 013B     		subs	r3, r3, #1
 389 000e 034A     		ldr	r2, .L27
 390 0010 1360     		str	r3, [r2]
 277:Middlewares/Third_Party/FreeRTOS/Source/portable/GCC/ARM_CM0/port.c **** 	if( uxCriticalNesting == 0 )
 391              		.loc 1 277 2 is_stmt 1 discriminator 2 view .LVU71
 392              		.loc 1 277 4 is_stmt 0 discriminator 2 view .LVU72
 393 0012 002B     		cmp	r3, #0
ARM GAS  /tmp/ccTevuyP.s 			page 13


 394 0014 00D1     		bne	.L23
 278:Middlewares/Third_Party/FreeRTOS/Source/portable/GCC/ARM_CM0/port.c **** 	{
 279:Middlewares/Third_Party/FreeRTOS/Source/portable/GCC/ARM_CM0/port.c **** 		portENABLE_INTERRUPTS();
 395              		.loc 1 279 3 is_stmt 1 view .LVU73
 396              		.syntax divided
 397              	@ 279 "Middlewares/Third_Party/FreeRTOS/Source/portable/GCC/ARM_CM0/port.c" 1
 398 0016 62B6     		 cpsie i 
 399              	@ 0 "" 2
 400              		.thumb
 401              		.syntax unified
 402              	.L23:
 280:Middlewares/Third_Party/FreeRTOS/Source/portable/GCC/ARM_CM0/port.c **** 	}
 281:Middlewares/Third_Party/FreeRTOS/Source/portable/GCC/ARM_CM0/port.c **** }
 403              		.loc 1 281 1 is_stmt 0 view .LVU74
 404              		@ sp needed
 405 0018 7047     		bx	lr
 406              	.L28:
 407 001a C046     		.align	2
 408              	.L27:
 409 001c 00000000 		.word	.LANCHOR0
 410              		.cfi_endproc
 411              	.LFE8:
 413              		.section	.text.ulSetInterruptMaskFromISR,"ax",%progbits
 414              		.align	1
 415              		.global	ulSetInterruptMaskFromISR
 416              		.syntax unified
 417              		.code	16
 418              		.thumb_func
 419              		.fpu softvfp
 421              	ulSetInterruptMaskFromISR:
 422              	.LFB9:
 282:Middlewares/Third_Party/FreeRTOS/Source/portable/GCC/ARM_CM0/port.c **** /*-----------------------------------------------------------*/
 283:Middlewares/Third_Party/FreeRTOS/Source/portable/GCC/ARM_CM0/port.c **** 
 284:Middlewares/Third_Party/FreeRTOS/Source/portable/GCC/ARM_CM0/port.c **** uint32_t ulSetInterruptMaskFromISR( void )
 285:Middlewares/Third_Party/FreeRTOS/Source/portable/GCC/ARM_CM0/port.c **** {
 423              		.loc 1 285 1 is_stmt 1 view -0
 424              		.cfi_startproc
 425              		@ Naked Function: prologue and epilogue provided by programmer.
 426              		@ args = 0, pretend = 0, frame = 0
 427              		@ frame_needed = 0, uses_anonymous_args = 0
 286:Middlewares/Third_Party/FreeRTOS/Source/portable/GCC/ARM_CM0/port.c **** 	__asm volatile(
 428              		.loc 1 286 2 view .LVU76
 429              		.syntax divided
 430              	@ 286 "Middlewares/Third_Party/FreeRTOS/Source/portable/GCC/ARM_CM0/port.c" 1
 431 0000 EFF31080 		 mrs r0, PRIMASK	
 432 0004 72B6     	 cpsid i			
 433 0006 7047     	 bx lr				  
 434              	@ 0 "" 2
 287:Middlewares/Third_Party/FreeRTOS/Source/portable/GCC/ARM_CM0/port.c **** 					" mrs r0, PRIMASK	\n"
 288:Middlewares/Third_Party/FreeRTOS/Source/portable/GCC/ARM_CM0/port.c **** 					" cpsid i			\n"
 289:Middlewares/Third_Party/FreeRTOS/Source/portable/GCC/ARM_CM0/port.c **** 					" bx lr				  "
 290:Middlewares/Third_Party/FreeRTOS/Source/portable/GCC/ARM_CM0/port.c **** 					::: "memory"
 291:Middlewares/Third_Party/FreeRTOS/Source/portable/GCC/ARM_CM0/port.c **** 				  );
 292:Middlewares/Third_Party/FreeRTOS/Source/portable/GCC/ARM_CM0/port.c **** }
 435              		.loc 1 292 1 is_stmt 0 view .LVU77
 436              		.thumb
 437              		.syntax unified
ARM GAS  /tmp/ccTevuyP.s 			page 14


 438              		.cfi_endproc
 439              	.LFE9:
 441              		.section	.text.vClearInterruptMaskFromISR,"ax",%progbits
 442              		.align	1
 443              		.global	vClearInterruptMaskFromISR
 444              		.syntax unified
 445              		.code	16
 446              		.thumb_func
 447              		.fpu softvfp
 449              	vClearInterruptMaskFromISR:
 450              	.LVL9:
 451              	.LFB10:
 293:Middlewares/Third_Party/FreeRTOS/Source/portable/GCC/ARM_CM0/port.c **** /*-----------------------------------------------------------*/
 294:Middlewares/Third_Party/FreeRTOS/Source/portable/GCC/ARM_CM0/port.c **** 
 295:Middlewares/Third_Party/FreeRTOS/Source/portable/GCC/ARM_CM0/port.c **** void vClearInterruptMaskFromISR( __attribute__( ( unused ) ) uint32_t ulMask )
 296:Middlewares/Third_Party/FreeRTOS/Source/portable/GCC/ARM_CM0/port.c **** {
 452              		.loc 1 296 1 is_stmt 1 view -0
 453              		.cfi_startproc
 454              		@ Naked Function: prologue and epilogue provided by programmer.
 455              		@ args = 0, pretend = 0, frame = 0
 456              		@ frame_needed = 0, uses_anonymous_args = 0
 297:Middlewares/Third_Party/FreeRTOS/Source/portable/GCC/ARM_CM0/port.c **** 	__asm volatile(
 457              		.loc 1 297 2 view .LVU79
 458              		.syntax divided
 459              	@ 297 "Middlewares/Third_Party/FreeRTOS/Source/portable/GCC/ARM_CM0/port.c" 1
 460 0000 80F31088 		 msr PRIMASK, r0	
 461 0004 7047     	 bx lr				  
 462              	@ 0 "" 2
 298:Middlewares/Third_Party/FreeRTOS/Source/portable/GCC/ARM_CM0/port.c **** 					" msr PRIMASK, r0	\n"
 299:Middlewares/Third_Party/FreeRTOS/Source/portable/GCC/ARM_CM0/port.c **** 					" bx lr				  "
 300:Middlewares/Third_Party/FreeRTOS/Source/portable/GCC/ARM_CM0/port.c **** 					::: "memory"
 301:Middlewares/Third_Party/FreeRTOS/Source/portable/GCC/ARM_CM0/port.c **** 				  );
 302:Middlewares/Third_Party/FreeRTOS/Source/portable/GCC/ARM_CM0/port.c **** }
 463              		.loc 1 302 1 is_stmt 0 view .LVU80
 464              		.thumb
 465              		.syntax unified
 466              		.cfi_endproc
 467              	.LFE10:
 469              		.section	.text.PendSV_Handler,"ax",%progbits
 470              		.align	1
 471              		.global	PendSV_Handler
 472              		.syntax unified
 473              		.code	16
 474              		.thumb_func
 475              		.fpu softvfp
 477              	PendSV_Handler:
 478              	.LFB11:
 303:Middlewares/Third_Party/FreeRTOS/Source/portable/GCC/ARM_CM0/port.c **** /*-----------------------------------------------------------*/
 304:Middlewares/Third_Party/FreeRTOS/Source/portable/GCC/ARM_CM0/port.c **** 
 305:Middlewares/Third_Party/FreeRTOS/Source/portable/GCC/ARM_CM0/port.c **** void xPortPendSVHandler( void )
 306:Middlewares/Third_Party/FreeRTOS/Source/portable/GCC/ARM_CM0/port.c **** {
 479              		.loc 1 306 1 is_stmt 1 view -0
 480              		.cfi_startproc
 481              		@ Naked Function: prologue and epilogue provided by programmer.
 482              		@ args = 0, pretend = 0, frame = 0
 483              		@ frame_needed = 0, uses_anonymous_args = 0
 307:Middlewares/Third_Party/FreeRTOS/Source/portable/GCC/ARM_CM0/port.c **** 	/* This is a naked function. */
ARM GAS  /tmp/ccTevuyP.s 			page 15


 308:Middlewares/Third_Party/FreeRTOS/Source/portable/GCC/ARM_CM0/port.c **** 
 309:Middlewares/Third_Party/FreeRTOS/Source/portable/GCC/ARM_CM0/port.c **** 	__asm volatile
 484              		.loc 1 309 2 view .LVU82
 485              		.syntax divided
 486              	@ 309 "Middlewares/Third_Party/FreeRTOS/Source/portable/GCC/ARM_CM0/port.c" 1
 487              			.syntax unified						
 488 0000 EFF30980 		mrs r0, psp							
 489              											
 490 0004 0E4B     		ldr	r3, pxCurrentTCBConst			
 491 0006 1A68     		ldr	r2, [r3]						
 492              											
 493 0008 2038     		subs r0, r0, #32					
 494 000a 1060     		str r0, [r2]						
 495 000c F0C0     		stmia r0!, {r4-r7}					
 496 000e 4446     	 	mov r4, r8							
 497 0010 4D46     	 	mov r5, r9							
 498 0012 5646     	 	mov r6, r10							
 499 0014 5F46     	 	mov r7, r11							
 500 0016 F0C0     	 	stmia r0!, {r4-r7}					
 501              											
 502 0018 08B5     		push {r3, r14}						
 503 001a 72B6     		cpsid i								
 504 001c FFF7FEFF 		bl vTaskSwitchContext				
 505 0020 62B6     		cpsie i								
 506 0022 0CBC     		pop {r2, r3}						
 507              											
 508 0024 1168     		ldr r1, [r2]						
 509 0026 0868     		ldr r0, [r1]						
 510 0028 1030     		adds r0, r0, #16					
 511 002a F0C8     		ldmia r0!, {r4-r7}					
 512 002c A046     	 	mov r8, r4							
 513 002e A946     	 	mov r9, r5							
 514 0030 B246     	 	mov r10, r6							
 515 0032 BB46     	 	mov r11, r7							
 516              											
 517 0034 80F30988 		msr psp, r0							
 518              											
 519 0038 2038     		subs r0, r0, #32					
 520 003a F0C8     	 	ldmia r0!, {r4-r7}					
 521              											
 522 003c 1847     		bx r3								
 523              											
 524 003e C046     		.align 4							
 525 0040 00000000 	pxCurrentTCBConst: .word pxCurrentTCB	  
 526              	@ 0 "" 2
 310:Middlewares/Third_Party/FreeRTOS/Source/portable/GCC/ARM_CM0/port.c **** 	(
 311:Middlewares/Third_Party/FreeRTOS/Source/portable/GCC/ARM_CM0/port.c **** 	"	.syntax unified						\n"
 312:Middlewares/Third_Party/FreeRTOS/Source/portable/GCC/ARM_CM0/port.c **** 	"	mrs r0, psp							\n"
 313:Middlewares/Third_Party/FreeRTOS/Source/portable/GCC/ARM_CM0/port.c **** 	"										\n"
 314:Middlewares/Third_Party/FreeRTOS/Source/portable/GCC/ARM_CM0/port.c **** 	"	ldr	r3, pxCurrentTCBConst			\n" /* Get the location of the current TCB. */
 315:Middlewares/Third_Party/FreeRTOS/Source/portable/GCC/ARM_CM0/port.c **** 	"	ldr	r2, [r3]						\n"
 316:Middlewares/Third_Party/FreeRTOS/Source/portable/GCC/ARM_CM0/port.c **** 	"										\n"
 317:Middlewares/Third_Party/FreeRTOS/Source/portable/GCC/ARM_CM0/port.c **** 	"	subs r0, r0, #32					\n" /* Make space for the remaining low registers. */
 318:Middlewares/Third_Party/FreeRTOS/Source/portable/GCC/ARM_CM0/port.c **** 	"	str r0, [r2]						\n" /* Save the new top of stack. */
 319:Middlewares/Third_Party/FreeRTOS/Source/portable/GCC/ARM_CM0/port.c **** 	"	stmia r0!, {r4-r7}					\n" /* Store the low registers that are not saved automatically. */
 320:Middlewares/Third_Party/FreeRTOS/Source/portable/GCC/ARM_CM0/port.c **** 	" 	mov r4, r8							\n" /* Store the high registers. */
 321:Middlewares/Third_Party/FreeRTOS/Source/portable/GCC/ARM_CM0/port.c **** 	" 	mov r5, r9							\n"
ARM GAS  /tmp/ccTevuyP.s 			page 16


 322:Middlewares/Third_Party/FreeRTOS/Source/portable/GCC/ARM_CM0/port.c **** 	" 	mov r6, r10							\n"
 323:Middlewares/Third_Party/FreeRTOS/Source/portable/GCC/ARM_CM0/port.c **** 	" 	mov r7, r11							\n"
 324:Middlewares/Third_Party/FreeRTOS/Source/portable/GCC/ARM_CM0/port.c **** 	" 	stmia r0!, {r4-r7}					\n"
 325:Middlewares/Third_Party/FreeRTOS/Source/portable/GCC/ARM_CM0/port.c **** 	"										\n"
 326:Middlewares/Third_Party/FreeRTOS/Source/portable/GCC/ARM_CM0/port.c **** 	"	push {r3, r14}						\n"
 327:Middlewares/Third_Party/FreeRTOS/Source/portable/GCC/ARM_CM0/port.c **** 	"	cpsid i								\n"
 328:Middlewares/Third_Party/FreeRTOS/Source/portable/GCC/ARM_CM0/port.c **** 	"	bl vTaskSwitchContext				\n"
 329:Middlewares/Third_Party/FreeRTOS/Source/portable/GCC/ARM_CM0/port.c **** 	"	cpsie i								\n"
 330:Middlewares/Third_Party/FreeRTOS/Source/portable/GCC/ARM_CM0/port.c **** 	"	pop {r2, r3}						\n" /* lr goes in r3. r2 now holds tcb pointer. */
 331:Middlewares/Third_Party/FreeRTOS/Source/portable/GCC/ARM_CM0/port.c **** 	"										\n"
 332:Middlewares/Third_Party/FreeRTOS/Source/portable/GCC/ARM_CM0/port.c **** 	"	ldr r1, [r2]						\n"
 333:Middlewares/Third_Party/FreeRTOS/Source/portable/GCC/ARM_CM0/port.c **** 	"	ldr r0, [r1]						\n" /* The first item in pxCurrentTCB is the task top of stack. */
 334:Middlewares/Third_Party/FreeRTOS/Source/portable/GCC/ARM_CM0/port.c **** 	"	adds r0, r0, #16					\n" /* Move to the high registers. */
 335:Middlewares/Third_Party/FreeRTOS/Source/portable/GCC/ARM_CM0/port.c **** 	"	ldmia r0!, {r4-r7}					\n" /* Pop the high registers. */
 336:Middlewares/Third_Party/FreeRTOS/Source/portable/GCC/ARM_CM0/port.c **** 	" 	mov r8, r4							\n"
 337:Middlewares/Third_Party/FreeRTOS/Source/portable/GCC/ARM_CM0/port.c **** 	" 	mov r9, r5							\n"
 338:Middlewares/Third_Party/FreeRTOS/Source/portable/GCC/ARM_CM0/port.c **** 	" 	mov r10, r6							\n"
 339:Middlewares/Third_Party/FreeRTOS/Source/portable/GCC/ARM_CM0/port.c **** 	" 	mov r11, r7							\n"
 340:Middlewares/Third_Party/FreeRTOS/Source/portable/GCC/ARM_CM0/port.c **** 	"										\n"
 341:Middlewares/Third_Party/FreeRTOS/Source/portable/GCC/ARM_CM0/port.c **** 	"	msr psp, r0							\n" /* Remember the new top of stack for the task. */
 342:Middlewares/Third_Party/FreeRTOS/Source/portable/GCC/ARM_CM0/port.c **** 	"										\n"
 343:Middlewares/Third_Party/FreeRTOS/Source/portable/GCC/ARM_CM0/port.c **** 	"	subs r0, r0, #32					\n" /* Go back for the low registers that are not automatically restored. *
 344:Middlewares/Third_Party/FreeRTOS/Source/portable/GCC/ARM_CM0/port.c **** 	" 	ldmia r0!, {r4-r7}					\n" /* Pop low registers.  */
 345:Middlewares/Third_Party/FreeRTOS/Source/portable/GCC/ARM_CM0/port.c **** 	"										\n"
 346:Middlewares/Third_Party/FreeRTOS/Source/portable/GCC/ARM_CM0/port.c **** 	"	bx r3								\n"
 347:Middlewares/Third_Party/FreeRTOS/Source/portable/GCC/ARM_CM0/port.c **** 	"										\n"
 348:Middlewares/Third_Party/FreeRTOS/Source/portable/GCC/ARM_CM0/port.c **** 	"	.align 4							\n"
 349:Middlewares/Third_Party/FreeRTOS/Source/portable/GCC/ARM_CM0/port.c **** 	"pxCurrentTCBConst: .word pxCurrentTCB	  "
 350:Middlewares/Third_Party/FreeRTOS/Source/portable/GCC/ARM_CM0/port.c **** 	);
 351:Middlewares/Third_Party/FreeRTOS/Source/portable/GCC/ARM_CM0/port.c **** }
 527              		.loc 1 351 1 is_stmt 0 view .LVU83
 528              		.thumb
 529              		.syntax unified
 530              		.cfi_endproc
 531              	.LFE11:
 533              		.section	.text.xPortSysTickHandler,"ax",%progbits
 534              		.align	1
 535              		.global	xPortSysTickHandler
 536              		.syntax unified
 537              		.code	16
 538              		.thumb_func
 539              		.fpu softvfp
 541              	xPortSysTickHandler:
 542              	.LFB12:
 352:Middlewares/Third_Party/FreeRTOS/Source/portable/GCC/ARM_CM0/port.c **** /*-----------------------------------------------------------*/
 353:Middlewares/Third_Party/FreeRTOS/Source/portable/GCC/ARM_CM0/port.c **** 
 354:Middlewares/Third_Party/FreeRTOS/Source/portable/GCC/ARM_CM0/port.c **** void xPortSysTickHandler( void )
 355:Middlewares/Third_Party/FreeRTOS/Source/portable/GCC/ARM_CM0/port.c **** {
 543              		.loc 1 355 1 is_stmt 1 view -0
 544              		.cfi_startproc
 545              		@ args = 0, pretend = 0, frame = 0
 546              		@ frame_needed = 0, uses_anonymous_args = 0
 547 0000 10B5     		push	{r4, lr}
 548              	.LCFI2:
 549              		.cfi_def_cfa_offset 8
 550              		.cfi_offset 4, -8
 551              		.cfi_offset 14, -4
ARM GAS  /tmp/ccTevuyP.s 			page 17


 356:Middlewares/Third_Party/FreeRTOS/Source/portable/GCC/ARM_CM0/port.c **** uint32_t ulPreviousMask;
 552              		.loc 1 356 1 view .LVU85
 357:Middlewares/Third_Party/FreeRTOS/Source/portable/GCC/ARM_CM0/port.c **** 
 358:Middlewares/Third_Party/FreeRTOS/Source/portable/GCC/ARM_CM0/port.c **** 	ulPreviousMask = portSET_INTERRUPT_MASK_FROM_ISR();
 553              		.loc 1 358 2 view .LVU86
 554              		.loc 1 358 19 is_stmt 0 view .LVU87
 555 0002 FFF7FEFF 		bl	ulSetInterruptMaskFromISR
 556              	.LVL10:
 557 0006 0400     		movs	r4, r0
 558              	.LVL11:
 359:Middlewares/Third_Party/FreeRTOS/Source/portable/GCC/ARM_CM0/port.c **** 	{
 360:Middlewares/Third_Party/FreeRTOS/Source/portable/GCC/ARM_CM0/port.c **** 		/* Increment the RTOS tick. */
 361:Middlewares/Third_Party/FreeRTOS/Source/portable/GCC/ARM_CM0/port.c **** 		if( xTaskIncrementTick() != pdFALSE )
 559              		.loc 1 361 3 is_stmt 1 view .LVU88
 560              		.loc 1 361 7 is_stmt 0 view .LVU89
 561 0008 FFF7FEFF 		bl	xTaskIncrementTick
 562              	.LVL12:
 563              		.loc 1 361 5 view .LVU90
 564 000c 0028     		cmp	r0, #0
 565 000e 03D0     		beq	.L33
 362:Middlewares/Third_Party/FreeRTOS/Source/portable/GCC/ARM_CM0/port.c **** 		{
 363:Middlewares/Third_Party/FreeRTOS/Source/portable/GCC/ARM_CM0/port.c **** 			/* Pend a context switch. */
 364:Middlewares/Third_Party/FreeRTOS/Source/portable/GCC/ARM_CM0/port.c **** 			portNVIC_INT_CTRL_REG = portNVIC_PENDSVSET_BIT;
 566              		.loc 1 364 4 is_stmt 1 view .LVU91
 567              		.loc 1 364 26 is_stmt 0 view .LVU92
 568 0010 034B     		ldr	r3, .L34
 569 0012 8022     		movs	r2, #128
 570 0014 5205     		lsls	r2, r2, #21
 571 0016 1A60     		str	r2, [r3]
 572              	.L33:
 365:Middlewares/Third_Party/FreeRTOS/Source/portable/GCC/ARM_CM0/port.c **** 		}
 366:Middlewares/Third_Party/FreeRTOS/Source/portable/GCC/ARM_CM0/port.c **** 	}
 367:Middlewares/Third_Party/FreeRTOS/Source/portable/GCC/ARM_CM0/port.c **** 	portCLEAR_INTERRUPT_MASK_FROM_ISR( ulPreviousMask );
 573              		.loc 1 367 2 is_stmt 1 view .LVU93
 574 0018 2000     		movs	r0, r4
 575 001a FFF7FEFF 		bl	vClearInterruptMaskFromISR
 576              	.LVL13:
 368:Middlewares/Third_Party/FreeRTOS/Source/portable/GCC/ARM_CM0/port.c **** }
 577              		.loc 1 368 1 is_stmt 0 view .LVU94
 578              		@ sp needed
 579              	.LVL14:
 580              		.loc 1 368 1 view .LVU95
 581 001e 10BD     		pop	{r4, pc}
 582              	.L35:
 583              		.align	2
 584              	.L34:
 585 0020 04ED00E0 		.word	-536810236
 586              		.cfi_endproc
 587              	.LFE12:
 589              		.global	__aeabi_uidiv
 590              		.section	.text.vPortSetupTimerInterrupt,"ax",%progbits
 591              		.align	1
 592              		.weak	vPortSetupTimerInterrupt
 593              		.syntax unified
 594              		.code	16
 595              		.thumb_func
 596              		.fpu softvfp
ARM GAS  /tmp/ccTevuyP.s 			page 18


 598              	vPortSetupTimerInterrupt:
 599              	.LFB13:
 369:Middlewares/Third_Party/FreeRTOS/Source/portable/GCC/ARM_CM0/port.c **** /*-----------------------------------------------------------*/
 370:Middlewares/Third_Party/FreeRTOS/Source/portable/GCC/ARM_CM0/port.c **** 
 371:Middlewares/Third_Party/FreeRTOS/Source/portable/GCC/ARM_CM0/port.c **** /*
 372:Middlewares/Third_Party/FreeRTOS/Source/portable/GCC/ARM_CM0/port.c ****  * Setup the systick timer to generate the tick interrupts at the required
 373:Middlewares/Third_Party/FreeRTOS/Source/portable/GCC/ARM_CM0/port.c ****  * frequency.
 374:Middlewares/Third_Party/FreeRTOS/Source/portable/GCC/ARM_CM0/port.c ****  */
 375:Middlewares/Third_Party/FreeRTOS/Source/portable/GCC/ARM_CM0/port.c **** __attribute__(( weak )) void vPortSetupTimerInterrupt( void )
 376:Middlewares/Third_Party/FreeRTOS/Source/portable/GCC/ARM_CM0/port.c **** {
 600              		.loc 1 376 1 is_stmt 1 view -0
 601              		.cfi_startproc
 602              		@ args = 0, pretend = 0, frame = 0
 603              		@ frame_needed = 0, uses_anonymous_args = 0
 604 0000 10B5     		push	{r4, lr}
 605              	.LCFI3:
 606              		.cfi_def_cfa_offset 8
 607              		.cfi_offset 4, -8
 608              		.cfi_offset 14, -4
 377:Middlewares/Third_Party/FreeRTOS/Source/portable/GCC/ARM_CM0/port.c **** 	/* Calculate the constants required to configure the tick interrupt. */
 378:Middlewares/Third_Party/FreeRTOS/Source/portable/GCC/ARM_CM0/port.c **** 	#if( configUSE_TICKLESS_IDLE == 1 )
 379:Middlewares/Third_Party/FreeRTOS/Source/portable/GCC/ARM_CM0/port.c **** 	{
 380:Middlewares/Third_Party/FreeRTOS/Source/portable/GCC/ARM_CM0/port.c **** 		ulTimerCountsForOneTick = ( configCPU_CLOCK_HZ / configTICK_RATE_HZ );
 381:Middlewares/Third_Party/FreeRTOS/Source/portable/GCC/ARM_CM0/port.c **** 		xMaximumPossibleSuppressedTicks = portMAX_24_BIT_NUMBER / ulTimerCountsForOneTick;
 382:Middlewares/Third_Party/FreeRTOS/Source/portable/GCC/ARM_CM0/port.c **** 		ulStoppedTimerCompensation = portMISSED_COUNTS_FACTOR;
 383:Middlewares/Third_Party/FreeRTOS/Source/portable/GCC/ARM_CM0/port.c **** 	}
 384:Middlewares/Third_Party/FreeRTOS/Source/portable/GCC/ARM_CM0/port.c **** 	#endif /* configUSE_TICKLESS_IDLE */
 385:Middlewares/Third_Party/FreeRTOS/Source/portable/GCC/ARM_CM0/port.c **** 
 386:Middlewares/Third_Party/FreeRTOS/Source/portable/GCC/ARM_CM0/port.c **** 	/* Stop and reset the SysTick. */
 387:Middlewares/Third_Party/FreeRTOS/Source/portable/GCC/ARM_CM0/port.c **** 	portNVIC_SYSTICK_CTRL_REG = 0UL;
 609              		.loc 1 387 2 view .LVU97
 610              		.loc 1 387 28 is_stmt 0 view .LVU98
 611 0002 084C     		ldr	r4, .L37
 612 0004 0023     		movs	r3, #0
 613 0006 2360     		str	r3, [r4]
 388:Middlewares/Third_Party/FreeRTOS/Source/portable/GCC/ARM_CM0/port.c **** 	portNVIC_SYSTICK_CURRENT_VALUE_REG = 0UL;
 614              		.loc 1 388 2 is_stmt 1 view .LVU99
 615              		.loc 1 388 37 is_stmt 0 view .LVU100
 616 0008 074A     		ldr	r2, .L37+4
 617 000a 1360     		str	r3, [r2]
 389:Middlewares/Third_Party/FreeRTOS/Source/portable/GCC/ARM_CM0/port.c **** 
 390:Middlewares/Third_Party/FreeRTOS/Source/portable/GCC/ARM_CM0/port.c **** 	/* Configure SysTick to interrupt at the requested rate. */
 391:Middlewares/Third_Party/FreeRTOS/Source/portable/GCC/ARM_CM0/port.c **** 	portNVIC_SYSTICK_LOAD_REG = ( configCPU_CLOCK_HZ / configTICK_RATE_HZ ) - 1UL;
 618              		.loc 1 391 2 is_stmt 1 view .LVU101
 619              		.loc 1 391 51 is_stmt 0 view .LVU102
 620 000c 074B     		ldr	r3, .L37+8
 621 000e 1868     		ldr	r0, [r3]
 622 0010 FA21     		movs	r1, #250
 623 0012 8900     		lsls	r1, r1, #2
 624 0014 FFF7FEFF 		bl	__aeabi_uidiv
 625              	.LVL15:
 626              		.loc 1 391 74 view .LVU103
 627 0018 0138     		subs	r0, r0, #1
 628              		.loc 1 391 28 view .LVU104
 629 001a 054B     		ldr	r3, .L37+12
 630 001c 1860     		str	r0, [r3]
 392:Middlewares/Third_Party/FreeRTOS/Source/portable/GCC/ARM_CM0/port.c **** 	portNVIC_SYSTICK_CTRL_REG = portNVIC_SYSTICK_CLK_BIT | portNVIC_SYSTICK_INT_BIT | portNVIC_SYSTICK
ARM GAS  /tmp/ccTevuyP.s 			page 19


 631              		.loc 1 392 2 is_stmt 1 view .LVU105
 632              		.loc 1 392 28 is_stmt 0 view .LVU106
 633 001e 0723     		movs	r3, #7
 634 0020 2360     		str	r3, [r4]
 393:Middlewares/Third_Party/FreeRTOS/Source/portable/GCC/ARM_CM0/port.c **** }
 635              		.loc 1 393 1 view .LVU107
 636              		@ sp needed
 637 0022 10BD     		pop	{r4, pc}
 638              	.L38:
 639              		.align	2
 640              	.L37:
 641 0024 10E000E0 		.word	-536813552
 642 0028 18E000E0 		.word	-536813544
 643 002c 00000000 		.word	SystemCoreClock
 644 0030 14E000E0 		.word	-536813548
 645              		.cfi_endproc
 646              	.LFE13:
 648              		.section	.text.xPortStartScheduler,"ax",%progbits
 649              		.align	1
 650              		.global	xPortStartScheduler
 651              		.syntax unified
 652              		.code	16
 653              		.thumb_func
 654              		.fpu softvfp
 656              	xPortStartScheduler:
 657              	.LFB4:
 215:Middlewares/Third_Party/FreeRTOS/Source/portable/GCC/ARM_CM0/port.c **** 	/* Make PendSV, CallSV and SysTick the same priority as the kernel. */
 658              		.loc 1 215 1 is_stmt 1 view -0
 659              		.cfi_startproc
 660              		@ args = 0, pretend = 0, frame = 0
 661              		@ frame_needed = 0, uses_anonymous_args = 0
 662 0000 10B5     		push	{r4, lr}
 663              	.LCFI4:
 664              		.cfi_def_cfa_offset 8
 665              		.cfi_offset 4, -8
 666              		.cfi_offset 14, -4
 217:Middlewares/Third_Party/FreeRTOS/Source/portable/GCC/ARM_CM0/port.c **** 	portNVIC_SYSPRI2_REG |= portNVIC_SYSTICK_PRI;
 667              		.loc 1 217 2 view .LVU109
 217:Middlewares/Third_Party/FreeRTOS/Source/portable/GCC/ARM_CM0/port.c **** 	portNVIC_SYSPRI2_REG |= portNVIC_SYSTICK_PRI;
 668              		.loc 1 217 23 is_stmt 0 view .LVU110
 669 0002 0C4B     		ldr	r3, .L40
 670 0004 1968     		ldr	r1, [r3]
 671 0006 FF22     		movs	r2, #255
 672 0008 1204     		lsls	r2, r2, #16
 673 000a 0A43     		orrs	r2, r1
 674 000c 1A60     		str	r2, [r3]
 218:Middlewares/Third_Party/FreeRTOS/Source/portable/GCC/ARM_CM0/port.c **** 
 675              		.loc 1 218 2 is_stmt 1 view .LVU111
 218:Middlewares/Third_Party/FreeRTOS/Source/portable/GCC/ARM_CM0/port.c **** 
 676              		.loc 1 218 23 is_stmt 0 view .LVU112
 677 000e 1968     		ldr	r1, [r3]
 678 0010 FF22     		movs	r2, #255
 679 0012 1206     		lsls	r2, r2, #24
 680 0014 0A43     		orrs	r2, r1
 681 0016 1A60     		str	r2, [r3]
 222:Middlewares/Third_Party/FreeRTOS/Source/portable/GCC/ARM_CM0/port.c **** 
 682              		.loc 1 222 2 is_stmt 1 view .LVU113
ARM GAS  /tmp/ccTevuyP.s 			page 20


 683 0018 FFF7FEFF 		bl	vPortSetupTimerInterrupt
 684              	.LVL16:
 225:Middlewares/Third_Party/FreeRTOS/Source/portable/GCC/ARM_CM0/port.c **** 
 685              		.loc 1 225 2 view .LVU114
 225:Middlewares/Third_Party/FreeRTOS/Source/portable/GCC/ARM_CM0/port.c **** 
 686              		.loc 1 225 20 is_stmt 0 view .LVU115
 687 001c 064B     		ldr	r3, .L40+4
 688 001e 0022     		movs	r2, #0
 689 0020 1A60     		str	r2, [r3]
 228:Middlewares/Third_Party/FreeRTOS/Source/portable/GCC/ARM_CM0/port.c **** 
 690              		.loc 1 228 2 is_stmt 1 view .LVU116
 691 0022 FFF7FEFF 		bl	vPortStartFirstTask
 692              	.LVL17:
 236:Middlewares/Third_Party/FreeRTOS/Source/portable/GCC/ARM_CM0/port.c **** 	prvTaskExitError();
 693              		.loc 1 236 2 view .LVU117
 694 0026 FFF7FEFF 		bl	vTaskSwitchContext
 695              	.LVL18:
 237:Middlewares/Third_Party/FreeRTOS/Source/portable/GCC/ARM_CM0/port.c **** 
 696              		.loc 1 237 2 view .LVU118
 697 002a FFF7FEFF 		bl	prvTaskExitError
 698              	.LVL19:
 240:Middlewares/Third_Party/FreeRTOS/Source/portable/GCC/ARM_CM0/port.c **** }
 699              		.loc 1 240 2 view .LVU119
 241:Middlewares/Third_Party/FreeRTOS/Source/portable/GCC/ARM_CM0/port.c **** /*-----------------------------------------------------------*/
 700              		.loc 1 241 1 is_stmt 0 view .LVU120
 701 002e 0020     		movs	r0, #0
 702              		@ sp needed
 703 0030 10BD     		pop	{r4, pc}
 704              	.L41:
 705 0032 C046     		.align	2
 706              	.L40:
 707 0034 20ED00E0 		.word	-536810208
 708 0038 00000000 		.word	.LANCHOR0
 709              		.cfi_endproc
 710              	.LFE4:
 712              		.section	.data.uxCriticalNesting,"aw"
 713              		.align	2
 714              		.set	.LANCHOR0,. + 0
 717              	uxCriticalNesting:
 718 0000 AAAAAAAA 		.word	-1431655766
 719              		.text
 720              	.Letext0:
 721              		.file 2 "/usr/lib/gcc/arm-none-eabi/10.3.1/include/stdint.h"
 722              		.file 3 "Middlewares/Third_Party/FreeRTOS/Source/include/projdefs.h"
 723              		.file 4 "Middlewares/Third_Party/FreeRTOS/Source/portable/GCC/ARM_CM0/portmacro.h"
 724              		.file 5 "Core/Inc/FreeRTOSConfig.h"
 725              		.file 6 "Middlewares/Third_Party/FreeRTOS/Source/include/task.h"
ARM GAS  /tmp/ccTevuyP.s 			page 21


DEFINED SYMBOLS
                            *ABS*:0000000000000000 port.c
     /tmp/ccTevuyP.s:16     .text.prvTaskExitError:0000000000000000 $t
     /tmp/ccTevuyP.s:23     .text.prvTaskExitError:0000000000000000 prvTaskExitError
     /tmp/ccTevuyP.s:80     .text.prvTaskExitError:0000000000000020 $d
     /tmp/ccTevuyP.s:85     .text.vPortStartFirstTask:0000000000000000 $t
     /tmp/ccTevuyP.s:91     .text.vPortStartFirstTask:0000000000000000 vPortStartFirstTask
     /tmp/ccTevuyP.s:118    .text.vPortStartFirstTask:0000000000000030 pxCurrentTCBConst2
     /tmp/ccTevuyP.s:118    .text.vPortStartFirstTask:0000000000000030 $d
     /tmp/ccTevuyP.s:127    .text.pxPortInitialiseStack:0000000000000000 $t
     /tmp/ccTevuyP.s:134    .text.pxPortInitialiseStack:0000000000000000 pxPortInitialiseStack
     /tmp/ccTevuyP.s:191    .text.pxPortInitialiseStack:000000000000001c $d
     /tmp/ccTevuyP.s:196    .text.SVC_Handler:0000000000000000 $t
     /tmp/ccTevuyP.s:203    .text.SVC_Handler:0000000000000000 SVC_Handler
     /tmp/ccTevuyP.s:217    .text.vPortEndScheduler:0000000000000000 $t
     /tmp/ccTevuyP.s:224    .text.vPortEndScheduler:0000000000000000 vPortEndScheduler
     /tmp/ccTevuyP.s:257    .text.vPortEndScheduler:0000000000000014 $d
     /tmp/ccTevuyP.s:262    .text.vPortYield:0000000000000000 $t
     /tmp/ccTevuyP.s:269    .text.vPortYield:0000000000000000 vPortYield
     /tmp/ccTevuyP.s:299    .text.vPortYield:0000000000000014 $d
     /tmp/ccTevuyP.s:304    .text.vPortEnterCritical:0000000000000000 $t
     /tmp/ccTevuyP.s:311    .text.vPortEnterCritical:0000000000000000 vPortEnterCritical
     /tmp/ccTevuyP.s:348    .text.vPortEnterCritical:0000000000000014 $d
     /tmp/ccTevuyP.s:353    .text.vPortExitCritical:0000000000000000 $t
     /tmp/ccTevuyP.s:360    .text.vPortExitCritical:0000000000000000 vPortExitCritical
     /tmp/ccTevuyP.s:409    .text.vPortExitCritical:000000000000001c $d
     /tmp/ccTevuyP.s:414    .text.ulSetInterruptMaskFromISR:0000000000000000 $t
     /tmp/ccTevuyP.s:421    .text.ulSetInterruptMaskFromISR:0000000000000000 ulSetInterruptMaskFromISR
     /tmp/ccTevuyP.s:442    .text.vClearInterruptMaskFromISR:0000000000000000 $t
     /tmp/ccTevuyP.s:449    .text.vClearInterruptMaskFromISR:0000000000000000 vClearInterruptMaskFromISR
     /tmp/ccTevuyP.s:470    .text.PendSV_Handler:0000000000000000 $t
     /tmp/ccTevuyP.s:477    .text.PendSV_Handler:0000000000000000 PendSV_Handler
     /tmp/ccTevuyP.s:525    .text.PendSV_Handler:0000000000000040 pxCurrentTCBConst
     /tmp/ccTevuyP.s:525    .text.PendSV_Handler:0000000000000040 $d
     /tmp/ccTevuyP.s:534    .text.xPortSysTickHandler:0000000000000000 $t
     /tmp/ccTevuyP.s:541    .text.xPortSysTickHandler:0000000000000000 xPortSysTickHandler
     /tmp/ccTevuyP.s:585    .text.xPortSysTickHandler:0000000000000020 $d
     /tmp/ccTevuyP.s:591    .text.vPortSetupTimerInterrupt:0000000000000000 $t
     /tmp/ccTevuyP.s:598    .text.vPortSetupTimerInterrupt:0000000000000000 vPortSetupTimerInterrupt
     /tmp/ccTevuyP.s:641    .text.vPortSetupTimerInterrupt:0000000000000024 $d
     /tmp/ccTevuyP.s:649    .text.xPortStartScheduler:0000000000000000 $t
     /tmp/ccTevuyP.s:656    .text.xPortStartScheduler:0000000000000000 xPortStartScheduler
     /tmp/ccTevuyP.s:707    .text.xPortStartScheduler:0000000000000034 $d
     /tmp/ccTevuyP.s:713    .data.uxCriticalNesting:0000000000000000 $d
     /tmp/ccTevuyP.s:717    .data.uxCriticalNesting:0000000000000000 uxCriticalNesting

UNDEFINED SYMBOLS
pxCurrentTCB
vTaskSwitchContext
xTaskIncrementTick
__aeabi_uidiv
SystemCoreClock
