ARM GAS  /tmp/ccCxO7TW.s 			page 1


   1              		.cpu cortex-m4
   2              		.eabi_attribute 27, 1
   3              		.eabi_attribute 28, 1
   4              		.eabi_attribute 20, 1
   5              		.eabi_attribute 21, 1
   6              		.eabi_attribute 23, 3
   7              		.eabi_attribute 24, 1
   8              		.eabi_attribute 25, 1
   9              		.eabi_attribute 26, 1
  10              		.eabi_attribute 30, 1
  11              		.eabi_attribute 34, 1
  12              		.eabi_attribute 18, 4
  13              		.file	"gpio.c"
  14              		.text
  15              	.Ltext0:
  16              		.cfi_sections	.debug_frame
  17              		.section	.text.MX_GPIO_Init,"ax",%progbits
  18              		.align	1
  19              		.global	MX_GPIO_Init
  20              		.arch armv7e-m
  21              		.syntax unified
  22              		.thumb
  23              		.thumb_func
  24              		.fpu fpv4-sp-d16
  26              	MX_GPIO_Init:
  27              	.LFB123:
  28              		.file 1 "Core/Src/gpio.c"
   1:Core/Src/gpio.c **** /* USER CODE BEGIN Header */
   2:Core/Src/gpio.c **** /**
   3:Core/Src/gpio.c ****   ******************************************************************************
   4:Core/Src/gpio.c ****   * @file    gpio.c
   5:Core/Src/gpio.c ****   * @brief   This file provides code for the configuration
   6:Core/Src/gpio.c ****   *          of all used GPIO pins.
   7:Core/Src/gpio.c ****   ******************************************************************************
   8:Core/Src/gpio.c ****   * @attention
   9:Core/Src/gpio.c ****   *
  10:Core/Src/gpio.c ****   * Copyright (c) 2022 STMicroelectronics.
  11:Core/Src/gpio.c ****   * All rights reserved.
  12:Core/Src/gpio.c ****   *
  13:Core/Src/gpio.c ****   * This software is licensed under terms that can be found in the LICENSE file
  14:Core/Src/gpio.c ****   * in the root directory of this software component.
  15:Core/Src/gpio.c ****   * If no LICENSE file comes with this software, it is provided AS-IS.
  16:Core/Src/gpio.c ****   *
  17:Core/Src/gpio.c ****   ******************************************************************************
  18:Core/Src/gpio.c ****   */
  19:Core/Src/gpio.c **** /* USER CODE END Header */
  20:Core/Src/gpio.c **** 
  21:Core/Src/gpio.c **** /* Includes ------------------------------------------------------------------*/
  22:Core/Src/gpio.c **** #include "gpio.h"
  23:Core/Src/gpio.c **** 
  24:Core/Src/gpio.c **** /* USER CODE BEGIN 0 */
  25:Core/Src/gpio.c **** 
  26:Core/Src/gpio.c **** /* USER CODE END 0 */
  27:Core/Src/gpio.c **** 
  28:Core/Src/gpio.c **** /*----------------------------------------------------------------------------*/
  29:Core/Src/gpio.c **** /* Configure GPIO                                                             */
  30:Core/Src/gpio.c **** /*----------------------------------------------------------------------------*/
ARM GAS  /tmp/ccCxO7TW.s 			page 2


  31:Core/Src/gpio.c **** /* USER CODE BEGIN 1 */
  32:Core/Src/gpio.c **** 
  33:Core/Src/gpio.c **** /* USER CODE END 1 */
  34:Core/Src/gpio.c **** 
  35:Core/Src/gpio.c **** /** Configure pins as
  36:Core/Src/gpio.c ****         * Analog
  37:Core/Src/gpio.c ****         * Input
  38:Core/Src/gpio.c ****         * Output
  39:Core/Src/gpio.c ****         * EVENT_OUT
  40:Core/Src/gpio.c ****         * EXTI
  41:Core/Src/gpio.c **** */
  42:Core/Src/gpio.c **** void MX_GPIO_Init(void)
  43:Core/Src/gpio.c **** {
  29              		.loc 1 43 1 view -0
  30              		.cfi_startproc
  31              		@ args = 0, pretend = 0, frame = 16
  32              		@ frame_needed = 0, uses_anonymous_args = 0
  33              		@ link register save eliminated.
  34 0000 84B0     		sub	sp, sp, #16
  35              	.LCFI0:
  36              		.cfi_def_cfa_offset 16
  44:Core/Src/gpio.c **** 
  45:Core/Src/gpio.c ****   /* GPIO Ports Clock Enable */
  46:Core/Src/gpio.c ****   __HAL_RCC_GPIOF_CLK_ENABLE();
  37              		.loc 1 46 3 view .LVU1
  38              	.LBB2:
  39              		.loc 1 46 3 view .LVU2
  40              		.loc 1 46 3 view .LVU3
  41 0002 0F4B     		ldr	r3, .L3
  42 0004 5A69     		ldr	r2, [r3, #20]
  43 0006 42F48002 		orr	r2, r2, #4194304
  44 000a 5A61     		str	r2, [r3, #20]
  45              		.loc 1 46 3 view .LVU4
  46 000c 5A69     		ldr	r2, [r3, #20]
  47 000e 02F48002 		and	r2, r2, #4194304
  48 0012 0192     		str	r2, [sp, #4]
  49              		.loc 1 46 3 view .LVU5
  50 0014 019A     		ldr	r2, [sp, #4]
  51              	.LBE2:
  52              		.loc 1 46 3 view .LVU6
  47:Core/Src/gpio.c ****   __HAL_RCC_GPIOB_CLK_ENABLE();
  53              		.loc 1 47 3 view .LVU7
  54              	.LBB3:
  55              		.loc 1 47 3 view .LVU8
  56              		.loc 1 47 3 view .LVU9
  57 0016 5A69     		ldr	r2, [r3, #20]
  58 0018 42F48022 		orr	r2, r2, #262144
  59 001c 5A61     		str	r2, [r3, #20]
  60              		.loc 1 47 3 view .LVU10
  61 001e 5A69     		ldr	r2, [r3, #20]
  62 0020 02F48022 		and	r2, r2, #262144
  63 0024 0292     		str	r2, [sp, #8]
  64              		.loc 1 47 3 view .LVU11
  65 0026 029A     		ldr	r2, [sp, #8]
  66              	.LBE3:
  67              		.loc 1 47 3 view .LVU12
  48:Core/Src/gpio.c ****   __HAL_RCC_GPIOA_CLK_ENABLE();
ARM GAS  /tmp/ccCxO7TW.s 			page 3


  68              		.loc 1 48 3 view .LVU13
  69              	.LBB4:
  70              		.loc 1 48 3 view .LVU14
  71              		.loc 1 48 3 view .LVU15
  72 0028 5A69     		ldr	r2, [r3, #20]
  73 002a 42F40032 		orr	r2, r2, #131072
  74 002e 5A61     		str	r2, [r3, #20]
  75              		.loc 1 48 3 view .LVU16
  76 0030 5B69     		ldr	r3, [r3, #20]
  77 0032 03F40033 		and	r3, r3, #131072
  78 0036 0393     		str	r3, [sp, #12]
  79              		.loc 1 48 3 view .LVU17
  80 0038 039B     		ldr	r3, [sp, #12]
  81              	.LBE4:
  82              		.loc 1 48 3 view .LVU18
  49:Core/Src/gpio.c **** 
  50:Core/Src/gpio.c **** }
  83              		.loc 1 50 1 is_stmt 0 view .LVU19
  84 003a 04B0     		add	sp, sp, #16
  85              	.LCFI1:
  86              		.cfi_def_cfa_offset 0
  87              		@ sp needed
  88 003c 7047     		bx	lr
  89              	.L4:
  90 003e 00BF     		.align	2
  91              	.L3:
  92 0040 00100240 		.word	1073876992
  93              		.cfi_endproc
  94              	.LFE123:
  96              		.text
  97              	.Letext0:
  98              		.file 2 "Drivers/CMSIS/Device/ST/STM32F3xx/Include/stm32f301x8.h"
  99              		.file 3 "/usr/lib/gcc/arm-none-eabi/10.3.1/include/stdint.h"
ARM GAS  /tmp/ccCxO7TW.s 			page 4


DEFINED SYMBOLS
                            *ABS*:0000000000000000 gpio.c
     /tmp/ccCxO7TW.s:18     .text.MX_GPIO_Init:0000000000000000 $t
     /tmp/ccCxO7TW.s:26     .text.MX_GPIO_Init:0000000000000000 MX_GPIO_Init
     /tmp/ccCxO7TW.s:92     .text.MX_GPIO_Init:0000000000000040 $d

NO UNDEFINED SYMBOLS
