ARM GAS  /tmp/ccWmSM5L.s 			page 1


   1              		.cpu cortex-m4
   2              		.eabi_attribute 27, 1
   3              		.eabi_attribute 28, 1
   4              		.eabi_attribute 20, 1
   5              		.eabi_attribute 21, 1
   6              		.eabi_attribute 23, 3
   7              		.eabi_attribute 24, 1
   8              		.eabi_attribute 25, 1
   9              		.eabi_attribute 26, 1
  10              		.eabi_attribute 30, 1
  11              		.eabi_attribute 34, 1
  12              		.eabi_attribute 18, 4
  13              		.file	"usart.c"
  14              		.text
  15              	.Ltext0:
  16              		.cfi_sections	.debug_frame
  17              		.section	.text.MX_USART3_UART_Init,"ax",%progbits
  18              		.align	1
  19              		.global	MX_USART3_UART_Init
  20              		.arch armv7e-m
  21              		.syntax unified
  22              		.thumb
  23              		.thumb_func
  24              		.fpu fpv4-sp-d16
  26              	MX_USART3_UART_Init:
  27              	.LFB123:
  28              		.file 1 "Core/Src/usart.c"
   1:Core/Src/usart.c **** /* USER CODE BEGIN Header */
   2:Core/Src/usart.c **** /**
   3:Core/Src/usart.c ****   ******************************************************************************
   4:Core/Src/usart.c ****   * @file    usart.c
   5:Core/Src/usart.c ****   * @brief   This file provides code for the configuration
   6:Core/Src/usart.c ****   *          of the USART instances.
   7:Core/Src/usart.c ****   ******************************************************************************
   8:Core/Src/usart.c ****   * @attention
   9:Core/Src/usart.c ****   *
  10:Core/Src/usart.c ****   * Copyright (c) 2022 STMicroelectronics.
  11:Core/Src/usart.c ****   * All rights reserved.
  12:Core/Src/usart.c ****   *
  13:Core/Src/usart.c ****   * This software is licensed under terms that can be found in the LICENSE file
  14:Core/Src/usart.c ****   * in the root directory of this software component.
  15:Core/Src/usart.c ****   * If no LICENSE file comes with this software, it is provided AS-IS.
  16:Core/Src/usart.c ****   *
  17:Core/Src/usart.c ****   ******************************************************************************
  18:Core/Src/usart.c ****   */
  19:Core/Src/usart.c **** /* USER CODE END Header */
  20:Core/Src/usart.c **** /* Includes ------------------------------------------------------------------*/
  21:Core/Src/usart.c **** #include "usart.h"
  22:Core/Src/usart.c **** 
  23:Core/Src/usart.c **** /* USER CODE BEGIN 0 */
  24:Core/Src/usart.c **** 
  25:Core/Src/usart.c **** /* USER CODE END 0 */
  26:Core/Src/usart.c **** 
  27:Core/Src/usart.c **** UART_HandleTypeDef huart3;
  28:Core/Src/usart.c **** 
  29:Core/Src/usart.c **** /* USART3 init function */
  30:Core/Src/usart.c **** 
ARM GAS  /tmp/ccWmSM5L.s 			page 2


  31:Core/Src/usart.c **** void MX_USART3_UART_Init(void)
  32:Core/Src/usart.c **** {
  29              		.loc 1 32 1 view -0
  30              		.cfi_startproc
  31              		@ args = 0, pretend = 0, frame = 0
  32              		@ frame_needed = 0, uses_anonymous_args = 0
  33 0000 08B5     		push	{r3, lr}
  34              	.LCFI0:
  35              		.cfi_def_cfa_offset 8
  36              		.cfi_offset 3, -8
  37              		.cfi_offset 14, -4
  33:Core/Src/usart.c **** 
  34:Core/Src/usart.c ****   /* USER CODE BEGIN USART3_Init 0 */
  35:Core/Src/usart.c **** 
  36:Core/Src/usart.c ****   /* USER CODE END USART3_Init 0 */
  37:Core/Src/usart.c **** 
  38:Core/Src/usart.c ****   /* USER CODE BEGIN USART3_Init 1 */
  39:Core/Src/usart.c **** 
  40:Core/Src/usart.c ****   /* USER CODE END USART3_Init 1 */
  41:Core/Src/usart.c ****   huart3.Instance = USART3;
  38              		.loc 1 41 3 view .LVU1
  39              		.loc 1 41 19 is_stmt 0 view .LVU2
  40 0002 0B48     		ldr	r0, .L5
  41 0004 0B4B     		ldr	r3, .L5+4
  42 0006 0360     		str	r3, [r0]
  42:Core/Src/usart.c ****   huart3.Init.BaudRate = 38400;
  43              		.loc 1 42 3 is_stmt 1 view .LVU3
  44              		.loc 1 42 24 is_stmt 0 view .LVU4
  45 0008 4FF41643 		mov	r3, #38400
  46 000c 4360     		str	r3, [r0, #4]
  43:Core/Src/usart.c ****   huart3.Init.WordLength = UART_WORDLENGTH_8B;
  47              		.loc 1 43 3 is_stmt 1 view .LVU5
  48              		.loc 1 43 26 is_stmt 0 view .LVU6
  49 000e 0023     		movs	r3, #0
  50 0010 8360     		str	r3, [r0, #8]
  44:Core/Src/usart.c ****   huart3.Init.StopBits = UART_STOPBITS_1;
  51              		.loc 1 44 3 is_stmt 1 view .LVU7
  52              		.loc 1 44 24 is_stmt 0 view .LVU8
  53 0012 C360     		str	r3, [r0, #12]
  45:Core/Src/usart.c ****   huart3.Init.Parity = UART_PARITY_NONE;
  54              		.loc 1 45 3 is_stmt 1 view .LVU9
  55              		.loc 1 45 22 is_stmt 0 view .LVU10
  56 0014 0361     		str	r3, [r0, #16]
  46:Core/Src/usart.c ****   huart3.Init.Mode = UART_MODE_TX_RX;
  57              		.loc 1 46 3 is_stmt 1 view .LVU11
  58              		.loc 1 46 20 is_stmt 0 view .LVU12
  59 0016 0C22     		movs	r2, #12
  60 0018 4261     		str	r2, [r0, #20]
  47:Core/Src/usart.c ****   huart3.Init.HwFlowCtl = UART_HWCONTROL_NONE;
  61              		.loc 1 47 3 is_stmt 1 view .LVU13
  62              		.loc 1 47 25 is_stmt 0 view .LVU14
  63 001a 8361     		str	r3, [r0, #24]
  48:Core/Src/usart.c ****   huart3.Init.OverSampling = UART_OVERSAMPLING_16;
  64              		.loc 1 48 3 is_stmt 1 view .LVU15
  65              		.loc 1 48 28 is_stmt 0 view .LVU16
  66 001c C361     		str	r3, [r0, #28]
  49:Core/Src/usart.c ****   huart3.Init.OneBitSampling = UART_ONE_BIT_SAMPLE_DISABLE;
ARM GAS  /tmp/ccWmSM5L.s 			page 3


  67              		.loc 1 49 3 is_stmt 1 view .LVU17
  68              		.loc 1 49 30 is_stmt 0 view .LVU18
  69 001e 0362     		str	r3, [r0, #32]
  50:Core/Src/usart.c ****   huart3.AdvancedInit.AdvFeatureInit = UART_ADVFEATURE_NO_INIT;
  70              		.loc 1 50 3 is_stmt 1 view .LVU19
  71              		.loc 1 50 38 is_stmt 0 view .LVU20
  72 0020 4362     		str	r3, [r0, #36]
  51:Core/Src/usart.c ****   if (HAL_UART_Init(&huart3) != HAL_OK)
  73              		.loc 1 51 3 is_stmt 1 view .LVU21
  74              		.loc 1 51 7 is_stmt 0 view .LVU22
  75 0022 FFF7FEFF 		bl	HAL_UART_Init
  76              	.LVL0:
  77              		.loc 1 51 6 view .LVU23
  78 0026 00B9     		cbnz	r0, .L4
  79              	.L1:
  52:Core/Src/usart.c ****   {
  53:Core/Src/usart.c ****     Error_Handler();
  54:Core/Src/usart.c ****   }
  55:Core/Src/usart.c ****   /* USER CODE BEGIN USART3_Init 2 */
  56:Core/Src/usart.c **** 
  57:Core/Src/usart.c ****   /* USER CODE END USART3_Init 2 */
  58:Core/Src/usart.c **** 
  59:Core/Src/usart.c **** }
  80              		.loc 1 59 1 view .LVU24
  81 0028 08BD     		pop	{r3, pc}
  82              	.L4:
  53:Core/Src/usart.c ****   }
  83              		.loc 1 53 5 is_stmt 1 view .LVU25
  84 002a FFF7FEFF 		bl	Error_Handler
  85              	.LVL1:
  86              		.loc 1 59 1 is_stmt 0 view .LVU26
  87 002e FBE7     		b	.L1
  88              	.L6:
  89              		.align	2
  90              	.L5:
  91 0030 00000000 		.word	.LANCHOR0
  92 0034 00480040 		.word	1073760256
  93              		.cfi_endproc
  94              	.LFE123:
  96              		.section	.text.HAL_UART_MspInit,"ax",%progbits
  97              		.align	1
  98              		.global	HAL_UART_MspInit
  99              		.syntax unified
 100              		.thumb
 101              		.thumb_func
 102              		.fpu fpv4-sp-d16
 104              	HAL_UART_MspInit:
 105              	.LVL2:
 106              	.LFB124:
  60:Core/Src/usart.c **** 
  61:Core/Src/usart.c **** void HAL_UART_MspInit(UART_HandleTypeDef* uartHandle)
  62:Core/Src/usart.c **** {
 107              		.loc 1 62 1 is_stmt 1 view -0
 108              		.cfi_startproc
 109              		@ args = 0, pretend = 0, frame = 32
 110              		@ frame_needed = 0, uses_anonymous_args = 0
 111              		.loc 1 62 1 is_stmt 0 view .LVU28
ARM GAS  /tmp/ccWmSM5L.s 			page 4


 112 0000 00B5     		push	{lr}
 113              	.LCFI1:
 114              		.cfi_def_cfa_offset 4
 115              		.cfi_offset 14, -4
 116 0002 89B0     		sub	sp, sp, #36
 117              	.LCFI2:
 118              		.cfi_def_cfa_offset 40
  63:Core/Src/usart.c **** 
  64:Core/Src/usart.c ****   GPIO_InitTypeDef GPIO_InitStruct = {0};
 119              		.loc 1 64 3 is_stmt 1 view .LVU29
 120              		.loc 1 64 20 is_stmt 0 view .LVU30
 121 0004 0023     		movs	r3, #0
 122 0006 0393     		str	r3, [sp, #12]
 123 0008 0493     		str	r3, [sp, #16]
 124 000a 0593     		str	r3, [sp, #20]
 125 000c 0693     		str	r3, [sp, #24]
 126 000e 0793     		str	r3, [sp, #28]
  65:Core/Src/usart.c ****   if(uartHandle->Instance==USART3)
 127              		.loc 1 65 3 is_stmt 1 view .LVU31
 128              		.loc 1 65 16 is_stmt 0 view .LVU32
 129 0010 0268     		ldr	r2, [r0]
 130              		.loc 1 65 5 view .LVU33
 131 0012 144B     		ldr	r3, .L11
 132 0014 9A42     		cmp	r2, r3
 133 0016 02D0     		beq	.L10
 134              	.LVL3:
 135              	.L7:
  66:Core/Src/usart.c ****   {
  67:Core/Src/usart.c ****   /* USER CODE BEGIN USART3_MspInit 0 */
  68:Core/Src/usart.c **** 
  69:Core/Src/usart.c ****   /* USER CODE END USART3_MspInit 0 */
  70:Core/Src/usart.c ****     /* USART3 clock enable */
  71:Core/Src/usart.c ****     __HAL_RCC_USART3_CLK_ENABLE();
  72:Core/Src/usart.c **** 
  73:Core/Src/usart.c ****     __HAL_RCC_GPIOB_CLK_ENABLE();
  74:Core/Src/usart.c ****     /**USART3 GPIO Configuration
  75:Core/Src/usart.c ****     PB10     ------> USART3_TX
  76:Core/Src/usart.c ****     PB11     ------> USART3_RX
  77:Core/Src/usart.c ****     */
  78:Core/Src/usart.c ****     GPIO_InitStruct.Pin = GPIO_PIN_10|GPIO_PIN_11;
  79:Core/Src/usart.c ****     GPIO_InitStruct.Mode = GPIO_MODE_AF_PP;
  80:Core/Src/usart.c ****     GPIO_InitStruct.Pull = GPIO_NOPULL;
  81:Core/Src/usart.c ****     GPIO_InitStruct.Speed = GPIO_SPEED_FREQ_HIGH;
  82:Core/Src/usart.c ****     GPIO_InitStruct.Alternate = GPIO_AF7_USART3;
  83:Core/Src/usart.c ****     HAL_GPIO_Init(GPIOB, &GPIO_InitStruct);
  84:Core/Src/usart.c **** 
  85:Core/Src/usart.c ****   /* USER CODE BEGIN USART3_MspInit 1 */
  86:Core/Src/usart.c **** 
  87:Core/Src/usart.c ****   /* USER CODE END USART3_MspInit 1 */
  88:Core/Src/usart.c ****   }
  89:Core/Src/usart.c **** }
 136              		.loc 1 89 1 view .LVU34
 137 0018 09B0     		add	sp, sp, #36
 138              	.LCFI3:
 139              		.cfi_remember_state
 140              		.cfi_def_cfa_offset 4
 141              		@ sp needed
ARM GAS  /tmp/ccWmSM5L.s 			page 5


 142 001a 5DF804FB 		ldr	pc, [sp], #4
 143              	.LVL4:
 144              	.L10:
 145              	.LCFI4:
 146              		.cfi_restore_state
  71:Core/Src/usart.c **** 
 147              		.loc 1 71 5 is_stmt 1 view .LVU35
 148              	.LBB2:
  71:Core/Src/usart.c **** 
 149              		.loc 1 71 5 view .LVU36
  71:Core/Src/usart.c **** 
 150              		.loc 1 71 5 view .LVU37
 151 001e 03F5E433 		add	r3, r3, #116736
 152 0022 DA69     		ldr	r2, [r3, #28]
 153 0024 42F48022 		orr	r2, r2, #262144
 154 0028 DA61     		str	r2, [r3, #28]
  71:Core/Src/usart.c **** 
 155              		.loc 1 71 5 view .LVU38
 156 002a DA69     		ldr	r2, [r3, #28]
 157 002c 02F48022 		and	r2, r2, #262144
 158 0030 0192     		str	r2, [sp, #4]
  71:Core/Src/usart.c **** 
 159              		.loc 1 71 5 view .LVU39
 160 0032 019A     		ldr	r2, [sp, #4]
 161              	.LBE2:
  71:Core/Src/usart.c **** 
 162              		.loc 1 71 5 view .LVU40
  73:Core/Src/usart.c ****     /**USART3 GPIO Configuration
 163              		.loc 1 73 5 view .LVU41
 164              	.LBB3:
  73:Core/Src/usart.c ****     /**USART3 GPIO Configuration
 165              		.loc 1 73 5 view .LVU42
  73:Core/Src/usart.c ****     /**USART3 GPIO Configuration
 166              		.loc 1 73 5 view .LVU43
 167 0034 5A69     		ldr	r2, [r3, #20]
 168 0036 42F48022 		orr	r2, r2, #262144
 169 003a 5A61     		str	r2, [r3, #20]
  73:Core/Src/usart.c ****     /**USART3 GPIO Configuration
 170              		.loc 1 73 5 view .LVU44
 171 003c 5B69     		ldr	r3, [r3, #20]
 172 003e 03F48023 		and	r3, r3, #262144
 173 0042 0293     		str	r3, [sp, #8]
  73:Core/Src/usart.c ****     /**USART3 GPIO Configuration
 174              		.loc 1 73 5 view .LVU45
 175 0044 029B     		ldr	r3, [sp, #8]
 176              	.LBE3:
  73:Core/Src/usart.c ****     /**USART3 GPIO Configuration
 177              		.loc 1 73 5 view .LVU46
  78:Core/Src/usart.c ****     GPIO_InitStruct.Mode = GPIO_MODE_AF_PP;
 178              		.loc 1 78 5 view .LVU47
  78:Core/Src/usart.c ****     GPIO_InitStruct.Mode = GPIO_MODE_AF_PP;
 179              		.loc 1 78 25 is_stmt 0 view .LVU48
 180 0046 4FF44063 		mov	r3, #3072
 181 004a 0393     		str	r3, [sp, #12]
  79:Core/Src/usart.c ****     GPIO_InitStruct.Pull = GPIO_NOPULL;
 182              		.loc 1 79 5 is_stmt 1 view .LVU49
  79:Core/Src/usart.c ****     GPIO_InitStruct.Pull = GPIO_NOPULL;
ARM GAS  /tmp/ccWmSM5L.s 			page 6


 183              		.loc 1 79 26 is_stmt 0 view .LVU50
 184 004c 0223     		movs	r3, #2
 185 004e 0493     		str	r3, [sp, #16]
  80:Core/Src/usart.c ****     GPIO_InitStruct.Speed = GPIO_SPEED_FREQ_HIGH;
 186              		.loc 1 80 5 is_stmt 1 view .LVU51
  81:Core/Src/usart.c ****     GPIO_InitStruct.Alternate = GPIO_AF7_USART3;
 187              		.loc 1 81 5 view .LVU52
  81:Core/Src/usart.c ****     GPIO_InitStruct.Alternate = GPIO_AF7_USART3;
 188              		.loc 1 81 27 is_stmt 0 view .LVU53
 189 0050 0323     		movs	r3, #3
 190 0052 0693     		str	r3, [sp, #24]
  82:Core/Src/usart.c ****     HAL_GPIO_Init(GPIOB, &GPIO_InitStruct);
 191              		.loc 1 82 5 is_stmt 1 view .LVU54
  82:Core/Src/usart.c ****     HAL_GPIO_Init(GPIOB, &GPIO_InitStruct);
 192              		.loc 1 82 31 is_stmt 0 view .LVU55
 193 0054 0723     		movs	r3, #7
 194 0056 0793     		str	r3, [sp, #28]
  83:Core/Src/usart.c **** 
 195              		.loc 1 83 5 is_stmt 1 view .LVU56
 196 0058 03A9     		add	r1, sp, #12
 197 005a 0348     		ldr	r0, .L11+4
 198              	.LVL5:
  83:Core/Src/usart.c **** 
 199              		.loc 1 83 5 is_stmt 0 view .LVU57
 200 005c FFF7FEFF 		bl	HAL_GPIO_Init
 201              	.LVL6:
 202              		.loc 1 89 1 view .LVU58
 203 0060 DAE7     		b	.L7
 204              	.L12:
 205 0062 00BF     		.align	2
 206              	.L11:
 207 0064 00480040 		.word	1073760256
 208 0068 00040048 		.word	1207960576
 209              		.cfi_endproc
 210              	.LFE124:
 212              		.section	.text.HAL_UART_MspDeInit,"ax",%progbits
 213              		.align	1
 214              		.global	HAL_UART_MspDeInit
 215              		.syntax unified
 216              		.thumb
 217              		.thumb_func
 218              		.fpu fpv4-sp-d16
 220              	HAL_UART_MspDeInit:
 221              	.LVL7:
 222              	.LFB125:
  90:Core/Src/usart.c **** 
  91:Core/Src/usart.c **** void HAL_UART_MspDeInit(UART_HandleTypeDef* uartHandle)
  92:Core/Src/usart.c **** {
 223              		.loc 1 92 1 is_stmt 1 view -0
 224              		.cfi_startproc
 225              		@ args = 0, pretend = 0, frame = 0
 226              		@ frame_needed = 0, uses_anonymous_args = 0
 227              		.loc 1 92 1 is_stmt 0 view .LVU60
 228 0000 08B5     		push	{r3, lr}
 229              	.LCFI5:
 230              		.cfi_def_cfa_offset 8
 231              		.cfi_offset 3, -8
ARM GAS  /tmp/ccWmSM5L.s 			page 7


 232              		.cfi_offset 14, -4
  93:Core/Src/usart.c **** 
  94:Core/Src/usart.c ****   if(uartHandle->Instance==USART3)
 233              		.loc 1 94 3 is_stmt 1 view .LVU61
 234              		.loc 1 94 16 is_stmt 0 view .LVU62
 235 0002 0268     		ldr	r2, [r0]
 236              		.loc 1 94 5 view .LVU63
 237 0004 074B     		ldr	r3, .L17
 238 0006 9A42     		cmp	r2, r3
 239 0008 00D0     		beq	.L16
 240              	.LVL8:
 241              	.L13:
  95:Core/Src/usart.c ****   {
  96:Core/Src/usart.c ****   /* USER CODE BEGIN USART3_MspDeInit 0 */
  97:Core/Src/usart.c **** 
  98:Core/Src/usart.c ****   /* USER CODE END USART3_MspDeInit 0 */
  99:Core/Src/usart.c ****     /* Peripheral clock disable */
 100:Core/Src/usart.c ****     __HAL_RCC_USART3_CLK_DISABLE();
 101:Core/Src/usart.c **** 
 102:Core/Src/usart.c ****     /**USART3 GPIO Configuration
 103:Core/Src/usart.c ****     PB10     ------> USART3_TX
 104:Core/Src/usart.c ****     PB11     ------> USART3_RX
 105:Core/Src/usart.c ****     */
 106:Core/Src/usart.c ****     HAL_GPIO_DeInit(GPIOB, GPIO_PIN_10|GPIO_PIN_11);
 107:Core/Src/usart.c **** 
 108:Core/Src/usart.c ****   /* USER CODE BEGIN USART3_MspDeInit 1 */
 109:Core/Src/usart.c **** 
 110:Core/Src/usart.c ****   /* USER CODE END USART3_MspDeInit 1 */
 111:Core/Src/usart.c ****   }
 112:Core/Src/usart.c **** }
 242              		.loc 1 112 1 view .LVU64
 243 000a 08BD     		pop	{r3, pc}
 244              	.LVL9:
 245              	.L16:
 100:Core/Src/usart.c **** 
 246              		.loc 1 100 5 is_stmt 1 view .LVU65
 247 000c 064A     		ldr	r2, .L17+4
 248 000e D369     		ldr	r3, [r2, #28]
 249 0010 23F48023 		bic	r3, r3, #262144
 250 0014 D361     		str	r3, [r2, #28]
 106:Core/Src/usart.c **** 
 251              		.loc 1 106 5 view .LVU66
 252 0016 4FF44061 		mov	r1, #3072
 253 001a 0448     		ldr	r0, .L17+8
 254              	.LVL10:
 106:Core/Src/usart.c **** 
 255              		.loc 1 106 5 is_stmt 0 view .LVU67
 256 001c FFF7FEFF 		bl	HAL_GPIO_DeInit
 257              	.LVL11:
 258              		.loc 1 112 1 view .LVU68
 259 0020 F3E7     		b	.L13
 260              	.L18:
 261 0022 00BF     		.align	2
 262              	.L17:
 263 0024 00480040 		.word	1073760256
 264 0028 00100240 		.word	1073876992
 265 002c 00040048 		.word	1207960576
ARM GAS  /tmp/ccWmSM5L.s 			page 8


 266              		.cfi_endproc
 267              	.LFE125:
 269              		.global	huart3
 270              		.section	.bss.huart3,"aw",%nobits
 271              		.align	2
 272              		.set	.LANCHOR0,. + 0
 275              	huart3:
 276 0000 00000000 		.space	132
 276      00000000 
 276      00000000 
 276      00000000 
 276      00000000 
 277              		.text
 278              	.Letext0:
 279              		.file 2 "/usr/lib/gcc/arm-none-eabi/10.3.1/include/stdint.h"
 280              		.file 3 "Drivers/CMSIS/Device/ST/STM32F3xx/Include/stm32f301x8.h"
 281              		.file 4 "Drivers/STM32F3xx_HAL_Driver/Inc/stm32f3xx_hal_def.h"
 282              		.file 5 "Drivers/STM32F3xx_HAL_Driver/Inc/stm32f3xx_hal_gpio.h"
 283              		.file 6 "Drivers/STM32F3xx_HAL_Driver/Inc/stm32f3xx_hal_dma.h"
 284              		.file 7 "Drivers/STM32F3xx_HAL_Driver/Inc/stm32f3xx_hal_uart.h"
 285              		.file 8 "Core/Inc/main.h"
 286              		.file 9 "Core/Inc/usart.h"
ARM GAS  /tmp/ccWmSM5L.s 			page 9


DEFINED SYMBOLS
                            *ABS*:0000000000000000 usart.c
     /tmp/ccWmSM5L.s:18     .text.MX_USART3_UART_Init:0000000000000000 $t
     /tmp/ccWmSM5L.s:26     .text.MX_USART3_UART_Init:0000000000000000 MX_USART3_UART_Init
     /tmp/ccWmSM5L.s:91     .text.MX_USART3_UART_Init:0000000000000030 $d
     /tmp/ccWmSM5L.s:97     .text.HAL_UART_MspInit:0000000000000000 $t
     /tmp/ccWmSM5L.s:104    .text.HAL_UART_MspInit:0000000000000000 HAL_UART_MspInit
     /tmp/ccWmSM5L.s:207    .text.HAL_UART_MspInit:0000000000000064 $d
     /tmp/ccWmSM5L.s:213    .text.HAL_UART_MspDeInit:0000000000000000 $t
     /tmp/ccWmSM5L.s:220    .text.HAL_UART_MspDeInit:0000000000000000 HAL_UART_MspDeInit
     /tmp/ccWmSM5L.s:263    .text.HAL_UART_MspDeInit:0000000000000024 $d
     /tmp/ccWmSM5L.s:275    .bss.huart3:0000000000000000 huart3
     /tmp/ccWmSM5L.s:271    .bss.huart3:0000000000000000 $d

UNDEFINED SYMBOLS
HAL_UART_Init
Error_Handler
HAL_GPIO_Init
HAL_GPIO_DeInit
