ARM GAS  /tmp/ccUvWk1S.s 			page 1


   1              		.cpu cortex-m3
   2              		.eabi_attribute 20, 1
   3              		.eabi_attribute 21, 1
   4              		.eabi_attribute 23, 3
   5              		.eabi_attribute 24, 1
   6              		.eabi_attribute 25, 1
   7              		.eabi_attribute 26, 1
   8              		.eabi_attribute 30, 1
   9              		.eabi_attribute 34, 1
  10              		.eabi_attribute 18, 4
  11              		.file	"freertos.c"
  12              		.text
  13              	.Ltext0:
  14              		.cfi_sections	.debug_frame
  15              		.section	.text.StartDefaultTask,"ax",%progbits
  16              		.align	1
  17              		.global	StartDefaultTask
  18              		.arch armv7-m
  19              		.syntax unified
  20              		.thumb
  21              		.thumb_func
  22              		.fpu softvfp
  24              	StartDefaultTask:
  25              	.LFB70:
  26              		.file 1 "Core/Src/freertos.c"
   1:Core/Src/freertos.c **** /* USER CODE BEGIN Header */
   2:Core/Src/freertos.c **** /**
   3:Core/Src/freertos.c ****   ******************************************************************************
   4:Core/Src/freertos.c ****   * File Name          : freertos.c
   5:Core/Src/freertos.c ****   * Description        : Code for freertos applications
   6:Core/Src/freertos.c ****   ******************************************************************************
   7:Core/Src/freertos.c ****   * @attention
   8:Core/Src/freertos.c ****   *
   9:Core/Src/freertos.c ****   * Copyright (c) 2022 STMicroelectronics.
  10:Core/Src/freertos.c ****   * All rights reserved.
  11:Core/Src/freertos.c ****   *
  12:Core/Src/freertos.c ****   * This software is licensed under terms that can be found in the LICENSE file
  13:Core/Src/freertos.c ****   * in the root directory of this software component.
  14:Core/Src/freertos.c ****   * If no LICENSE file comes with this software, it is provided AS-IS.
  15:Core/Src/freertos.c ****   *
  16:Core/Src/freertos.c ****   ******************************************************************************
  17:Core/Src/freertos.c ****   */
  18:Core/Src/freertos.c **** /* USER CODE END Header */
  19:Core/Src/freertos.c **** 
  20:Core/Src/freertos.c **** /* Includes ------------------------------------------------------------------*/
  21:Core/Src/freertos.c **** #include "FreeRTOS.h"
  22:Core/Src/freertos.c **** #include "task.h"
  23:Core/Src/freertos.c **** #include "main.h"
  24:Core/Src/freertos.c **** #include "cmsis_os.h"
  25:Core/Src/freertos.c **** 
  26:Core/Src/freertos.c **** /* Private includes ----------------------------------------------------------*/
  27:Core/Src/freertos.c **** /* USER CODE BEGIN Includes */
  28:Core/Src/freertos.c **** 
  29:Core/Src/freertos.c **** /* USER CODE END Includes */
  30:Core/Src/freertos.c **** 
  31:Core/Src/freertos.c **** /* Private typedef -----------------------------------------------------------*/
  32:Core/Src/freertos.c **** typedef StaticTask_t osStaticThreadDef_t;
ARM GAS  /tmp/ccUvWk1S.s 			page 2


  33:Core/Src/freertos.c **** /* USER CODE BEGIN PTD */
  34:Core/Src/freertos.c **** 
  35:Core/Src/freertos.c **** /* USER CODE END PTD */
  36:Core/Src/freertos.c **** 
  37:Core/Src/freertos.c **** /* Private define ------------------------------------------------------------*/
  38:Core/Src/freertos.c **** /* USER CODE BEGIN PD */
  39:Core/Src/freertos.c **** 
  40:Core/Src/freertos.c **** /* USER CODE END PD */
  41:Core/Src/freertos.c **** 
  42:Core/Src/freertos.c **** /* Private macro -------------------------------------------------------------*/
  43:Core/Src/freertos.c **** /* USER CODE BEGIN PM */
  44:Core/Src/freertos.c **** 
  45:Core/Src/freertos.c **** /* USER CODE END PM */
  46:Core/Src/freertos.c **** 
  47:Core/Src/freertos.c **** /* Private variables ---------------------------------------------------------*/
  48:Core/Src/freertos.c **** /* USER CODE BEGIN Variables */
  49:Core/Src/freertos.c **** 
  50:Core/Src/freertos.c **** /* USER CODE END Variables */
  51:Core/Src/freertos.c **** /* Definitions for defaultTask */
  52:Core/Src/freertos.c **** osThreadId_t defaultTaskHandle;
  53:Core/Src/freertos.c **** uint32_t defaultTaskBuffer[ 600 ];
  54:Core/Src/freertos.c **** osStaticThreadDef_t defaultTaskControlBlock;
  55:Core/Src/freertos.c **** const osThreadAttr_t defaultTask_attributes = {
  56:Core/Src/freertos.c ****   .name = "defaultTask",
  57:Core/Src/freertos.c ****   .cb_mem = &defaultTaskControlBlock,
  58:Core/Src/freertos.c ****   .cb_size = sizeof(defaultTaskControlBlock),
  59:Core/Src/freertos.c ****   .stack_mem = &defaultTaskBuffer[0],
  60:Core/Src/freertos.c ****   .stack_size = sizeof(defaultTaskBuffer),
  61:Core/Src/freertos.c ****   .priority = (osPriority_t) osPriorityNormal,
  62:Core/Src/freertos.c **** };
  63:Core/Src/freertos.c **** 
  64:Core/Src/freertos.c **** /* Private function prototypes -----------------------------------------------*/
  65:Core/Src/freertos.c **** /* USER CODE BEGIN FunctionPrototypes */
  66:Core/Src/freertos.c **** 
  67:Core/Src/freertos.c **** /* USER CODE END FunctionPrototypes */
  68:Core/Src/freertos.c **** 
  69:Core/Src/freertos.c **** void StartDefaultTask(void *argument);
  70:Core/Src/freertos.c **** 
  71:Core/Src/freertos.c **** void MX_FREERTOS_Init(void); /* (MISRA C 2004 rule 8.1) */
  72:Core/Src/freertos.c **** 
  73:Core/Src/freertos.c **** /**
  74:Core/Src/freertos.c ****   * @brief  FreeRTOS initialization
  75:Core/Src/freertos.c ****   * @param  None
  76:Core/Src/freertos.c ****   * @retval None
  77:Core/Src/freertos.c ****   */
  78:Core/Src/freertos.c **** void MX_FREERTOS_Init(void) {
  79:Core/Src/freertos.c ****   /* USER CODE BEGIN Init */
  80:Core/Src/freertos.c **** 
  81:Core/Src/freertos.c ****   /* USER CODE END Init */
  82:Core/Src/freertos.c **** 
  83:Core/Src/freertos.c ****   /* USER CODE BEGIN RTOS_MUTEX */
  84:Core/Src/freertos.c ****   /* add mutexes, ... */
  85:Core/Src/freertos.c ****   /* USER CODE END RTOS_MUTEX */
  86:Core/Src/freertos.c **** 
  87:Core/Src/freertos.c ****   /* USER CODE BEGIN RTOS_SEMAPHORES */
  88:Core/Src/freertos.c ****   /* add semaphores, ... */
  89:Core/Src/freertos.c ****   /* USER CODE END RTOS_SEMAPHORES */
ARM GAS  /tmp/ccUvWk1S.s 			page 3


  90:Core/Src/freertos.c **** 
  91:Core/Src/freertos.c ****   /* USER CODE BEGIN RTOS_TIMERS */
  92:Core/Src/freertos.c ****   /* start timers, add new ones, ... */
  93:Core/Src/freertos.c ****   /* USER CODE END RTOS_TIMERS */
  94:Core/Src/freertos.c **** 
  95:Core/Src/freertos.c ****   /* USER CODE BEGIN RTOS_QUEUES */
  96:Core/Src/freertos.c ****   /* add queues, ... */
  97:Core/Src/freertos.c ****   /* USER CODE END RTOS_QUEUES */
  98:Core/Src/freertos.c **** 
  99:Core/Src/freertos.c ****   /* Create the thread(s) */
 100:Core/Src/freertos.c ****   /* creation of defaultTask */
 101:Core/Src/freertos.c ****   defaultTaskHandle = osThreadNew(StartDefaultTask, NULL, &defaultTask_attributes);
 102:Core/Src/freertos.c **** 
 103:Core/Src/freertos.c ****   /* USER CODE BEGIN RTOS_THREADS */
 104:Core/Src/freertos.c ****   /* add threads, ... */
 105:Core/Src/freertos.c ****   /* USER CODE END RTOS_THREADS */
 106:Core/Src/freertos.c **** 
 107:Core/Src/freertos.c ****   /* USER CODE BEGIN RTOS_EVENTS */
 108:Core/Src/freertos.c ****   /* add events, ... */
 109:Core/Src/freertos.c ****   /* USER CODE END RTOS_EVENTS */
 110:Core/Src/freertos.c **** 
 111:Core/Src/freertos.c **** }
 112:Core/Src/freertos.c **** 
 113:Core/Src/freertos.c **** /* USER CODE BEGIN Header_StartDefaultTask */
 114:Core/Src/freertos.c **** /**
 115:Core/Src/freertos.c ****   * @brief  Function implementing the defaultTask thread.
 116:Core/Src/freertos.c ****   * @param  argument: Not used
 117:Core/Src/freertos.c ****   * @retval None
 118:Core/Src/freertos.c ****   */
 119:Core/Src/freertos.c **** /* USER CODE END Header_StartDefaultTask */
 120:Core/Src/freertos.c **** void StartDefaultTask(void *argument)
 121:Core/Src/freertos.c **** {
  27              		.loc 1 121 1 view -0
  28              		.cfi_startproc
  29              		@ Volatile: function does not return.
  30              		@ args = 0, pretend = 0, frame = 0
  31              		@ frame_needed = 0, uses_anonymous_args = 0
  32              	.LVL0:
  33              		.loc 1 121 1 is_stmt 0 view .LVU1
  34 0000 08B5     		push	{r3, lr}
  35              	.LCFI0:
  36              		.cfi_def_cfa_offset 8
  37              		.cfi_offset 3, -8
  38              		.cfi_offset 14, -4
  39              	.LVL1:
  40              	.L2:
 122:Core/Src/freertos.c ****   /* USER CODE BEGIN StartDefaultTask */
 123:Core/Src/freertos.c ****   /* Infinite loop */
 124:Core/Src/freertos.c ****   for(;;)
  41              		.loc 1 124 3 is_stmt 1 discriminator 1 view .LVU2
 125:Core/Src/freertos.c ****   {
 126:Core/Src/freertos.c ****     osDelay(1);
  42              		.loc 1 126 5 discriminator 1 view .LVU3
  43 0002 0120     		movs	r0, #1
  44 0004 FFF7FEFF 		bl	osDelay
  45              	.LVL2:
 124:Core/Src/freertos.c ****   {
ARM GAS  /tmp/ccUvWk1S.s 			page 4


  46              		.loc 1 124 8 discriminator 1 view .LVU4
  47 0008 FBE7     		b	.L2
  48              		.cfi_endproc
  49              	.LFE70:
  51              		.section	.text.MX_FREERTOS_Init,"ax",%progbits
  52              		.align	1
  53              		.global	MX_FREERTOS_Init
  54              		.syntax unified
  55              		.thumb
  56              		.thumb_func
  57              		.fpu softvfp
  59              	MX_FREERTOS_Init:
  60              	.LFB69:
  78:Core/Src/freertos.c ****   /* USER CODE BEGIN Init */
  61              		.loc 1 78 29 view -0
  62              		.cfi_startproc
  63              		@ args = 0, pretend = 0, frame = 0
  64              		@ frame_needed = 0, uses_anonymous_args = 0
  65 0000 08B5     		push	{r3, lr}
  66              	.LCFI1:
  67              		.cfi_def_cfa_offset 8
  68              		.cfi_offset 3, -8
  69              		.cfi_offset 14, -4
 101:Core/Src/freertos.c **** 
  70              		.loc 1 101 3 view .LVU6
 101:Core/Src/freertos.c **** 
  71              		.loc 1 101 23 is_stmt 0 view .LVU7
  72 0002 044A     		ldr	r2, .L6
  73 0004 0021     		movs	r1, #0
  74 0006 0448     		ldr	r0, .L6+4
  75 0008 FFF7FEFF 		bl	osThreadNew
  76              	.LVL3:
 101:Core/Src/freertos.c **** 
  77              		.loc 1 101 21 view .LVU8
  78 000c 034B     		ldr	r3, .L6+8
  79 000e 1860     		str	r0, [r3]
 111:Core/Src/freertos.c **** 
  80              		.loc 1 111 1 view .LVU9
  81 0010 08BD     		pop	{r3, pc}
  82              	.L7:
  83 0012 00BF     		.align	2
  84              	.L6:
  85 0014 00000000 		.word	.LANCHOR0
  86 0018 00000000 		.word	StartDefaultTask
  87 001c 00000000 		.word	.LANCHOR1
  88              		.cfi_endproc
  89              	.LFE69:
  91              		.global	defaultTask_attributes
  92              		.section	.rodata.str1.4,"aMS",%progbits,1
  93              		.align	2
  94              	.LC0:
  95 0000 64656661 		.ascii	"defaultTask\000"
  95      756C7454 
  95      61736B00 
  96              		.global	defaultTaskControlBlock
  97              		.global	defaultTaskBuffer
  98              		.global	defaultTaskHandle
ARM GAS  /tmp/ccUvWk1S.s 			page 5


  99              		.section	.bss.defaultTaskBuffer,"aw",%nobits
 100              		.align	2
 103              	defaultTaskBuffer:
 104 0000 00000000 		.space	2400
 104      00000000 
 104      00000000 
 104      00000000 
 104      00000000 
 105              		.section	.bss.defaultTaskControlBlock,"aw",%nobits
 106              		.align	2
 109              	defaultTaskControlBlock:
 110 0000 00000000 		.space	92
 110      00000000 
 110      00000000 
 110      00000000 
 110      00000000 
 111              		.section	.bss.defaultTaskHandle,"aw",%nobits
 112              		.align	2
 113              		.set	.LANCHOR1,. + 0
 116              	defaultTaskHandle:
 117 0000 00000000 		.space	4
 118              		.section	.rodata.defaultTask_attributes,"a"
 119              		.align	2
 120              		.set	.LANCHOR0,. + 0
 123              	defaultTask_attributes:
 124 0000 00000000 		.word	.LC0
 125 0004 00000000 		.space	4
 126 0008 00000000 		.word	defaultTaskControlBlock
 127 000c 5C000000 		.word	92
 128 0010 00000000 		.word	defaultTaskBuffer
 129 0014 60090000 		.word	2400
 130 0018 18000000 		.word	24
 131 001c 00000000 		.space	8
 131      00000000 
 132              		.text
 133              	.Letext0:
 134              		.file 2 "/usr/lib/gcc/arm-none-eabi/10.3.1/include/stdint.h"
 135              		.file 3 "Middlewares/Third_Party/FreeRTOS/Source/portable/GCC/ARM_CM3/portmacro.h"
 136              		.file 4 "Middlewares/Third_Party/FreeRTOS/Source/include/FreeRTOS.h"
 137              		.file 5 "Middlewares/Third_Party/FreeRTOS/Source/CMSIS_RTOS_V2/cmsis_os2.h"
ARM GAS  /tmp/ccUvWk1S.s 			page 6


DEFINED SYMBOLS
                            *ABS*:0000000000000000 freertos.c
     /tmp/ccUvWk1S.s:16     .text.StartDefaultTask:0000000000000000 $t
     /tmp/ccUvWk1S.s:24     .text.StartDefaultTask:0000000000000000 StartDefaultTask
     /tmp/ccUvWk1S.s:52     .text.MX_FREERTOS_Init:0000000000000000 $t
     /tmp/ccUvWk1S.s:59     .text.MX_FREERTOS_Init:0000000000000000 MX_FREERTOS_Init
     /tmp/ccUvWk1S.s:85     .text.MX_FREERTOS_Init:0000000000000014 $d
     /tmp/ccUvWk1S.s:123    .rodata.defaultTask_attributes:0000000000000000 defaultTask_attributes
     /tmp/ccUvWk1S.s:93     .rodata.str1.4:0000000000000000 $d
     /tmp/ccUvWk1S.s:109    .bss.defaultTaskControlBlock:0000000000000000 defaultTaskControlBlock
     /tmp/ccUvWk1S.s:103    .bss.defaultTaskBuffer:0000000000000000 defaultTaskBuffer
     /tmp/ccUvWk1S.s:116    .bss.defaultTaskHandle:0000000000000000 defaultTaskHandle
     /tmp/ccUvWk1S.s:100    .bss.defaultTaskBuffer:0000000000000000 $d
     /tmp/ccUvWk1S.s:106    .bss.defaultTaskControlBlock:0000000000000000 $d
     /tmp/ccUvWk1S.s:112    .bss.defaultTaskHandle:0000000000000000 $d
     /tmp/ccUvWk1S.s:119    .rodata.defaultTask_attributes:0000000000000000 $d

UNDEFINED SYMBOLS
osDelay
osThreadNew
